[2025-04-25 14:41:07,870] INFO: Connecting to database...[0m
[2025-04-25 14:41:07,885] INFO: Connected to database.[0m
[2025-04-25 14:41:07,885] INFO: Dry run enabled.[0m
[2025-04-25 14:41:07,889] INFO: Scheduler initialized.[0m
[2025-04-25 14:41:07,889] INFO: Processing date: 2023-01-03[0m
[2025-04-25 14:41:07,889] INFO: Available timezones: ['Etc/UTC', 'Europe/Madrid', 'Europe/Lisbon'][0m
[33m[2025-04-25 14:41:07,894] WARNING: No records found for station no_data on date 2023-01-03[0m
[33m[2025-04-25 14:41:07,895] WARNING: No records found for station has_data on date 2023-01-03[0m
[33m[2025-04-25 14:41:07,896] WARNING: No records found for station AA_Ecowitt on date 2023-01-03[0m
[33m[2025-04-25 14:41:07,897] WARNING: No records found for station Coín Coto la Corcha on date 2023-01-03[0m
[33m[2025-04-25 14:41:07,897] WARNING: No records found for station Espinosa de la Ribera on date 2023-01-03[0m
[33m[2025-04-25 14:41:07,898] WARNING: No records found for station Collada de Aralla on date 2023-01-03[0m
[33m[2025-04-25 14:41:07,899] WARNING: No records found for station Sotobañado y Priorato on date 2023-01-03[0m
[33m[2025-04-25 14:41:07,900] WARNING: No records found for station Tavernes Valldigna - Sequers on date 2023-01-03[0m
[33m[2025-04-25 14:41:07,900] WARNING: No records found for station Cerezales del Condado on date 2023-01-03[0m
[33m[2025-04-25 14:41:07,901] WARNING: No records found for station Calzadilla de los Barros on date 2023-01-03[0m
[33m[2025-04-25 14:41:07,902] WARNING: No records found for station Villena-La Encina on date 2023-01-03[0m
[33m[2025-04-25 14:41:07,902] WARNING: No records found for station Villena- Cº S Juan on date 2023-01-03[0m
[33m[2025-04-25 14:41:07,903] WARNING: No records found for station Santa Eulalia del Río Negro on date 2023-01-03[0m
[33m[2025-04-25 14:41:07,904] WARNING: No records found for station Villanueva Valrojo on date 2023-01-03[0m
[33m[2025-04-25 14:41:07,904] WARNING: No records found for station Culla D'Arcu on date 2023-01-03[0m
[33m[2025-04-25 14:41:07,905] WARNING: No records found for station Pénjamo - Langreo on date 2023-01-03[0m
[33m[2025-04-25 14:41:07,906] WARNING: No records found for station Piscifactoría Mundova on date 2023-01-03[0m
[33m[2025-04-25 14:41:07,907] WARNING: No records found for station Marabio-Teverga on date 2023-01-03[0m
[33m[2025-04-25 14:41:07,907] WARNING: No records found for station La Copa-Paraje la Monja on date 2023-01-03[0m
[33m[2025-04-25 14:41:07,908] WARNING: No records found for station Macizo de Líbar on date 2023-01-03[0m
[33m[2025-04-25 14:41:07,909] WARNING: No records found for station Caldevilla (Piloña) on date 2023-01-03[0m
[33m[2025-04-25 14:41:07,909] WARNING: No records found for station Cobijón on date 2023-01-03[0m
[33m[2025-04-25 14:41:07,910] WARNING: No records found for station Donostia Amara B. on date 2023-01-03[0m
[33m[2025-04-25 14:41:07,911] WARNING: No records found for station Villaceid on date 2023-01-03[0m
[33m[2025-04-25 14:41:07,912] WARNING: No records found for station Otero de Bodas on date 2023-01-03[0m
[33m[2025-04-25 14:41:07,913] WARNING: No records found for station Senra on date 2023-01-03[0m
[33m[2025-04-25 14:41:07,914] WARNING: No records found for station Villardeciervos  on date 2023-01-03[0m
[33m[2025-04-25 14:41:07,914] WARNING: No records found for station AA_Meteoclimatic (El Entrego) on date 2023-01-03[0m
[33m[2025-04-25 14:41:07,915] WARNING: No records found for station Molinaferrera on date 2023-01-03[0m
[33m[2025-04-25 14:41:07,916] WARNING: No records found for station M. de las Ánimas on date 2023-01-03[0m
[33m[2025-04-25 14:41:07,916] WARNING: No records found for station R. de Beniscornia on date 2023-01-03[0m
[33m[2025-04-25 14:41:07,917] WARNING: No records found for station Villamanín on date 2023-01-03[0m
[33m[2025-04-25 14:41:07,918] WARNING: No records found for station Sta. Mª Trassierra on date 2023-01-03[0m
[33m[2025-04-25 14:41:07,918] WARNING: No records found for station La Matea on date 2023-01-03[0m
[33m[2025-04-25 14:41:07,919] WARNING: No records found for station Cumbre de Pontones on date 2023-01-03[0m
[33m[2025-04-25 14:41:07,920] WARNING: No records found for station Cubillas de Arbas on date 2023-01-03[0m
[33m[2025-04-25 14:41:07,920] WARNING: No records found for station Prado Veneiro-Babia on date 2023-01-03[0m
[33m[2025-04-25 14:41:07,921] WARNING: No records found for station Riopar on date 2023-01-03[0m
[33m[2025-04-25 14:41:07,922] WARNING: No records found for station Cabreros del Río on date 2023-01-03[0m
[33m[2025-04-25 14:41:07,923] WARNING: No records found for station Olea de Boedo on date 2023-01-03[0m
[33m[2025-04-25 14:41:07,923] WARNING: No records found for station Garòs-Naut Aran on date 2023-01-03[0m
[33m[2025-04-25 14:41:07,924] WARNING: No records found for station Nava de Arriba on date 2023-01-03[0m
[33m[2025-04-25 14:41:07,925] WARNING: No records found for station Puerto Alto on date 2023-01-03[0m
[33m[2025-04-25 14:41:07,925] WARNING: No records found for station IES Juan Enzina on date 2023-01-03[0m
[33m[2025-04-25 14:41:07,926] WARNING: No records found for station Caborana on date 2023-01-03[0m
[33m[2025-04-25 14:41:07,927] WARNING: No records found for station Estación de Cabra on date 2023-01-03[0m
[33m[2025-04-25 14:41:07,927] WARNING: No records found for station Radio León on date 2023-01-03[0m
[33m[2025-04-25 14:41:07,928] WARNING: No records found for station Blimea - La Venta on date 2023-01-03[0m
[33m[2025-04-25 14:41:07,929] WARNING: No records found for station Cortijo de Tortas on date 2023-01-03[0m
[33m[2025-04-25 14:41:07,930] WARNING: No records found for station La Balsa Alta on date 2023-01-03[0m
[33m[2025-04-25 14:41:07,930] WARNING: No records found for station Xinzo de Limia on date 2023-01-03[0m
[33m[2025-04-25 14:41:07,931] WARNING: No records found for station AA_Wunderground (San Emiliano (Allande)) on date 2023-01-03[0m
[33m[2025-04-25 14:41:07,932] WARNING: No records found for station Fuentes de Ropel on date 2023-01-03[0m
[33m[2025-04-25 14:41:07,932] WARNING: No records found for station Batán del Puerto on date 2023-01-03[0m
[33m[2025-04-25 14:41:07,933] WARNING: No records found for station Mollet del Vallès Besós on date 2023-01-03[0m
[33m[2025-04-25 14:41:07,934] WARNING: No records found for station Fuente la Sabina on date 2023-01-03[0m
[33m[2025-04-25 14:41:07,934] WARNING: No records found for station Córdoba on date 2023-01-03[0m
[33m[2025-04-25 14:41:07,935] WARNING: No records found for station Vega de Orce on date 2023-01-03[0m
[33m[2025-04-25 14:41:07,936] WARNING: No records found for station Orce on date 2023-01-03[0m
[33m[2025-04-25 14:41:07,937] WARNING: No records found for station Puebla D Fadrique on date 2023-01-03[0m
[33m[2025-04-25 14:41:07,937] WARNING: No records found for station Villazala on date 2023-01-03[0m
[33m[2025-04-25 14:41:07,938] WARNING: No records found for station Arenillas S Pelayo on date 2023-01-03[0m
[33m[2025-04-25 14:41:07,939] WARNING: No records found for station Córdoba Poniente on date 2023-01-03[0m
[33m[2025-04-25 14:41:07,939] WARNING: No records found for station Ferreras de Arriba on date 2023-01-03[0m
[33m[2025-04-25 14:41:07,940] WARNING: No records found for station El Sahúco on date 2023-01-03[0m
[33m[2025-04-25 14:41:07,941] WARNING: No records found for station Marratxí on date 2023-01-03[0m
[33m[2025-04-25 14:41:07,941] WARNING: No records found for station Oviedo La Florida on date 2023-01-03[0m
[33m[2025-04-25 14:41:07,942] WARNING: No records found for station Molleda,Corvera de Asturias on date 2023-01-03[0m
[33m[2025-04-25 14:41:07,943] WARNING: No records found for station Cofiñal on date 2023-01-03[0m
[33m[2025-04-25 14:41:07,943] WARNING: No records found for station Gillón, Cangas del Narcea on date 2023-01-03[0m
[33m[2025-04-25 14:41:07,944] WARNING: No records found for station Pico La Llambria on date 2023-01-03[0m
[33m[2025-04-25 14:41:07,945] WARNING: No records found for station Villaestrigo Páramo on date 2023-01-03[0m
[33m[2025-04-25 14:41:07,946] WARNING: No records found for station San Andrés del R. on date 2023-01-03[0m
[33m[2025-04-25 14:41:07,947] WARNING: No records found for station Degaña on date 2023-01-03[0m
[33m[2025-04-25 14:41:07,948] WARNING: No records found for station Robledo de Babia on date 2023-01-03[0m
[33m[2025-04-25 14:41:07,949] WARNING: No records found for station Vega de Baxo-Gijón on date 2023-01-03[0m
[33m[2025-04-25 14:41:07,949] WARNING: No records found for station Istán on date 2023-01-03[0m
[33m[2025-04-25 14:41:07,950] WARNING: No records found for station Lorenzana on date 2023-01-03[0m
[33m[2025-04-25 14:41:07,951] WARNING: No records found for station Sª Oreganal (UGR) on date 2023-01-03[0m
[33m[2025-04-25 14:41:07,952] WARNING: No records found for station Riofrío-La Devesa on date 2023-01-03[0m
[33m[2025-04-25 14:41:07,953] WARNING: No records found for station Abelleira on date 2023-01-03[0m
[33m[2025-04-25 14:41:07,953] WARNING: No records found for station Alozaina on date 2023-01-03[0m
[33m[2025-04-25 14:41:07,954] WARNING: No records found for station Casa Campillero on date 2023-01-03[0m
[33m[2025-04-25 14:41:07,955] WARNING: No records found for station Requejo de la Vega on date 2023-01-03[0m
[33m[2025-04-25 14:41:07,956] WARNING: No records found for station Villanófar on date 2023-01-03[0m
[33m[2025-04-25 14:41:07,957] WARNING: No records found for station Montaos on date 2023-01-03[0m
[33m[2025-04-25 14:41:07,958] WARNING: No records found for station Tolox - Cta. Gallo on date 2023-01-03[0m
[33m[2025-04-25 14:41:07,959] WARNING: No records found for station Rágama on date 2023-01-03[0m
[33m[2025-04-25 14:41:07,959] WARNING: No records found for station Serranillos on date 2023-01-03[0m
[33m[2025-04-25 14:41:07,960] WARNING: No records found for station Sª Palmitera (UGR) on date 2023-01-03[0m
[33m[2025-04-25 14:41:07,961] WARNING: No records found for station La Nava (SªNieves) on date 2023-01-03[0m
[33m[2025-04-25 14:41:07,962] WARNING: No records found for station Coin-San Roman on date 2023-01-03[0m
[33m[2025-04-25 14:41:07,963] WARNING: No records found for station Chert/Xert on date 2023-01-03[0m
[33m[2025-04-25 14:41:07,964] WARNING: No records found for station Navacillo (UGR) on date 2023-01-03[0m
[33m[2025-04-25 14:41:07,964] WARNING: No records found for station Quiruelas Vidriales on date 2023-01-03[0m
[33m[2025-04-25 14:41:07,965] WARNING: No records found for station Coin on date 2023-01-03[0m
[33m[2025-04-25 14:41:07,966] WARNING: No records found for station Ronda on date 2023-01-03[0m
[33m[2025-04-25 14:41:07,967] WARNING: No records found for station Astorga on date 2023-01-03[0m
[33m[2025-04-25 14:41:07,968] WARNING: No records found for station Laguna Marquesado on date 2023-01-03[0m
[33m[2025-04-25 14:41:07,968] WARNING: No records found for station Las Lagunas-Mijas Costa on date 2023-01-03[0m
[33m[2025-04-25 14:41:07,969] WARNING: No records found for station Trobajo del Camino on date 2023-01-03[0m
[33m[2025-04-25 14:41:07,970] WARNING: No records found for station Fuente Sta Cruz on date 2023-01-03[0m
[33m[2025-04-25 14:41:07,971] WARNING: No records found for station Vega de Liordes on date 2023-01-03[0m
[33m[2025-04-25 14:41:07,972] WARNING: No records found for station Logroño Centro on date 2023-01-03[0m
[33m[2025-04-25 14:41:07,972] WARNING: No records found for station Donostia - Ibaeta on date 2023-01-03[0m
[33m[2025-04-25 14:41:07,973] WARNING: No records found for station Isoba on date 2023-01-03[0m
[33m[2025-04-25 14:41:07,974] WARNING: No records found for station Arboreto Valonsadero-Soria on date 2023-01-03[0m
[33m[2025-04-25 14:41:07,975] WARNING: No records found for station Logroño Sur on date 2023-01-03[0m
[33m[2025-04-25 14:41:07,976] WARNING: No records found for station La Peral-Somiedo on date 2023-01-03[0m
[33m[2025-04-25 14:41:07,976] WARNING: No records found for station Sopeña de Curueño on date 2023-01-03[0m
[33m[2025-04-25 14:41:07,977] WARNING: No records found for station Llanes on date 2023-01-03[0m
[33m[2025-04-25 14:41:07,978] WARNING: No records found for station Justel on date 2023-01-03[0m
[33m[2025-04-25 14:41:07,979] WARNING: No records found for station Camarzana de Tera on date 2023-01-03[0m
[33m[2025-04-25 14:41:07,981] WARNING: No records found for station Campamento S Juan on date 2023-01-03[0m
[33m[2025-04-25 14:41:07,981] WARNING: No records found for station Zafrilla on date 2023-01-03[0m
[33m[2025-04-25 14:41:07,982] WARNING: No records found for station Lugueros on date 2023-01-03[0m
[33m[2025-04-25 14:41:07,983] WARNING: No records found for station Burón on date 2023-01-03[0m
[33m[2025-04-25 14:41:07,984] WARNING: No records found for station Veguellina on date 2023-01-03[0m
[33m[2025-04-25 14:41:07,985] WARNING: No records found for station Villaquilambre on date 2023-01-03[0m
[33m[2025-04-25 14:41:07,986] WARNING: No records found for station Islantilla Playa on date 2023-01-03[0m
[33m[2025-04-25 14:41:07,986] WARNING: No records found for station Hoya Mollidar on date 2023-01-03[0m
[33m[2025-04-25 14:41:07,987] WARNING: No records found for station La Veredilla-Aldea on date 2023-01-03[0m
[33m[2025-04-25 14:41:07,987] WARNING: No records found for station Otero las Dueñas on date 2023-01-03[0m
[33m[2025-04-25 14:41:07,988] WARNING: No records found for station Cañá Hermosa on date 2023-01-03[0m
[33m[2025-04-25 14:41:07,988] WARNING: No records found for station Callejo de Ordás on date 2023-01-03[0m
[33m[2025-04-25 14:41:07,989] WARNING: No records found for station La Foz - Casu on date 2023-01-03[0m
[33m[2025-04-25 14:41:07,989] WARNING: No records found for station Pozo Romero on date 2023-01-03[0m
[33m[2025-04-25 14:41:07,990] WARNING: No records found for station Sevilla-S Bernardo on date 2023-01-03[0m
[33m[2025-04-25 14:41:07,990] WARNING: No records found for station Oteros de Boedo on date 2023-01-03[0m
[33m[2025-04-25 14:41:07,991] WARNING: No records found for station Villarrodrigo  Regueras on date 2023-01-03[0m
[33m[2025-04-25 14:41:07,991] WARNING: No records found for station Foncebadón on date 2023-01-03[0m
[33m[2025-04-25 14:41:07,991] WARNING: No records found for station Caldevilla Valdeón on date 2023-01-03[0m
[33m[2025-04-25 14:41:07,992] WARNING: No records found for station San Juan de Torres on date 2023-01-03[0m
[33m[2025-04-25 14:41:07,992] WARNING: No records found for station Sojuela on date 2023-01-03[0m
[33m[2025-04-25 14:41:07,992] WARNING: No records found for station Uztárroz/Uztarroze on date 2023-01-03[0m
[33m[2025-04-25 14:41:07,993] WARNING: No records found for station La Copa-Campo Fútbol on date 2023-01-03[0m
[33m[2025-04-25 14:41:07,993] WARNING: No records found for station Hospitalet-Bellvitge on date 2023-01-03[0m
[33m[2025-04-25 14:41:07,994] WARNING: No records found for station Carbajal de la Legua on date 2023-01-03[0m
[33m[2025-04-25 14:41:07,994] WARNING: No records found for station Casas de Alfaro-Rogativa on date 2023-01-03[0m
[33m[2025-04-25 14:41:07,994] WARNING: No records found for station Begíjar on date 2023-01-03[0m
[33m[2025-04-25 14:41:07,995] WARNING: No records found for station Casas de Don Juan on date 2023-01-03[0m
[33m[2025-04-25 14:41:07,995] WARNING: No records found for station Villayuste on date 2023-01-03[0m
[33m[2025-04-25 14:41:07,996] WARNING: No records found for station Pumalverde on date 2023-01-03[0m
[33m[2025-04-25 14:41:07,996] WARNING: No records found for station San Martín de Grazanes on date 2023-01-03[0m
[33m[2025-04-25 14:41:07,996] WARNING: No records found for station Fozara - Outeiro Fernando  on date 2023-01-03[0m
[33m[2025-04-25 14:41:07,998] WARNING: No records found for station La Bañeza2 on date 2023-01-03[0m
[33m[2025-04-25 14:41:07,998] WARNING: No records found for station El Oso on date 2023-01-03[0m
[33m[2025-04-25 14:41:07,999] WARNING: No records found for station Barrio O Sisto - Dozón on date 2023-01-03[0m
[33m[2025-04-25 14:41:07,999] WARNING: No records found for station Oviedo - Fozaneldi on date 2023-01-03[0m
[33m[2025-04-25 14:41:08,000] WARNING: No records found for station Cascajeras (UGR) on date 2023-01-03[0m
[33m[2025-04-25 14:41:08,000] WARNING: No records found for station AA_WeatherlinkV1 (Gusendos Oteros) on date 2023-01-03[0m
[33m[2025-04-25 14:41:08,000] WARNING: No records found for station Filiel on date 2023-01-03[0m
[33m[2025-04-25 14:41:08,000] WARNING: No records found for station Rute Pampanas on date 2023-01-03[0m
[2025-04-25 14:41:08,000] INFO: Starting processing. Run ID: c4ad098b-af20-4d0a-9612-34c535a2968a[0m
[2025-04-25 14:41:08,000] INFO: Processor done.[0m
[2025-04-25 14:41:08,001] INFO: Database connections closed.[0m
