[2025-04-25 14:41:35,196] INFO: Connecting to database...[0m
[2025-04-25 14:41:35,211] INFO: Connected to database.[0m
[2025-04-25 14:41:35,212] INFO: Dry run enabled.[0m
[2025-04-25 14:41:35,215] INFO: Scheduler initialized.[0m
[2025-04-25 14:41:35,215] INFO: Processing date: 2023-01-28[0m
[2025-04-25 14:41:35,216] INFO: Available timezones: ['Etc/UTC', 'Europe/Madrid', 'Europe/Lisbon'][0m
[33m[2025-04-25 14:41:35,219] WARNING: No records found for station no_data on date 2023-01-28[0m
[33m[2025-04-25 14:41:35,220] WARNING: No records found for station has_data on date 2023-01-28[0m
[33m[2025-04-25 14:41:35,221] WARNING: No records found for station AA_Ecowitt on date 2023-01-28[0m
[33m[2025-04-25 14:41:35,222] WARNING: No records found for station Coín Coto la Corcha on date 2023-01-28[0m
[33m[2025-04-25 14:41:35,223] WARNING: No records found for station Espinosa de la Ribera on date 2023-01-28[0m
[33m[2025-04-25 14:41:35,224] WARNING: No records found for station Collada de Aralla on date 2023-01-28[0m
[33m[2025-04-25 14:41:35,225] WARNING: No records found for station Sotobañado y Priorato on date 2023-01-28[0m
[33m[2025-04-25 14:41:35,226] WARNING: No records found for station Tavernes Valldigna - Sequers on date 2023-01-28[0m
[33m[2025-04-25 14:41:35,226] WARNING: No records found for station Cerezales del Condado on date 2023-01-28[0m
[33m[2025-04-25 14:41:35,227] WARNING: No records found for station Calzadilla de los Barros on date 2023-01-28[0m
[33m[2025-04-25 14:41:35,228] WARNING: No records found for station Villena-La Encina on date 2023-01-28[0m
[33m[2025-04-25 14:41:35,229] WARNING: No records found for station Villena- Cº S Juan on date 2023-01-28[0m
[33m[2025-04-25 14:41:35,229] WARNING: No records found for station Santa Eulalia del Río Negro on date 2023-01-28[0m
[33m[2025-04-25 14:41:35,230] WARNING: No records found for station Villanueva Valrojo on date 2023-01-28[0m
[33m[2025-04-25 14:41:35,231] WARNING: No records found for station Culla D'Arcu on date 2023-01-28[0m
[33m[2025-04-25 14:41:35,231] WARNING: No records found for station Pénjamo - Langreo on date 2023-01-28[0m
[33m[2025-04-25 14:41:35,232] WARNING: No records found for station Piscifactoría Mundova on date 2023-01-28[0m
[33m[2025-04-25 14:41:35,233] WARNING: No records found for station Marabio-Teverga on date 2023-01-28[0m
[33m[2025-04-25 14:41:35,234] WARNING: No records found for station La Copa-Paraje la Monja on date 2023-01-28[0m
[33m[2025-04-25 14:41:35,234] WARNING: No records found for station Macizo de Líbar on date 2023-01-28[0m
[33m[2025-04-25 14:41:35,235] WARNING: No records found for station Caldevilla (Piloña) on date 2023-01-28[0m
[33m[2025-04-25 14:41:35,236] WARNING: No records found for station Cobijón on date 2023-01-28[0m
[33m[2025-04-25 14:41:35,236] WARNING: No records found for station Donostia Amara B. on date 2023-01-28[0m
[33m[2025-04-25 14:41:35,237] WARNING: No records found for station Villaceid on date 2023-01-28[0m
[33m[2025-04-25 14:41:35,238] WARNING: No records found for station Otero de Bodas on date 2023-01-28[0m
[33m[2025-04-25 14:41:35,239] WARNING: No records found for station Senra on date 2023-01-28[0m
[33m[2025-04-25 14:41:35,239] WARNING: No records found for station Villardeciervos  on date 2023-01-28[0m
[33m[2025-04-25 14:41:35,240] WARNING: No records found for station AA_Meteoclimatic (El Entrego) on date 2023-01-28[0m
[33m[2025-04-25 14:41:35,241] WARNING: No records found for station Molinaferrera on date 2023-01-28[0m
[33m[2025-04-25 14:41:35,241] WARNING: No records found for station M. de las Ánimas on date 2023-01-28[0m
[33m[2025-04-25 14:41:35,242] WARNING: No records found for station R. de Beniscornia on date 2023-01-28[0m
[33m[2025-04-25 14:41:35,243] WARNING: No records found for station Villamanín on date 2023-01-28[0m
[33m[2025-04-25 14:41:35,243] WARNING: No records found for station Sta. Mª Trassierra on date 2023-01-28[0m
[33m[2025-04-25 14:41:35,244] WARNING: No records found for station La Matea on date 2023-01-28[0m
[33m[2025-04-25 14:41:35,245] WARNING: No records found for station Cumbre de Pontones on date 2023-01-28[0m
[33m[2025-04-25 14:41:35,246] WARNING: No records found for station Cubillas de Arbas on date 2023-01-28[0m
[33m[2025-04-25 14:41:35,246] WARNING: No records found for station Prado Veneiro-Babia on date 2023-01-28[0m
[33m[2025-04-25 14:41:35,247] WARNING: No records found for station Riopar on date 2023-01-28[0m
[33m[2025-04-25 14:41:35,248] WARNING: No records found for station Cabreros del Río on date 2023-01-28[0m
[33m[2025-04-25 14:41:35,248] WARNING: No records found for station Olea de Boedo on date 2023-01-28[0m
[33m[2025-04-25 14:41:35,249] WARNING: No records found for station Garòs-Naut Aran on date 2023-01-28[0m
[33m[2025-04-25 14:41:35,250] WARNING: No records found for station Nava de Arriba on date 2023-01-28[0m
[33m[2025-04-25 14:41:35,251] WARNING: No records found for station Puerto Alto on date 2023-01-28[0m
[33m[2025-04-25 14:41:35,251] WARNING: No records found for station IES Juan Enzina on date 2023-01-28[0m
[33m[2025-04-25 14:41:35,252] WARNING: No records found for station Caborana on date 2023-01-28[0m
[33m[2025-04-25 14:41:35,253] WARNING: No records found for station Estación de Cabra on date 2023-01-28[0m
[33m[2025-04-25 14:41:35,253] WARNING: No records found for station Radio León on date 2023-01-28[0m
[33m[2025-04-25 14:41:35,254] WARNING: No records found for station Blimea - La Venta on date 2023-01-28[0m
[33m[2025-04-25 14:41:35,255] WARNING: No records found for station Cortijo de Tortas on date 2023-01-28[0m
[33m[2025-04-25 14:41:35,256] WARNING: No records found for station La Balsa Alta on date 2023-01-28[0m
[33m[2025-04-25 14:41:35,256] WARNING: No records found for station Xinzo de Limia on date 2023-01-28[0m
[33m[2025-04-25 14:41:35,257] WARNING: No records found for station AA_Wunderground (San Emiliano (Allande)) on date 2023-01-28[0m
[33m[2025-04-25 14:41:35,258] WARNING: No records found for station Fuentes de Ropel on date 2023-01-28[0m
[33m[2025-04-25 14:41:35,258] WARNING: No records found for station Batán del Puerto on date 2023-01-28[0m
[33m[2025-04-25 14:41:35,259] WARNING: No records found for station Mollet del Vallès Besós on date 2023-01-28[0m
[33m[2025-04-25 14:41:35,260] WARNING: No records found for station Fuente la Sabina on date 2023-01-28[0m
[33m[2025-04-25 14:41:35,260] WARNING: No records found for station Córdoba on date 2023-01-28[0m
[33m[2025-04-25 14:41:35,261] WARNING: No records found for station Vega de Orce on date 2023-01-28[0m
[33m[2025-04-25 14:41:35,262] WARNING: No records found for station Orce on date 2023-01-28[0m
[33m[2025-04-25 14:41:35,263] WARNING: No records found for station Puebla D Fadrique on date 2023-01-28[0m
[33m[2025-04-25 14:41:35,263] WARNING: No records found for station Villazala on date 2023-01-28[0m
[33m[2025-04-25 14:41:35,264] WARNING: No records found for station Arenillas S Pelayo on date 2023-01-28[0m
[33m[2025-04-25 14:41:35,265] WARNING: No records found for station Córdoba Poniente on date 2023-01-28[0m
[33m[2025-04-25 14:41:35,265] WARNING: No records found for station Ferreras de Arriba on date 2023-01-28[0m
[33m[2025-04-25 14:41:35,266] WARNING: No records found for station El Sahúco on date 2023-01-28[0m
[33m[2025-04-25 14:41:35,267] WARNING: No records found for station Marratxí on date 2023-01-28[0m
[33m[2025-04-25 14:41:35,267] WARNING: No records found for station Oviedo La Florida on date 2023-01-28[0m
[33m[2025-04-25 14:41:35,268] WARNING: No records found for station Molleda,Corvera de Asturias on date 2023-01-28[0m
[33m[2025-04-25 14:41:35,269] WARNING: No records found for station Cofiñal on date 2023-01-28[0m
[33m[2025-04-25 14:41:35,270] WARNING: No records found for station Gillón, Cangas del Narcea on date 2023-01-28[0m
[33m[2025-04-25 14:41:35,270] WARNING: No records found for station Pico La Llambria on date 2023-01-28[0m
[33m[2025-04-25 14:41:35,271] WARNING: No records found for station Villaestrigo Páramo on date 2023-01-28[0m
[33m[2025-04-25 14:41:35,272] WARNING: No records found for station San Andrés del R. on date 2023-01-28[0m
[33m[2025-04-25 14:41:35,273] WARNING: No records found for station Degaña on date 2023-01-28[0m
[33m[2025-04-25 14:41:35,274] WARNING: No records found for station Robledo de Babia on date 2023-01-28[0m
[33m[2025-04-25 14:41:35,275] WARNING: No records found for station Vega de Baxo-Gijón on date 2023-01-28[0m
[33m[2025-04-25 14:41:35,276] WARNING: No records found for station Istán on date 2023-01-28[0m
[33m[2025-04-25 14:41:35,277] WARNING: No records found for station Lorenzana on date 2023-01-28[0m
[33m[2025-04-25 14:41:35,278] WARNING: No records found for station Sª Oreganal (UGR) on date 2023-01-28[0m
[33m[2025-04-25 14:41:35,279] WARNING: No records found for station Riofrío-La Devesa on date 2023-01-28[0m
[33m[2025-04-25 14:41:35,280] WARNING: No records found for station Abelleira on date 2023-01-28[0m
[33m[2025-04-25 14:41:35,281] WARNING: No records found for station Alozaina on date 2023-01-28[0m
[33m[2025-04-25 14:41:35,281] WARNING: No records found for station Casa Campillero on date 2023-01-28[0m
[33m[2025-04-25 14:41:35,282] WARNING: No records found for station Requejo de la Vega on date 2023-01-28[0m
[33m[2025-04-25 14:41:35,283] WARNING: No records found for station Villanófar on date 2023-01-28[0m
[33m[2025-04-25 14:41:35,284] WARNING: No records found for station Montaos on date 2023-01-28[0m
[33m[2025-04-25 14:41:35,285] WARNING: No records found for station Tolox - Cta. Gallo on date 2023-01-28[0m
[33m[2025-04-25 14:41:35,286] WARNING: No records found for station Rágama on date 2023-01-28[0m
[33m[2025-04-25 14:41:35,287] WARNING: No records found for station Serranillos on date 2023-01-28[0m
[33m[2025-04-25 14:41:35,288] WARNING: No records found for station Sª Palmitera (UGR) on date 2023-01-28[0m
[33m[2025-04-25 14:41:35,290] WARNING: No records found for station La Nava (SªNieves) on date 2023-01-28[0m
[33m[2025-04-25 14:41:35,291] WARNING: No records found for station Coin-San Roman on date 2023-01-28[0m
[33m[2025-04-25 14:41:35,293] WARNING: No records found for station Chert/Xert on date 2023-01-28[0m
[33m[2025-04-25 14:41:35,294] WARNING: No records found for station Navacillo (UGR) on date 2023-01-28[0m
[33m[2025-04-25 14:41:35,296] WARNING: No records found for station Quiruelas Vidriales on date 2023-01-28[0m
[33m[2025-04-25 14:41:35,297] WARNING: No records found for station Coin on date 2023-01-28[0m
[33m[2025-04-25 14:41:35,298] WARNING: No records found for station Ronda on date 2023-01-28[0m
[33m[2025-04-25 14:41:35,300] WARNING: No records found for station Astorga on date 2023-01-28[0m
[33m[2025-04-25 14:41:35,301] WARNING: No records found for station Laguna Marquesado on date 2023-01-28[0m
[33m[2025-04-25 14:41:35,303] WARNING: No records found for station Las Lagunas-Mijas Costa on date 2023-01-28[0m
[33m[2025-04-25 14:41:35,304] WARNING: No records found for station Trobajo del Camino on date 2023-01-28[0m
[33m[2025-04-25 14:41:35,305] WARNING: No records found for station Fuente Sta Cruz on date 2023-01-28[0m
[33m[2025-04-25 14:41:35,307] WARNING: No records found for station Vega de Liordes on date 2023-01-28[0m
[33m[2025-04-25 14:41:35,309] WARNING: No records found for station Logroño Centro on date 2023-01-28[0m
[33m[2025-04-25 14:41:35,311] WARNING: No records found for station Donostia - Ibaeta on date 2023-01-28[0m
[33m[2025-04-25 14:41:35,312] WARNING: No records found for station Isoba on date 2023-01-28[0m
[33m[2025-04-25 14:41:35,314] WARNING: No records found for station Arboreto Valonsadero-Soria on date 2023-01-28[0m
[33m[2025-04-25 14:41:35,315] WARNING: No records found for station Logroño Sur on date 2023-01-28[0m
[33m[2025-04-25 14:41:35,316] WARNING: No records found for station La Peral-Somiedo on date 2023-01-28[0m
[33m[2025-04-25 14:41:35,317] WARNING: No records found for station Sopeña de Curueño on date 2023-01-28[0m
[33m[2025-04-25 14:41:35,319] WARNING: No records found for station Llanes on date 2023-01-28[0m
[33m[2025-04-25 14:41:35,320] WARNING: No records found for station Justel on date 2023-01-28[0m
[33m[2025-04-25 14:41:35,321] WARNING: No records found for station Camarzana de Tera on date 2023-01-28[0m
[33m[2025-04-25 14:41:35,321] WARNING: No records found for station Campamento S Juan on date 2023-01-28[0m
[33m[2025-04-25 14:41:35,322] WARNING: No records found for station Zafrilla on date 2023-01-28[0m
[33m[2025-04-25 14:41:35,323] WARNING: No records found for station Lugueros on date 2023-01-28[0m
[33m[2025-04-25 14:41:35,324] WARNING: No records found for station Burón on date 2023-01-28[0m
[33m[2025-04-25 14:41:35,325] WARNING: No records found for station Veguellina on date 2023-01-28[0m
[33m[2025-04-25 14:41:35,326] WARNING: No records found for station Villaquilambre on date 2023-01-28[0m
[33m[2025-04-25 14:41:35,326] WARNING: No records found for station Islantilla Playa on date 2023-01-28[0m
[33m[2025-04-25 14:41:35,327] WARNING: No records found for station Hoya Mollidar on date 2023-01-28[0m
[33m[2025-04-25 14:41:35,328] WARNING: No records found for station La Veredilla-Aldea on date 2023-01-28[0m
[33m[2025-04-25 14:41:35,329] WARNING: No records found for station Otero las Dueñas on date 2023-01-28[0m
[33m[2025-04-25 14:41:35,330] WARNING: No records found for station Cañá Hermosa on date 2023-01-28[0m
[33m[2025-04-25 14:41:35,330] WARNING: No records found for station Callejo de Ordás on date 2023-01-28[0m
[33m[2025-04-25 14:41:35,331] WARNING: No records found for station La Foz - Casu on date 2023-01-28[0m
[33m[2025-04-25 14:41:35,332] WARNING: No records found for station Pozo Romero on date 2023-01-28[0m
[33m[2025-04-25 14:41:35,333] WARNING: No records found for station Sevilla-S Bernardo on date 2023-01-28[0m
[33m[2025-04-25 14:41:35,334] WARNING: No records found for station Oteros de Boedo on date 2023-01-28[0m
[33m[2025-04-25 14:41:35,335] WARNING: No records found for station Villarrodrigo  Regueras on date 2023-01-28[0m
[33m[2025-04-25 14:41:35,335] WARNING: No records found for station Foncebadón on date 2023-01-28[0m
[33m[2025-04-25 14:41:35,336] WARNING: No records found for station Caldevilla Valdeón on date 2023-01-28[0m
[33m[2025-04-25 14:41:35,337] WARNING: No records found for station San Juan de Torres on date 2023-01-28[0m
[33m[2025-04-25 14:41:35,338] WARNING: No records found for station Sojuela on date 2023-01-28[0m
[33m[2025-04-25 14:41:35,339] WARNING: No records found for station Uztárroz/Uztarroze on date 2023-01-28[0m
[33m[2025-04-25 14:41:35,340] WARNING: No records found for station La Copa-Campo Fútbol on date 2023-01-28[0m
[33m[2025-04-25 14:41:35,340] WARNING: No records found for station Hospitalet-Bellvitge on date 2023-01-28[0m
[33m[2025-04-25 14:41:35,341] WARNING: No records found for station Carbajal de la Legua on date 2023-01-28[0m
[33m[2025-04-25 14:41:35,342] WARNING: No records found for station Casas de Alfaro-Rogativa on date 2023-01-28[0m
[33m[2025-04-25 14:41:35,343] WARNING: No records found for station Begíjar on date 2023-01-28[0m
[33m[2025-04-25 14:41:35,344] WARNING: No records found for station Casas de Don Juan on date 2023-01-28[0m
[33m[2025-04-25 14:41:35,345] WARNING: No records found for station Villayuste on date 2023-01-28[0m
[33m[2025-04-25 14:41:35,345] WARNING: No records found for station Pumalverde on date 2023-01-28[0m
[33m[2025-04-25 14:41:35,346] WARNING: No records found for station San Martín de Grazanes on date 2023-01-28[0m
[33m[2025-04-25 14:41:35,347] WARNING: No records found for station Fozara - Outeiro Fernando  on date 2023-01-28[0m
[33m[2025-04-25 14:41:35,348] WARNING: No records found for station La Bañeza2 on date 2023-01-28[0m
[33m[2025-04-25 14:41:35,349] WARNING: No records found for station El Oso on date 2023-01-28[0m
[33m[2025-04-25 14:41:35,350] WARNING: No records found for station Barrio O Sisto - Dozón on date 2023-01-28[0m
[33m[2025-04-25 14:41:35,350] WARNING: No records found for station Oviedo - Fozaneldi on date 2023-01-28[0m
[33m[2025-04-25 14:41:35,351] WARNING: No records found for station Cascajeras (UGR) on date 2023-01-28[0m
[33m[2025-04-25 14:41:35,352] WARNING: No records found for station AA_WeatherlinkV1 (Gusendos Oteros) on date 2023-01-28[0m
[33m[2025-04-25 14:41:35,353] WARNING: No records found for station Filiel on date 2023-01-28[0m
[33m[2025-04-25 14:41:35,354] WARNING: No records found for station Rute Pampanas on date 2023-01-28[0m
[2025-04-25 14:41:35,354] INFO: Starting processing. Run ID: 0509953c-640c-49a8-9a7d-9e3750023ac8[0m
[2025-04-25 14:41:35,354] INFO: Processor done.[0m
[2025-04-25 14:41:35,354] INFO: Database connections closed.[0m
