[2025-04-25 14:42:03,778] INFO: Connecting to database...[0m
[2025-04-25 14:42:03,794] INFO: Connected to database.[0m
[2025-04-25 14:42:03,794] INFO: Dry run enabled.[0m
[2025-04-25 14:42:03,797] INFO: Scheduler initialized.[0m
[2025-04-25 14:42:03,797] INFO: Processing date: 2023-02-23[0m
[2025-04-25 14:42:03,798] INFO: Available timezones: ['Etc/UTC', 'Europe/Madrid', 'Europe/Lisbon'][0m
[33m[2025-04-25 14:42:03,802] WARNING: No records found for station no_data on date 2023-02-23[0m
[33m[2025-04-25 14:42:03,803] WARNING: No records found for station has_data on date 2023-02-23[0m
[33m[2025-04-25 14:42:03,803] WARNING: No records found for station AA_Ecowitt on date 2023-02-23[0m
[33m[2025-04-25 14:42:03,805] WARNING: No records found for station Coín Coto la Corcha on date 2023-02-23[0m
[33m[2025-04-25 14:42:03,806] WARNING: No records found for station Espinosa de la Ribera on date 2023-02-23[0m
[33m[2025-04-25 14:42:03,807] WARNING: No records found for station Collada de Aralla on date 2023-02-23[0m
[33m[2025-04-25 14:42:03,808] WARNING: No records found for station Sotobañado y Priorato on date 2023-02-23[0m
[33m[2025-04-25 14:42:03,808] WARNING: No records found for station Tavernes Valldigna - Sequers on date 2023-02-23[0m
[33m[2025-04-25 14:42:03,809] WARNING: No records found for station Cerezales del Condado on date 2023-02-23[0m
[33m[2025-04-25 14:42:03,810] WARNING: No records found for station Calzadilla de los Barros on date 2023-02-23[0m
[33m[2025-04-25 14:42:03,811] WARNING: No records found for station Villena-La Encina on date 2023-02-23[0m
[33m[2025-04-25 14:42:03,812] WARNING: No records found for station Villena- Cº S Juan on date 2023-02-23[0m
[33m[2025-04-25 14:42:03,813] WARNING: No records found for station Santa Eulalia del Río Negro on date 2023-02-23[0m
[33m[2025-04-25 14:42:03,814] WARNING: No records found for station Villanueva Valrojo on date 2023-02-23[0m
[33m[2025-04-25 14:42:03,815] WARNING: No records found for station Culla D'Arcu on date 2023-02-23[0m
[33m[2025-04-25 14:42:03,816] WARNING: No records found for station Pénjamo - Langreo on date 2023-02-23[0m
[33m[2025-04-25 14:42:03,817] WARNING: No records found for station Piscifactoría Mundova on date 2023-02-23[0m
[33m[2025-04-25 14:42:03,818] WARNING: No records found for station Marabio-Teverga on date 2023-02-23[0m
[33m[2025-04-25 14:42:03,820] WARNING: No records found for station La Copa-Paraje la Monja on date 2023-02-23[0m
[33m[2025-04-25 14:42:03,821] WARNING: No records found for station Macizo de Líbar on date 2023-02-23[0m
[33m[2025-04-25 14:42:03,822] WARNING: No records found for station Caldevilla (Piloña) on date 2023-02-23[0m
[33m[2025-04-25 14:42:03,824] WARNING: No records found for station Cobijón on date 2023-02-23[0m
[33m[2025-04-25 14:42:03,825] WARNING: No records found for station Donostia Amara B. on date 2023-02-23[0m
[33m[2025-04-25 14:42:03,826] WARNING: No records found for station Villaceid on date 2023-02-23[0m
[33m[2025-04-25 14:42:03,827] WARNING: No records found for station Otero de Bodas on date 2023-02-23[0m
[33m[2025-04-25 14:42:03,828] WARNING: No records found for station Senra on date 2023-02-23[0m
[33m[2025-04-25 14:42:03,829] WARNING: No records found for station Villardeciervos  on date 2023-02-23[0m
[33m[2025-04-25 14:42:03,830] WARNING: No records found for station AA_Meteoclimatic (El Entrego) on date 2023-02-23[0m
[33m[2025-04-25 14:42:03,831] WARNING: No records found for station Molinaferrera on date 2023-02-23[0m
[33m[2025-04-25 14:42:03,832] WARNING: No records found for station M. de las Ánimas on date 2023-02-23[0m
[33m[2025-04-25 14:42:03,832] WARNING: No records found for station R. de Beniscornia on date 2023-02-23[0m
[33m[2025-04-25 14:42:03,833] WARNING: No records found for station Villamanín on date 2023-02-23[0m
[33m[2025-04-25 14:42:03,834] WARNING: No records found for station Sta. Mª Trassierra on date 2023-02-23[0m
[33m[2025-04-25 14:42:03,835] WARNING: No records found for station La Matea on date 2023-02-23[0m
[33m[2025-04-25 14:42:03,836] WARNING: No records found for station Cumbre de Pontones on date 2023-02-23[0m
[33m[2025-04-25 14:42:03,836] WARNING: No records found for station Cubillas de Arbas on date 2023-02-23[0m
[33m[2025-04-25 14:42:03,837] WARNING: No records found for station Prado Veneiro-Babia on date 2023-02-23[0m
[33m[2025-04-25 14:42:03,838] WARNING: No records found for station Riopar on date 2023-02-23[0m
[33m[2025-04-25 14:42:03,839] WARNING: No records found for station Cabreros del Río on date 2023-02-23[0m
[33m[2025-04-25 14:42:03,840] WARNING: No records found for station Olea de Boedo on date 2023-02-23[0m
[33m[2025-04-25 14:42:03,840] WARNING: No records found for station Garòs-Naut Aran on date 2023-02-23[0m
[33m[2025-04-25 14:42:03,841] WARNING: No records found for station Nava de Arriba on date 2023-02-23[0m
[33m[2025-04-25 14:42:03,842] WARNING: No records found for station Puerto Alto on date 2023-02-23[0m
[33m[2025-04-25 14:42:03,843] WARNING: No records found for station IES Juan Enzina on date 2023-02-23[0m
[33m[2025-04-25 14:42:03,844] WARNING: No records found for station Caborana on date 2023-02-23[0m
[33m[2025-04-25 14:42:03,844] WARNING: No records found for station Estación de Cabra on date 2023-02-23[0m
[33m[2025-04-25 14:42:03,845] WARNING: No records found for station Radio León on date 2023-02-23[0m
[33m[2025-04-25 14:42:03,846] WARNING: No records found for station Blimea - La Venta on date 2023-02-23[0m
[33m[2025-04-25 14:42:03,847] WARNING: No records found for station Cortijo de Tortas on date 2023-02-23[0m
[33m[2025-04-25 14:42:03,848] WARNING: No records found for station La Balsa Alta on date 2023-02-23[0m
[33m[2025-04-25 14:42:03,848] WARNING: No records found for station Xinzo de Limia on date 2023-02-23[0m
[33m[2025-04-25 14:42:03,849] WARNING: No records found for station AA_Wunderground (San Emiliano (Allande)) on date 2023-02-23[0m
[33m[2025-04-25 14:42:03,850] WARNING: No records found for station Fuentes de Ropel on date 2023-02-23[0m
[33m[2025-04-25 14:42:03,851] WARNING: No records found for station Batán del Puerto on date 2023-02-23[0m
[33m[2025-04-25 14:42:03,852] WARNING: No records found for station Mollet del Vallès Besós on date 2023-02-23[0m
[33m[2025-04-25 14:42:03,853] WARNING: No records found for station Fuente la Sabina on date 2023-02-23[0m
[33m[2025-04-25 14:42:03,854] WARNING: No records found for station Córdoba on date 2023-02-23[0m
[33m[2025-04-25 14:42:03,855] WARNING: No records found for station Vega de Orce on date 2023-02-23[0m
[33m[2025-04-25 14:42:03,856] WARNING: No records found for station Orce on date 2023-02-23[0m
[33m[2025-04-25 14:42:03,856] WARNING: No records found for station Puebla D Fadrique on date 2023-02-23[0m
[33m[2025-04-25 14:42:03,857] WARNING: No records found for station Villazala on date 2023-02-23[0m
[33m[2025-04-25 14:42:03,858] WARNING: No records found for station Arenillas S Pelayo on date 2023-02-23[0m
[33m[2025-04-25 14:42:03,859] WARNING: No records found for station Córdoba Poniente on date 2023-02-23[0m
[33m[2025-04-25 14:42:03,859] WARNING: No records found for station Ferreras de Arriba on date 2023-02-23[0m
[33m[2025-04-25 14:42:03,860] WARNING: No records found for station El Sahúco on date 2023-02-23[0m
[33m[2025-04-25 14:42:03,861] WARNING: No records found for station Marratxí on date 2023-02-23[0m
[33m[2025-04-25 14:42:03,861] WARNING: No records found for station Oviedo La Florida on date 2023-02-23[0m
[33m[2025-04-25 14:42:03,862] WARNING: No records found for station Molleda,Corvera de Asturias on date 2023-02-23[0m
[33m[2025-04-25 14:42:03,863] WARNING: No records found for station Cofiñal on date 2023-02-23[0m
[33m[2025-04-25 14:42:03,864] WARNING: No records found for station Gillón, Cangas del Narcea on date 2023-02-23[0m
[33m[2025-04-25 14:42:03,864] WARNING: No records found for station Pico La Llambria on date 2023-02-23[0m
[33m[2025-04-25 14:42:03,865] WARNING: No records found for station Villaestrigo Páramo on date 2023-02-23[0m
[33m[2025-04-25 14:42:03,866] WARNING: No records found for station San Andrés del R. on date 2023-02-23[0m
[33m[2025-04-25 14:42:03,866] WARNING: No records found for station Degaña on date 2023-02-23[0m
[33m[2025-04-25 14:42:03,867] WARNING: No records found for station Robledo de Babia on date 2023-02-23[0m
[33m[2025-04-25 14:42:03,868] WARNING: No records found for station Vega de Baxo-Gijón on date 2023-02-23[0m
[33m[2025-04-25 14:42:03,869] WARNING: No records found for station Istán on date 2023-02-23[0m
[33m[2025-04-25 14:42:03,869] WARNING: No records found for station Lorenzana on date 2023-02-23[0m
[33m[2025-04-25 14:42:03,870] WARNING: No records found for station Sª Oreganal (UGR) on date 2023-02-23[0m
[33m[2025-04-25 14:42:03,871] WARNING: No records found for station Riofrío-La Devesa on date 2023-02-23[0m
[33m[2025-04-25 14:42:03,872] WARNING: No records found for station Abelleira on date 2023-02-23[0m
[33m[2025-04-25 14:42:03,873] WARNING: No records found for station Alozaina on date 2023-02-23[0m
[33m[2025-04-25 14:42:03,874] WARNING: No records found for station Casa Campillero on date 2023-02-23[0m
[33m[2025-04-25 14:42:03,876] WARNING: No records found for station Requejo de la Vega on date 2023-02-23[0m
[33m[2025-04-25 14:42:03,877] WARNING: No records found for station Villanófar on date 2023-02-23[0m
[33m[2025-04-25 14:42:03,879] WARNING: No records found for station Montaos on date 2023-02-23[0m
[33m[2025-04-25 14:42:03,880] WARNING: No records found for station Tolox - Cta. Gallo on date 2023-02-23[0m
[33m[2025-04-25 14:42:03,881] WARNING: No records found for station Rágama on date 2023-02-23[0m
[33m[2025-04-25 14:42:03,882] WARNING: No records found for station Serranillos on date 2023-02-23[0m
[33m[2025-04-25 14:42:03,883] WARNING: No records found for station Sª Palmitera (UGR) on date 2023-02-23[0m
[33m[2025-04-25 14:42:03,884] WARNING: No records found for station La Nava (SªNieves) on date 2023-02-23[0m
[33m[2025-04-25 14:42:03,885] WARNING: No records found for station Coin-San Roman on date 2023-02-23[0m
[33m[2025-04-25 14:42:03,886] WARNING: No records found for station Chert/Xert on date 2023-02-23[0m
[33m[2025-04-25 14:42:03,887] WARNING: No records found for station Navacillo (UGR) on date 2023-02-23[0m
[33m[2025-04-25 14:42:03,887] WARNING: No records found for station Quiruelas Vidriales on date 2023-02-23[0m
[33m[2025-04-25 14:42:03,888] WARNING: No records found for station Coin on date 2023-02-23[0m
[33m[2025-04-25 14:42:03,889] WARNING: No records found for station Ronda on date 2023-02-23[0m
[33m[2025-04-25 14:42:03,890] WARNING: No records found for station Astorga on date 2023-02-23[0m
[33m[2025-04-25 14:42:03,891] WARNING: No records found for station Laguna Marquesado on date 2023-02-23[0m
[33m[2025-04-25 14:42:03,891] WARNING: No records found for station Las Lagunas-Mijas Costa on date 2023-02-23[0m
[33m[2025-04-25 14:42:03,892] WARNING: No records found for station Trobajo del Camino on date 2023-02-23[0m
[33m[2025-04-25 14:42:03,893] WARNING: No records found for station Fuente Sta Cruz on date 2023-02-23[0m
[33m[2025-04-25 14:42:03,894] WARNING: No records found for station Vega de Liordes on date 2023-02-23[0m
[33m[2025-04-25 14:42:03,895] WARNING: No records found for station Logroño Centro on date 2023-02-23[0m
[33m[2025-04-25 14:42:03,895] WARNING: No records found for station Donostia - Ibaeta on date 2023-02-23[0m
[33m[2025-04-25 14:42:03,896] WARNING: No records found for station Isoba on date 2023-02-23[0m
[33m[2025-04-25 14:42:03,897] WARNING: No records found for station Arboreto Valonsadero-Soria on date 2023-02-23[0m
[33m[2025-04-25 14:42:03,898] WARNING: No records found for station Logroño Sur on date 2023-02-23[0m
[33m[2025-04-25 14:42:03,899] WARNING: No records found for station La Peral-Somiedo on date 2023-02-23[0m
[33m[2025-04-25 14:42:03,899] WARNING: No records found for station Sopeña de Curueño on date 2023-02-23[0m
[33m[2025-04-25 14:42:03,900] WARNING: No records found for station Llanes on date 2023-02-23[0m
[33m[2025-04-25 14:42:03,901] WARNING: No records found for station Justel on date 2023-02-23[0m
[33m[2025-04-25 14:42:03,902] WARNING: No records found for station Camarzana de Tera on date 2023-02-23[0m
[33m[2025-04-25 14:42:03,903] WARNING: No records found for station Campamento S Juan on date 2023-02-23[0m
[33m[2025-04-25 14:42:03,903] WARNING: No records found for station Zafrilla on date 2023-02-23[0m
[33m[2025-04-25 14:42:03,904] WARNING: No records found for station Lugueros on date 2023-02-23[0m
[33m[2025-04-25 14:42:03,905] WARNING: No records found for station Burón on date 2023-02-23[0m
[33m[2025-04-25 14:42:03,906] WARNING: No records found for station Veguellina on date 2023-02-23[0m
[33m[2025-04-25 14:42:03,907] WARNING: No records found for station Villaquilambre on date 2023-02-23[0m
[33m[2025-04-25 14:42:03,907] WARNING: No records found for station Islantilla Playa on date 2023-02-23[0m
[33m[2025-04-25 14:42:03,908] WARNING: No records found for station Hoya Mollidar on date 2023-02-23[0m
[33m[2025-04-25 14:42:03,909] WARNING: No records found for station La Veredilla-Aldea on date 2023-02-23[0m
[33m[2025-04-25 14:42:03,910] WARNING: No records found for station Otero las Dueñas on date 2023-02-23[0m
[33m[2025-04-25 14:42:03,911] WARNING: No records found for station Cañá Hermosa on date 2023-02-23[0m
[33m[2025-04-25 14:42:03,911] WARNING: No records found for station Callejo de Ordás on date 2023-02-23[0m
[33m[2025-04-25 14:42:03,912] WARNING: No records found for station La Foz - Casu on date 2023-02-23[0m
[33m[2025-04-25 14:42:03,913] WARNING: No records found for station Pozo Romero on date 2023-02-23[0m
[33m[2025-04-25 14:42:03,914] WARNING: No records found for station Sevilla-S Bernardo on date 2023-02-23[0m
[33m[2025-04-25 14:42:03,915] WARNING: No records found for station Oteros de Boedo on date 2023-02-23[0m
[33m[2025-04-25 14:42:03,916] WARNING: No records found for station Villarrodrigo  Regueras on date 2023-02-23[0m
[33m[2025-04-25 14:42:03,917] WARNING: No records found for station Foncebadón on date 2023-02-23[0m
[33m[2025-04-25 14:42:03,918] WARNING: No records found for station Caldevilla Valdeón on date 2023-02-23[0m
[33m[2025-04-25 14:42:03,919] WARNING: No records found for station San Juan de Torres on date 2023-02-23[0m
[33m[2025-04-25 14:42:03,919] WARNING: No records found for station Sojuela on date 2023-02-23[0m
[33m[2025-04-25 14:42:03,920] WARNING: No records found for station Uztárroz/Uztarroze on date 2023-02-23[0m
[33m[2025-04-25 14:42:03,921] WARNING: No records found for station La Copa-Campo Fútbol on date 2023-02-23[0m
[33m[2025-04-25 14:42:03,922] WARNING: No records found for station Hospitalet-Bellvitge on date 2023-02-23[0m
[33m[2025-04-25 14:42:03,923] WARNING: No records found for station Carbajal de la Legua on date 2023-02-23[0m
[33m[2025-04-25 14:42:03,923] WARNING: No records found for station Casas de Alfaro-Rogativa on date 2023-02-23[0m
[33m[2025-04-25 14:42:03,924] WARNING: No records found for station Begíjar on date 2023-02-23[0m
[33m[2025-04-25 14:42:03,925] WARNING: No records found for station Casas de Don Juan on date 2023-02-23[0m
[33m[2025-04-25 14:42:03,926] WARNING: No records found for station Villayuste on date 2023-02-23[0m
[33m[2025-04-25 14:42:03,927] WARNING: No records found for station Pumalverde on date 2023-02-23[0m
[33m[2025-04-25 14:42:03,927] WARNING: No records found for station San Martín de Grazanes on date 2023-02-23[0m
[33m[2025-04-25 14:42:03,928] WARNING: No records found for station Fozara - Outeiro Fernando  on date 2023-02-23[0m
[33m[2025-04-25 14:42:03,929] WARNING: No records found for station La Bañeza2 on date 2023-02-23[0m
[33m[2025-04-25 14:42:03,930] WARNING: No records found for station El Oso on date 2023-02-23[0m
[33m[2025-04-25 14:42:03,931] WARNING: No records found for station Barrio O Sisto - Dozón on date 2023-02-23[0m
[33m[2025-04-25 14:42:03,931] WARNING: No records found for station Oviedo - Fozaneldi on date 2023-02-23[0m
[33m[2025-04-25 14:42:03,932] WARNING: No records found for station Cascajeras (UGR) on date 2023-02-23[0m
[33m[2025-04-25 14:42:03,933] WARNING: No records found for station AA_WeatherlinkV1 (Gusendos Oteros) on date 2023-02-23[0m
[33m[2025-04-25 14:42:03,934] WARNING: No records found for station Filiel on date 2023-02-23[0m
[33m[2025-04-25 14:42:03,935] WARNING: No records found for station Rute Pampanas on date 2023-02-23[0m
[2025-04-25 14:42:03,935] INFO: Starting processing. Run ID: b977fc2b-f0f7-43ef-b9b4-a19955d5836e[0m
[2025-04-25 14:42:03,935] INFO: Processor done.[0m
[2025-04-25 14:42:03,935] INFO: Database connections closed.[0m
