[2025-04-25 14:42:00,238] INFO: Connecting to database...[0m
[2025-04-25 14:42:00,253] INFO: Connected to database.[0m
[2025-04-25 14:42:00,253] INFO: Dry run enabled.[0m
[2025-04-25 14:42:00,256] INFO: Scheduler initialized.[0m
[2025-04-25 14:42:00,257] INFO: Processing date: 2023-02-20[0m
[2025-04-25 14:42:00,257] INFO: Available timezones: ['Etc/UTC', 'Europe/Madrid', 'Europe/Lisbon'][0m
[33m[2025-04-25 14:42:00,261] WARNING: No records found for station no_data on date 2023-02-20[0m
[33m[2025-04-25 14:42:00,262] WARNING: No records found for station has_data on date 2023-02-20[0m
[33m[2025-04-25 14:42:00,263] WARNING: No records found for station AA_Ecowitt on date 2023-02-20[0m
[33m[2025-04-25 14:42:00,264] WARNING: No records found for station Coín Coto la Corcha on date 2023-02-20[0m
[33m[2025-04-25 14:42:00,265] WARNING: No records found for station Espinosa de la Ribera on date 2023-02-20[0m
[33m[2025-04-25 14:42:00,266] WARNING: No records found for station Collada de Aralla on date 2023-02-20[0m
[33m[2025-04-25 14:42:00,266] WARNING: No records found for station Sotobañado y Priorato on date 2023-02-20[0m
[33m[2025-04-25 14:42:00,267] WARNING: No records found for station Tavernes Valldigna - Sequers on date 2023-02-20[0m
[33m[2025-04-25 14:42:00,268] WARNING: No records found for station Cerezales del Condado on date 2023-02-20[0m
[33m[2025-04-25 14:42:00,269] WARNING: No records found for station Calzadilla de los Barros on date 2023-02-20[0m
[33m[2025-04-25 14:42:00,270] WARNING: No records found for station Villena-La Encina on date 2023-02-20[0m
[33m[2025-04-25 14:42:00,271] WARNING: No records found for station Villena- Cº S Juan on date 2023-02-20[0m
[33m[2025-04-25 14:42:00,272] WARNING: No records found for station Santa Eulalia del Río Negro on date 2023-02-20[0m
[33m[2025-04-25 14:42:00,273] WARNING: No records found for station Villanueva Valrojo on date 2023-02-20[0m
[33m[2025-04-25 14:42:00,274] WARNING: No records found for station Culla D'Arcu on date 2023-02-20[0m
[33m[2025-04-25 14:42:00,275] WARNING: No records found for station Pénjamo - Langreo on date 2023-02-20[0m
[33m[2025-04-25 14:42:00,276] WARNING: No records found for station Piscifactoría Mundova on date 2023-02-20[0m
[33m[2025-04-25 14:42:00,277] WARNING: No records found for station Marabio-Teverga on date 2023-02-20[0m
[33m[2025-04-25 14:42:00,277] WARNING: No records found for station La Copa-Paraje la Monja on date 2023-02-20[0m
[33m[2025-04-25 14:42:00,278] WARNING: No records found for station Macizo de Líbar on date 2023-02-20[0m
[33m[2025-04-25 14:42:00,279] WARNING: No records found for station Caldevilla (Piloña) on date 2023-02-20[0m
[33m[2025-04-25 14:42:00,280] WARNING: No records found for station Cobijón on date 2023-02-20[0m
[33m[2025-04-25 14:42:00,281] WARNING: No records found for station Donostia Amara B. on date 2023-02-20[0m
[33m[2025-04-25 14:42:00,282] WARNING: No records found for station Villaceid on date 2023-02-20[0m
[33m[2025-04-25 14:42:00,282] WARNING: No records found for station Otero de Bodas on date 2023-02-20[0m
[33m[2025-04-25 14:42:00,283] WARNING: No records found for station Senra on date 2023-02-20[0m
[33m[2025-04-25 14:42:00,284] WARNING: No records found for station Villardeciervos  on date 2023-02-20[0m
[33m[2025-04-25 14:42:00,285] WARNING: No records found for station AA_Meteoclimatic (El Entrego) on date 2023-02-20[0m
[33m[2025-04-25 14:42:00,286] WARNING: No records found for station Molinaferrera on date 2023-02-20[0m
[33m[2025-04-25 14:42:00,287] WARNING: No records found for station M. de las Ánimas on date 2023-02-20[0m
[33m[2025-04-25 14:42:00,287] WARNING: No records found for station R. de Beniscornia on date 2023-02-20[0m
[33m[2025-04-25 14:42:00,288] WARNING: No records found for station Villamanín on date 2023-02-20[0m
[33m[2025-04-25 14:42:00,289] WARNING: No records found for station Sta. Mª Trassierra on date 2023-02-20[0m
[33m[2025-04-25 14:42:00,290] WARNING: No records found for station La Matea on date 2023-02-20[0m
[33m[2025-04-25 14:42:00,291] WARNING: No records found for station Cumbre de Pontones on date 2023-02-20[0m
[33m[2025-04-25 14:42:00,292] WARNING: No records found for station Cubillas de Arbas on date 2023-02-20[0m
[33m[2025-04-25 14:42:00,293] WARNING: No records found for station Prado Veneiro-Babia on date 2023-02-20[0m
[33m[2025-04-25 14:42:00,293] WARNING: No records found for station Riopar on date 2023-02-20[0m
[33m[2025-04-25 14:42:00,294] WARNING: No records found for station Cabreros del Río on date 2023-02-20[0m
[33m[2025-04-25 14:42:00,295] WARNING: No records found for station Olea de Boedo on date 2023-02-20[0m
[33m[2025-04-25 14:42:00,296] WARNING: No records found for station Garòs-Naut Aran on date 2023-02-20[0m
[33m[2025-04-25 14:42:00,297] WARNING: No records found for station Nava de Arriba on date 2023-02-20[0m
[33m[2025-04-25 14:42:00,298] WARNING: No records found for station Puerto Alto on date 2023-02-20[0m
[33m[2025-04-25 14:42:00,299] WARNING: No records found for station IES Juan Enzina on date 2023-02-20[0m
[33m[2025-04-25 14:42:00,300] WARNING: No records found for station Caborana on date 2023-02-20[0m
[33m[2025-04-25 14:42:00,300] WARNING: No records found for station Estación de Cabra on date 2023-02-20[0m
[33m[2025-04-25 14:42:00,301] WARNING: No records found for station Radio León on date 2023-02-20[0m
[33m[2025-04-25 14:42:00,302] WARNING: No records found for station Blimea - La Venta on date 2023-02-20[0m
[33m[2025-04-25 14:42:00,303] WARNING: No records found for station Cortijo de Tortas on date 2023-02-20[0m
[33m[2025-04-25 14:42:00,304] WARNING: No records found for station La Balsa Alta on date 2023-02-20[0m
[33m[2025-04-25 14:42:00,305] WARNING: No records found for station Xinzo de Limia on date 2023-02-20[0m
[33m[2025-04-25 14:42:00,305] WARNING: No records found for station AA_Wunderground (San Emiliano (Allande)) on date 2023-02-20[0m
[33m[2025-04-25 14:42:00,306] WARNING: No records found for station Fuentes de Ropel on date 2023-02-20[0m
[33m[2025-04-25 14:42:00,307] WARNING: No records found for station Batán del Puerto on date 2023-02-20[0m
[33m[2025-04-25 14:42:00,308] WARNING: No records found for station Mollet del Vallès Besós on date 2023-02-20[0m
[33m[2025-04-25 14:42:00,309] WARNING: No records found for station Fuente la Sabina on date 2023-02-20[0m
[33m[2025-04-25 14:42:00,310] WARNING: No records found for station Córdoba on date 2023-02-20[0m
[33m[2025-04-25 14:42:00,310] WARNING: No records found for station Vega de Orce on date 2023-02-20[0m
[33m[2025-04-25 14:42:00,311] WARNING: No records found for station Orce on date 2023-02-20[0m
[33m[2025-04-25 14:42:00,312] WARNING: No records found for station Puebla D Fadrique on date 2023-02-20[0m
[33m[2025-04-25 14:42:00,313] WARNING: No records found for station Villazala on date 2023-02-20[0m
[33m[2025-04-25 14:42:00,314] WARNING: No records found for station Arenillas S Pelayo on date 2023-02-20[0m
[33m[2025-04-25 14:42:00,315] WARNING: No records found for station Córdoba Poniente on date 2023-02-20[0m
[33m[2025-04-25 14:42:00,315] WARNING: No records found for station Ferreras de Arriba on date 2023-02-20[0m
[33m[2025-04-25 14:42:00,316] WARNING: No records found for station El Sahúco on date 2023-02-20[0m
[33m[2025-04-25 14:42:00,317] WARNING: No records found for station Marratxí on date 2023-02-20[0m
[33m[2025-04-25 14:42:00,318] WARNING: No records found for station Oviedo La Florida on date 2023-02-20[0m
[33m[2025-04-25 14:42:00,319] WARNING: No records found for station Molleda,Corvera de Asturias on date 2023-02-20[0m
[33m[2025-04-25 14:42:00,320] WARNING: No records found for station Cofiñal on date 2023-02-20[0m
[33m[2025-04-25 14:42:00,320] WARNING: No records found for station Gillón, Cangas del Narcea on date 2023-02-20[0m
[33m[2025-04-25 14:42:00,321] WARNING: No records found for station Pico La Llambria on date 2023-02-20[0m
[33m[2025-04-25 14:42:00,322] WARNING: No records found for station Villaestrigo Páramo on date 2023-02-20[0m
[33m[2025-04-25 14:42:00,324] WARNING: No records found for station San Andrés del R. on date 2023-02-20[0m
[33m[2025-04-25 14:42:00,325] WARNING: No records found for station Degaña on date 2023-02-20[0m
[33m[2025-04-25 14:42:00,325] WARNING: No records found for station Robledo de Babia on date 2023-02-20[0m
[33m[2025-04-25 14:42:00,326] WARNING: No records found for station Vega de Baxo-Gijón on date 2023-02-20[0m
[33m[2025-04-25 14:42:00,327] WARNING: No records found for station Istán on date 2023-02-20[0m
[33m[2025-04-25 14:42:00,328] WARNING: No records found for station Lorenzana on date 2023-02-20[0m
[33m[2025-04-25 14:42:00,329] WARNING: No records found for station Sª Oreganal (UGR) on date 2023-02-20[0m
[33m[2025-04-25 14:42:00,330] WARNING: No records found for station Riofrío-La Devesa on date 2023-02-20[0m
[33m[2025-04-25 14:42:00,330] WARNING: No records found for station Abelleira on date 2023-02-20[0m
[33m[2025-04-25 14:42:00,331] WARNING: No records found for station Alozaina on date 2023-02-20[0m
[33m[2025-04-25 14:42:00,332] WARNING: No records found for station Casa Campillero on date 2023-02-20[0m
[33m[2025-04-25 14:42:00,333] WARNING: No records found for station Requejo de la Vega on date 2023-02-20[0m
[33m[2025-04-25 14:42:00,334] WARNING: No records found for station Villanófar on date 2023-02-20[0m
[33m[2025-04-25 14:42:00,334] WARNING: No records found for station Montaos on date 2023-02-20[0m
[33m[2025-04-25 14:42:00,335] WARNING: No records found for station Tolox - Cta. Gallo on date 2023-02-20[0m
[33m[2025-04-25 14:42:00,336] WARNING: No records found for station Rágama on date 2023-02-20[0m
[33m[2025-04-25 14:42:00,337] WARNING: No records found for station Serranillos on date 2023-02-20[0m
[33m[2025-04-25 14:42:00,338] WARNING: No records found for station Sª Palmitera (UGR) on date 2023-02-20[0m
[33m[2025-04-25 14:42:00,338] WARNING: No records found for station La Nava (SªNieves) on date 2023-02-20[0m
[33m[2025-04-25 14:42:00,339] WARNING: No records found for station Coin-San Roman on date 2023-02-20[0m
[33m[2025-04-25 14:42:00,340] WARNING: No records found for station Chert/Xert on date 2023-02-20[0m
[33m[2025-04-25 14:42:00,341] WARNING: No records found for station Navacillo (UGR) on date 2023-02-20[0m
[33m[2025-04-25 14:42:00,342] WARNING: No records found for station Quiruelas Vidriales on date 2023-02-20[0m
[33m[2025-04-25 14:42:00,342] WARNING: No records found for station Coin on date 2023-02-20[0m
[33m[2025-04-25 14:42:00,343] WARNING: No records found for station Ronda on date 2023-02-20[0m
[33m[2025-04-25 14:42:00,344] WARNING: No records found for station Astorga on date 2023-02-20[0m
[33m[2025-04-25 14:42:00,345] WARNING: No records found for station Laguna Marquesado on date 2023-02-20[0m
[33m[2025-04-25 14:42:00,346] WARNING: No records found for station Las Lagunas-Mijas Costa on date 2023-02-20[0m
[33m[2025-04-25 14:42:00,346] WARNING: No records found for station Trobajo del Camino on date 2023-02-20[0m
[33m[2025-04-25 14:42:00,347] WARNING: No records found for station Fuente Sta Cruz on date 2023-02-20[0m
[33m[2025-04-25 14:42:00,348] WARNING: No records found for station Vega de Liordes on date 2023-02-20[0m
[33m[2025-04-25 14:42:00,349] WARNING: No records found for station Logroño Centro on date 2023-02-20[0m
[33m[2025-04-25 14:42:00,350] WARNING: No records found for station Donostia - Ibaeta on date 2023-02-20[0m
[33m[2025-04-25 14:42:00,350] WARNING: No records found for station Isoba on date 2023-02-20[0m
[33m[2025-04-25 14:42:00,351] WARNING: No records found for station Arboreto Valonsadero-Soria on date 2023-02-20[0m
[33m[2025-04-25 14:42:00,352] WARNING: No records found for station Logroño Sur on date 2023-02-20[0m
[33m[2025-04-25 14:42:00,353] WARNING: No records found for station La Peral-Somiedo on date 2023-02-20[0m
[33m[2025-04-25 14:42:00,354] WARNING: No records found for station Sopeña de Curueño on date 2023-02-20[0m
[33m[2025-04-25 14:42:00,354] WARNING: No records found for station Llanes on date 2023-02-20[0m
[33m[2025-04-25 14:42:00,355] WARNING: No records found for station Justel on date 2023-02-20[0m
[33m[2025-04-25 14:42:00,356] WARNING: No records found for station Camarzana de Tera on date 2023-02-20[0m
[33m[2025-04-25 14:42:00,357] WARNING: No records found for station Campamento S Juan on date 2023-02-20[0m
[33m[2025-04-25 14:42:00,358] WARNING: No records found for station Zafrilla on date 2023-02-20[0m
[33m[2025-04-25 14:42:00,358] WARNING: No records found for station Lugueros on date 2023-02-20[0m
[33m[2025-04-25 14:42:00,359] WARNING: No records found for station Burón on date 2023-02-20[0m
[33m[2025-04-25 14:42:00,360] WARNING: No records found for station Veguellina on date 2023-02-20[0m
[33m[2025-04-25 14:42:00,361] WARNING: No records found for station Villaquilambre on date 2023-02-20[0m
[33m[2025-04-25 14:42:00,362] WARNING: No records found for station Islantilla Playa on date 2023-02-20[0m
[33m[2025-04-25 14:42:00,362] WARNING: No records found for station Hoya Mollidar on date 2023-02-20[0m
[33m[2025-04-25 14:42:00,363] WARNING: No records found for station La Veredilla-Aldea on date 2023-02-20[0m
[33m[2025-04-25 14:42:00,364] WARNING: No records found for station Otero las Dueñas on date 2023-02-20[0m
[33m[2025-04-25 14:42:00,365] WARNING: No records found for station Cañá Hermosa on date 2023-02-20[0m
[33m[2025-04-25 14:42:00,366] WARNING: No records found for station Callejo de Ordás on date 2023-02-20[0m
[33m[2025-04-25 14:42:00,366] WARNING: No records found for station La Foz - Casu on date 2023-02-20[0m
[33m[2025-04-25 14:42:00,367] WARNING: No records found for station Pozo Romero on date 2023-02-20[0m
[33m[2025-04-25 14:42:00,368] WARNING: No records found for station Sevilla-S Bernardo on date 2023-02-20[0m
[33m[2025-04-25 14:42:00,369] WARNING: No records found for station Oteros de Boedo on date 2023-02-20[0m
[33m[2025-04-25 14:42:00,370] WARNING: No records found for station Villarrodrigo  Regueras on date 2023-02-20[0m
[33m[2025-04-25 14:42:00,370] WARNING: No records found for station Foncebadón on date 2023-02-20[0m
[33m[2025-04-25 14:42:00,371] WARNING: No records found for station Caldevilla Valdeón on date 2023-02-20[0m
[33m[2025-04-25 14:42:00,372] WARNING: No records found for station San Juan de Torres on date 2023-02-20[0m
[33m[2025-04-25 14:42:00,373] WARNING: No records found for station Sojuela on date 2023-02-20[0m
[33m[2025-04-25 14:42:00,374] WARNING: No records found for station Uztárroz/Uztarroze on date 2023-02-20[0m
[33m[2025-04-25 14:42:00,374] WARNING: No records found for station La Copa-Campo Fútbol on date 2023-02-20[0m
[33m[2025-04-25 14:42:00,375] WARNING: No records found for station Hospitalet-Bellvitge on date 2023-02-20[0m
[33m[2025-04-25 14:42:00,376] WARNING: No records found for station Carbajal de la Legua on date 2023-02-20[0m
[33m[2025-04-25 14:42:00,377] WARNING: No records found for station Casas de Alfaro-Rogativa on date 2023-02-20[0m
[33m[2025-04-25 14:42:00,378] WARNING: No records found for station Begíjar on date 2023-02-20[0m
[33m[2025-04-25 14:42:00,378] WARNING: No records found for station Casas de Don Juan on date 2023-02-20[0m
[33m[2025-04-25 14:42:00,380] WARNING: No records found for station Villayuste on date 2023-02-20[0m
[33m[2025-04-25 14:42:00,380] WARNING: No records found for station Pumalverde on date 2023-02-20[0m
[33m[2025-04-25 14:42:00,380] WARNING: No records found for station San Martín de Grazanes on date 2023-02-20[0m
[33m[2025-04-25 14:42:00,381] WARNING: No records found for station Fozara - Outeiro Fernando  on date 2023-02-20[0m
[33m[2025-04-25 14:42:00,381] WARNING: No records found for station La Bañeza2 on date 2023-02-20[0m
[33m[2025-04-25 14:42:00,381] WARNING: No records found for station El Oso on date 2023-02-20[0m
[33m[2025-04-25 14:42:00,382] WARNING: No records found for station Barrio O Sisto - Dozón on date 2023-02-20[0m
[33m[2025-04-25 14:42:00,382] WARNING: No records found for station Oviedo - Fozaneldi on date 2023-02-20[0m
[33m[2025-04-25 14:42:00,382] WARNING: No records found for station Cascajeras (UGR) on date 2023-02-20[0m
[33m[2025-04-25 14:42:00,383] WARNING: No records found for station AA_WeatherlinkV1 (Gusendos Oteros) on date 2023-02-20[0m
[33m[2025-04-25 14:42:00,384] WARNING: No records found for station Filiel on date 2023-02-20[0m
[33m[2025-04-25 14:42:00,385] WARNING: No records found for station Rute Pampanas on date 2023-02-20[0m
[2025-04-25 14:42:00,385] INFO: Starting processing. Run ID: 7a7f6c71-d77b-417a-a221-07986fc442f2[0m
[2025-04-25 14:42:00,386] INFO: Processor done.[0m
[2025-04-25 14:42:00,386] INFO: Database connections closed.[0m
