[2025-04-25 14:41:23,001] INFO: Connecting to database...[0m
[2025-04-25 14:41:23,017] INFO: Connected to database.[0m
[2025-04-25 14:41:23,017] INFO: Dry run enabled.[0m
[2025-04-25 14:41:23,021] INFO: Scheduler initialized.[0m
[2025-04-25 14:41:23,021] INFO: Processing date: 2023-01-17[0m
[2025-04-25 14:41:23,022] INFO: Available timezones: ['Etc/UTC', 'Europe/Madrid', 'Europe/Lisbon'][0m
[33m[2025-04-25 14:41:23,028] WARNING: No records found for station no_data on date 2023-01-17[0m
[33m[2025-04-25 14:41:23,030] WARNING: No records found for station has_data on date 2023-01-17[0m
[33m[2025-04-25 14:41:23,031] WARNING: No records found for station AA_Ecowitt on date 2023-01-17[0m
[33m[2025-04-25 14:41:23,033] WARNING: No records found for station Coín Coto la Corcha on date 2023-01-17[0m
[33m[2025-04-25 14:41:23,034] WARNING: No records found for station Espinosa de la Ribera on date 2023-01-17[0m
[33m[2025-04-25 14:41:23,036] WARNING: No records found for station Collada de Aralla on date 2023-01-17[0m
[33m[2025-04-25 14:41:23,037] WARNING: No records found for station Sotobañado y Priorato on date 2023-01-17[0m
[33m[2025-04-25 14:41:23,039] WARNING: No records found for station Tavernes Valldigna - Sequers on date 2023-01-17[0m
[33m[2025-04-25 14:41:23,040] WARNING: No records found for station Cerezales del Condado on date 2023-01-17[0m
[33m[2025-04-25 14:41:23,041] WARNING: No records found for station Calzadilla de los Barros on date 2023-01-17[0m
[33m[2025-04-25 14:41:23,043] WARNING: No records found for station Villena-La Encina on date 2023-01-17[0m
[33m[2025-04-25 14:41:23,044] WARNING: No records found for station Villena- Cº S Juan on date 2023-01-17[0m
[33m[2025-04-25 14:41:23,046] WARNING: No records found for station Santa Eulalia del Río Negro on date 2023-01-17[0m
[33m[2025-04-25 14:41:23,047] WARNING: No records found for station Villanueva Valrojo on date 2023-01-17[0m
[33m[2025-04-25 14:41:23,048] WARNING: No records found for station Culla D'Arcu on date 2023-01-17[0m
[33m[2025-04-25 14:41:23,049] WARNING: No records found for station Pénjamo - Langreo on date 2023-01-17[0m
[33m[2025-04-25 14:41:23,051] WARNING: No records found for station Piscifactoría Mundova on date 2023-01-17[0m
[33m[2025-04-25 14:41:23,052] WARNING: No records found for station Marabio-Teverga on date 2023-01-17[0m
[33m[2025-04-25 14:41:23,053] WARNING: No records found for station La Copa-Paraje la Monja on date 2023-01-17[0m
[33m[2025-04-25 14:41:23,054] WARNING: No records found for station Macizo de Líbar on date 2023-01-17[0m
[33m[2025-04-25 14:41:23,055] WARNING: No records found for station Caldevilla (Piloña) on date 2023-01-17[0m
[33m[2025-04-25 14:41:23,057] WARNING: No records found for station Cobijón on date 2023-01-17[0m
[33m[2025-04-25 14:41:23,058] WARNING: No records found for station Donostia Amara B. on date 2023-01-17[0m
[33m[2025-04-25 14:41:23,059] WARNING: No records found for station Villaceid on date 2023-01-17[0m
[33m[2025-04-25 14:41:23,060] WARNING: No records found for station Otero de Bodas on date 2023-01-17[0m
[33m[2025-04-25 14:41:23,061] WARNING: No records found for station Senra on date 2023-01-17[0m
[33m[2025-04-25 14:41:23,063] WARNING: No records found for station Villardeciervos  on date 2023-01-17[0m
[33m[2025-04-25 14:41:23,064] WARNING: No records found for station AA_Meteoclimatic (El Entrego) on date 2023-01-17[0m
[33m[2025-04-25 14:41:23,065] WARNING: No records found for station Molinaferrera on date 2023-01-17[0m
[33m[2025-04-25 14:41:23,066] WARNING: No records found for station M. de las Ánimas on date 2023-01-17[0m
[33m[2025-04-25 14:41:23,067] WARNING: No records found for station R. de Beniscornia on date 2023-01-17[0m
[33m[2025-04-25 14:41:23,068] WARNING: No records found for station Villamanín on date 2023-01-17[0m
[33m[2025-04-25 14:41:23,070] WARNING: No records found for station Sta. Mª Trassierra on date 2023-01-17[0m
[33m[2025-04-25 14:41:23,071] WARNING: No records found for station La Matea on date 2023-01-17[0m
[33m[2025-04-25 14:41:23,072] WARNING: No records found for station Cumbre de Pontones on date 2023-01-17[0m
[33m[2025-04-25 14:41:23,073] WARNING: No records found for station Cubillas de Arbas on date 2023-01-17[0m
[33m[2025-04-25 14:41:23,074] WARNING: No records found for station Prado Veneiro-Babia on date 2023-01-17[0m
[33m[2025-04-25 14:41:23,076] WARNING: No records found for station Riopar on date 2023-01-17[0m
[33m[2025-04-25 14:41:23,077] WARNING: No records found for station Cabreros del Río on date 2023-01-17[0m
[33m[2025-04-25 14:41:23,078] WARNING: No records found for station Olea de Boedo on date 2023-01-17[0m
[33m[2025-04-25 14:41:23,079] WARNING: No records found for station Garòs-Naut Aran on date 2023-01-17[0m
[33m[2025-04-25 14:41:23,081] WARNING: No records found for station Nava de Arriba on date 2023-01-17[0m
[33m[2025-04-25 14:41:23,082] WARNING: No records found for station Puerto Alto on date 2023-01-17[0m
[33m[2025-04-25 14:41:23,083] WARNING: No records found for station IES Juan Enzina on date 2023-01-17[0m
[33m[2025-04-25 14:41:23,085] WARNING: No records found for station Caborana on date 2023-01-17[0m
[33m[2025-04-25 14:41:23,086] WARNING: No records found for station Estación de Cabra on date 2023-01-17[0m
[33m[2025-04-25 14:41:23,087] WARNING: No records found for station Radio León on date 2023-01-17[0m
[33m[2025-04-25 14:41:23,089] WARNING: No records found for station Blimea - La Venta on date 2023-01-17[0m
[33m[2025-04-25 14:41:23,091] WARNING: No records found for station Cortijo de Tortas on date 2023-01-17[0m
[33m[2025-04-25 14:41:23,092] WARNING: No records found for station La Balsa Alta on date 2023-01-17[0m
[33m[2025-04-25 14:41:23,094] WARNING: No records found for station Xinzo de Limia on date 2023-01-17[0m
[33m[2025-04-25 14:41:23,096] WARNING: No records found for station AA_Wunderground (San Emiliano (Allande)) on date 2023-01-17[0m
[33m[2025-04-25 14:41:23,097] WARNING: No records found for station Fuentes de Ropel on date 2023-01-17[0m
[33m[2025-04-25 14:41:23,099] WARNING: No records found for station Batán del Puerto on date 2023-01-17[0m
[33m[2025-04-25 14:41:23,100] WARNING: No records found for station Mollet del Vallès Besós on date 2023-01-17[0m
[33m[2025-04-25 14:41:23,101] WARNING: No records found for station Fuente la Sabina on date 2023-01-17[0m
[33m[2025-04-25 14:41:23,102] WARNING: No records found for station Córdoba on date 2023-01-17[0m
[33m[2025-04-25 14:41:23,103] WARNING: No records found for station Vega de Orce on date 2023-01-17[0m
[33m[2025-04-25 14:41:23,104] WARNING: No records found for station Orce on date 2023-01-17[0m
[33m[2025-04-25 14:41:23,105] WARNING: No records found for station Puebla D Fadrique on date 2023-01-17[0m
[33m[2025-04-25 14:41:23,105] WARNING: No records found for station Villazala on date 2023-01-17[0m
[33m[2025-04-25 14:41:23,106] WARNING: No records found for station Arenillas S Pelayo on date 2023-01-17[0m
[33m[2025-04-25 14:41:23,107] WARNING: No records found for station Córdoba Poniente on date 2023-01-17[0m
[33m[2025-04-25 14:41:23,108] WARNING: No records found for station Ferreras de Arriba on date 2023-01-17[0m
[33m[2025-04-25 14:41:23,109] WARNING: No records found for station El Sahúco on date 2023-01-17[0m
[33m[2025-04-25 14:41:23,110] WARNING: No records found for station Marratxí on date 2023-01-17[0m
[33m[2025-04-25 14:41:23,111] WARNING: No records found for station Oviedo La Florida on date 2023-01-17[0m
[33m[2025-04-25 14:41:23,112] WARNING: No records found for station Molleda,Corvera de Asturias on date 2023-01-17[0m
[33m[2025-04-25 14:41:23,113] WARNING: No records found for station Cofiñal on date 2023-01-17[0m
[33m[2025-04-25 14:41:23,113] WARNING: No records found for station Gillón, Cangas del Narcea on date 2023-01-17[0m
[33m[2025-04-25 14:41:23,114] WARNING: No records found for station Pico La Llambria on date 2023-01-17[0m
[33m[2025-04-25 14:41:23,116] WARNING: No records found for station Villaestrigo Páramo on date 2023-01-17[0m
[33m[2025-04-25 14:41:23,117] WARNING: No records found for station San Andrés del R. on date 2023-01-17[0m
[33m[2025-04-25 14:41:23,118] WARNING: No records found for station Degaña on date 2023-01-17[0m
[33m[2025-04-25 14:41:23,119] WARNING: No records found for station Robledo de Babia on date 2023-01-17[0m
[33m[2025-04-25 14:41:23,120] WARNING: No records found for station Vega de Baxo-Gijón on date 2023-01-17[0m
[33m[2025-04-25 14:41:23,121] WARNING: No records found for station Istán on date 2023-01-17[0m
[33m[2025-04-25 14:41:23,122] WARNING: No records found for station Lorenzana on date 2023-01-17[0m
[33m[2025-04-25 14:41:23,124] WARNING: No records found for station Sª Oreganal (UGR) on date 2023-01-17[0m
[33m[2025-04-25 14:41:23,125] WARNING: No records found for station Riofrío-La Devesa on date 2023-01-17[0m
[33m[2025-04-25 14:41:23,127] WARNING: No records found for station Abelleira on date 2023-01-17[0m
[33m[2025-04-25 14:41:23,128] WARNING: No records found for station Alozaina on date 2023-01-17[0m
[33m[2025-04-25 14:41:23,130] WARNING: No records found for station Casa Campillero on date 2023-01-17[0m
[33m[2025-04-25 14:41:23,131] WARNING: No records found for station Requejo de la Vega on date 2023-01-17[0m
[33m[2025-04-25 14:41:23,132] WARNING: No records found for station Villanófar on date 2023-01-17[0m
[33m[2025-04-25 14:41:23,134] WARNING: No records found for station Montaos on date 2023-01-17[0m
[33m[2025-04-25 14:41:23,135] WARNING: No records found for station Tolox - Cta. Gallo on date 2023-01-17[0m
[33m[2025-04-25 14:41:23,136] WARNING: No records found for station Rágama on date 2023-01-17[0m
[33m[2025-04-25 14:41:23,136] WARNING: No records found for station Serranillos on date 2023-01-17[0m
[33m[2025-04-25 14:41:23,137] WARNING: No records found for station Sª Palmitera (UGR) on date 2023-01-17[0m
[33m[2025-04-25 14:41:23,138] WARNING: No records found for station La Nava (SªNieves) on date 2023-01-17[0m
[33m[2025-04-25 14:41:23,139] WARNING: No records found for station Coin-San Roman on date 2023-01-17[0m
[33m[2025-04-25 14:41:23,140] WARNING: No records found for station Chert/Xert on date 2023-01-17[0m
[33m[2025-04-25 14:41:23,140] WARNING: No records found for station Navacillo (UGR) on date 2023-01-17[0m
[33m[2025-04-25 14:41:23,141] WARNING: No records found for station Quiruelas Vidriales on date 2023-01-17[0m
[33m[2025-04-25 14:41:23,142] WARNING: No records found for station Coin on date 2023-01-17[0m
[33m[2025-04-25 14:41:23,143] WARNING: No records found for station Ronda on date 2023-01-17[0m
[33m[2025-04-25 14:41:23,144] WARNING: No records found for station Astorga on date 2023-01-17[0m
[33m[2025-04-25 14:41:23,144] WARNING: No records found for station Laguna Marquesado on date 2023-01-17[0m
[33m[2025-04-25 14:41:23,145] WARNING: No records found for station Las Lagunas-Mijas Costa on date 2023-01-17[0m
[33m[2025-04-25 14:41:23,146] WARNING: No records found for station Trobajo del Camino on date 2023-01-17[0m
[33m[2025-04-25 14:41:23,147] WARNING: No records found for station Fuente Sta Cruz on date 2023-01-17[0m
[33m[2025-04-25 14:41:23,148] WARNING: No records found for station Vega de Liordes on date 2023-01-17[0m
[33m[2025-04-25 14:41:23,148] WARNING: No records found for station Logroño Centro on date 2023-01-17[0m
[33m[2025-04-25 14:41:23,149] WARNING: No records found for station Donostia - Ibaeta on date 2023-01-17[0m
[33m[2025-04-25 14:41:23,150] WARNING: No records found for station Isoba on date 2023-01-17[0m
[33m[2025-04-25 14:41:23,151] WARNING: No records found for station Arboreto Valonsadero-Soria on date 2023-01-17[0m
[33m[2025-04-25 14:41:23,151] WARNING: No records found for station Logroño Sur on date 2023-01-17[0m
[33m[2025-04-25 14:41:23,152] WARNING: No records found for station La Peral-Somiedo on date 2023-01-17[0m
[33m[2025-04-25 14:41:23,153] WARNING: No records found for station Sopeña de Curueño on date 2023-01-17[0m
[33m[2025-04-25 14:41:23,154] WARNING: No records found for station Llanes on date 2023-01-17[0m
[33m[2025-04-25 14:41:23,155] WARNING: No records found for station Justel on date 2023-01-17[0m
[33m[2025-04-25 14:41:23,155] WARNING: No records found for station Camarzana de Tera on date 2023-01-17[0m
[33m[2025-04-25 14:41:23,156] WARNING: No records found for station Campamento S Juan on date 2023-01-17[0m
[33m[2025-04-25 14:41:23,157] WARNING: No records found for station Zafrilla on date 2023-01-17[0m
[33m[2025-04-25 14:41:23,158] WARNING: No records found for station Lugueros on date 2023-01-17[0m
[33m[2025-04-25 14:41:23,159] WARNING: No records found for station Burón on date 2023-01-17[0m
[33m[2025-04-25 14:41:23,159] WARNING: No records found for station Veguellina on date 2023-01-17[0m
[33m[2025-04-25 14:41:23,160] WARNING: No records found for station Villaquilambre on date 2023-01-17[0m
[33m[2025-04-25 14:41:23,161] WARNING: No records found for station Islantilla Playa on date 2023-01-17[0m
[33m[2025-04-25 14:41:23,162] WARNING: No records found for station Hoya Mollidar on date 2023-01-17[0m
[33m[2025-04-25 14:41:23,163] WARNING: No records found for station La Veredilla-Aldea on date 2023-01-17[0m
[33m[2025-04-25 14:41:23,163] WARNING: No records found for station Otero las Dueñas on date 2023-01-17[0m
[33m[2025-04-25 14:41:23,164] WARNING: No records found for station Cañá Hermosa on date 2023-01-17[0m
[33m[2025-04-25 14:41:23,165] WARNING: No records found for station Callejo de Ordás on date 2023-01-17[0m
[33m[2025-04-25 14:41:23,166] WARNING: No records found for station La Foz - Casu on date 2023-01-17[0m
[33m[2025-04-25 14:41:23,166] WARNING: No records found for station Pozo Romero on date 2023-01-17[0m
[33m[2025-04-25 14:41:23,167] WARNING: No records found for station Sevilla-S Bernardo on date 2023-01-17[0m
[33m[2025-04-25 14:41:23,168] WARNING: No records found for station Oteros de Boedo on date 2023-01-17[0m
[33m[2025-04-25 14:41:23,169] WARNING: No records found for station Villarrodrigo  Regueras on date 2023-01-17[0m
[33m[2025-04-25 14:41:23,170] WARNING: No records found for station Foncebadón on date 2023-01-17[0m
[33m[2025-04-25 14:41:23,170] WARNING: No records found for station Caldevilla Valdeón on date 2023-01-17[0m
[33m[2025-04-25 14:41:23,171] WARNING: No records found for station San Juan de Torres on date 2023-01-17[0m
[33m[2025-04-25 14:41:23,172] WARNING: No records found for station Sojuela on date 2023-01-17[0m
[33m[2025-04-25 14:41:23,173] WARNING: No records found for station Uztárroz/Uztarroze on date 2023-01-17[0m
[33m[2025-04-25 14:41:23,173] WARNING: No records found for station La Copa-Campo Fútbol on date 2023-01-17[0m
[33m[2025-04-25 14:41:23,174] WARNING: No records found for station Hospitalet-Bellvitge on date 2023-01-17[0m
[33m[2025-04-25 14:41:23,175] WARNING: No records found for station Carbajal de la Legua on date 2023-01-17[0m
[33m[2025-04-25 14:41:23,177] WARNING: No records found for station Casas de Alfaro-Rogativa on date 2023-01-17[0m
[33m[2025-04-25 14:41:23,178] WARNING: No records found for station Begíjar on date 2023-01-17[0m
[33m[2025-04-25 14:41:23,178] WARNING: No records found for station Casas de Don Juan on date 2023-01-17[0m
[33m[2025-04-25 14:41:23,179] WARNING: No records found for station Villayuste on date 2023-01-17[0m
[33m[2025-04-25 14:41:23,180] WARNING: No records found for station Pumalverde on date 2023-01-17[0m
[33m[2025-04-25 14:41:23,182] WARNING: No records found for station San Martín de Grazanes on date 2023-01-17[0m
[33m[2025-04-25 14:41:23,183] WARNING: No records found for station Fozara - Outeiro Fernando  on date 2023-01-17[0m
[33m[2025-04-25 14:41:23,184] WARNING: No records found for station La Bañeza2 on date 2023-01-17[0m
[33m[2025-04-25 14:41:23,184] WARNING: No records found for station El Oso on date 2023-01-17[0m
[33m[2025-04-25 14:41:23,185] WARNING: No records found for station Barrio O Sisto - Dozón on date 2023-01-17[0m
[33m[2025-04-25 14:41:23,185] WARNING: No records found for station Oviedo - Fozaneldi on date 2023-01-17[0m
[33m[2025-04-25 14:41:23,185] WARNING: No records found for station Cascajeras (UGR) on date 2023-01-17[0m
[33m[2025-04-25 14:41:23,186] WARNING: No records found for station AA_WeatherlinkV1 (Gusendos Oteros) on date 2023-01-17[0m
[33m[2025-04-25 14:41:23,186] WARNING: No records found for station Filiel on date 2023-01-17[0m
[33m[2025-04-25 14:41:23,186] WARNING: No records found for station Rute Pampanas on date 2023-01-17[0m
[2025-04-25 14:41:23,186] INFO: Starting processing. Run ID: 64aa6f10-4e5b-48a2-bd1d-08fcb8cfbf09[0m
[2025-04-25 14:41:23,186] INFO: Processor done.[0m
[2025-04-25 14:41:23,187] INFO: Database connections closed.[0m
