[2025-04-25 14:41:51,200] INFO: Connecting to database...[0m
[2025-04-25 14:41:51,215] INFO: Connected to database.[0m
[2025-04-25 14:41:51,215] INFO: Dry run enabled.[0m
[2025-04-25 14:41:51,219] INFO: Scheduler initialized.[0m
[2025-04-25 14:41:51,219] INFO: Processing date: 2023-02-12[0m
[2025-04-25 14:41:51,219] INFO: Available timezones: ['Etc/UTC', 'Europe/Madrid', 'Europe/Lisbon'][0m
[33m[2025-04-25 14:41:51,224] WARNING: No records found for station no_data on date 2023-02-12[0m
[33m[2025-04-25 14:41:51,225] WARNING: No records found for station has_data on date 2023-02-12[0m
[33m[2025-04-25 14:41:51,225] WARNING: No records found for station AA_Ecowitt on date 2023-02-12[0m
[33m[2025-04-25 14:41:51,226] WARNING: No records found for station Coín Coto la Corcha on date 2023-02-12[0m
[33m[2025-04-25 14:41:51,227] WARNING: No records found for station Espinosa de la Ribera on date 2023-02-12[0m
[33m[2025-04-25 14:41:51,228] WARNING: No records found for station Collada de Aralla on date 2023-02-12[0m
[33m[2025-04-25 14:41:51,228] WARNING: No records found for station Sotobañado y Priorato on date 2023-02-12[0m
[33m[2025-04-25 14:41:51,229] WARNING: No records found for station Tavernes Valldigna - Sequers on date 2023-02-12[0m
[33m[2025-04-25 14:41:51,230] WARNING: No records found for station Cerezales del Condado on date 2023-02-12[0m
[33m[2025-04-25 14:41:51,231] WARNING: No records found for station Calzadilla de los Barros on date 2023-02-12[0m
[33m[2025-04-25 14:41:51,231] WARNING: No records found for station Villena-La Encina on date 2023-02-12[0m
[33m[2025-04-25 14:41:51,232] WARNING: No records found for station Villena- Cº S Juan on date 2023-02-12[0m
[33m[2025-04-25 14:41:51,233] WARNING: No records found for station Santa Eulalia del Río Negro on date 2023-02-12[0m
[33m[2025-04-25 14:41:51,233] WARNING: No records found for station Villanueva Valrojo on date 2023-02-12[0m
[33m[2025-04-25 14:41:51,234] WARNING: No records found for station Culla D'Arcu on date 2023-02-12[0m
[33m[2025-04-25 14:41:51,235] WARNING: No records found for station Pénjamo - Langreo on date 2023-02-12[0m
[33m[2025-04-25 14:41:51,236] WARNING: No records found for station Piscifactoría Mundova on date 2023-02-12[0m
[33m[2025-04-25 14:41:51,236] WARNING: No records found for station Marabio-Teverga on date 2023-02-12[0m
[33m[2025-04-25 14:41:51,237] WARNING: No records found for station La Copa-Paraje la Monja on date 2023-02-12[0m
[33m[2025-04-25 14:41:51,238] WARNING: No records found for station Macizo de Líbar on date 2023-02-12[0m
[33m[2025-04-25 14:41:51,238] WARNING: No records found for station Caldevilla (Piloña) on date 2023-02-12[0m
[33m[2025-04-25 14:41:51,239] WARNING: No records found for station Cobijón on date 2023-02-12[0m
[33m[2025-04-25 14:41:51,240] WARNING: No records found for station Donostia Amara B. on date 2023-02-12[0m
[33m[2025-04-25 14:41:51,240] WARNING: No records found for station Villaceid on date 2023-02-12[0m
[33m[2025-04-25 14:41:51,241] WARNING: No records found for station Otero de Bodas on date 2023-02-12[0m
[33m[2025-04-25 14:41:51,242] WARNING: No records found for station Senra on date 2023-02-12[0m
[33m[2025-04-25 14:41:51,243] WARNING: No records found for station Villardeciervos  on date 2023-02-12[0m
[33m[2025-04-25 14:41:51,243] WARNING: No records found for station AA_Meteoclimatic (El Entrego) on date 2023-02-12[0m
[33m[2025-04-25 14:41:51,244] WARNING: No records found for station Molinaferrera on date 2023-02-12[0m
[33m[2025-04-25 14:41:51,245] WARNING: No records found for station M. de las Ánimas on date 2023-02-12[0m
[33m[2025-04-25 14:41:51,245] WARNING: No records found for station R. de Beniscornia on date 2023-02-12[0m
[33m[2025-04-25 14:41:51,246] WARNING: No records found for station Villamanín on date 2023-02-12[0m
[33m[2025-04-25 14:41:51,247] WARNING: No records found for station Sta. Mª Trassierra on date 2023-02-12[0m
[33m[2025-04-25 14:41:51,247] WARNING: No records found for station La Matea on date 2023-02-12[0m
[33m[2025-04-25 14:41:51,248] WARNING: No records found for station Cumbre de Pontones on date 2023-02-12[0m
[33m[2025-04-25 14:41:51,249] WARNING: No records found for station Cubillas de Arbas on date 2023-02-12[0m
[33m[2025-04-25 14:41:51,250] WARNING: No records found for station Prado Veneiro-Babia on date 2023-02-12[0m
[33m[2025-04-25 14:41:51,250] WARNING: No records found for station Riopar on date 2023-02-12[0m
[33m[2025-04-25 14:41:51,251] WARNING: No records found for station Cabreros del Río on date 2023-02-12[0m
[33m[2025-04-25 14:41:51,252] WARNING: No records found for station Olea de Boedo on date 2023-02-12[0m
[33m[2025-04-25 14:41:51,252] WARNING: No records found for station Garòs-Naut Aran on date 2023-02-12[0m
[33m[2025-04-25 14:41:51,253] WARNING: No records found for station Nava de Arriba on date 2023-02-12[0m
[33m[2025-04-25 14:41:51,254] WARNING: No records found for station Puerto Alto on date 2023-02-12[0m
[33m[2025-04-25 14:41:51,254] WARNING: No records found for station IES Juan Enzina on date 2023-02-12[0m
[33m[2025-04-25 14:41:51,255] WARNING: No records found for station Caborana on date 2023-02-12[0m
[33m[2025-04-25 14:41:51,256] WARNING: No records found for station Estación de Cabra on date 2023-02-12[0m
[33m[2025-04-25 14:41:51,257] WARNING: No records found for station Radio León on date 2023-02-12[0m
[33m[2025-04-25 14:41:51,257] WARNING: No records found for station Blimea - La Venta on date 2023-02-12[0m
[33m[2025-04-25 14:41:51,258] WARNING: No records found for station Cortijo de Tortas on date 2023-02-12[0m
[33m[2025-04-25 14:41:51,259] WARNING: No records found for station La Balsa Alta on date 2023-02-12[0m
[33m[2025-04-25 14:41:51,259] WARNING: No records found for station Xinzo de Limia on date 2023-02-12[0m
[33m[2025-04-25 14:41:51,260] WARNING: No records found for station AA_Wunderground (San Emiliano (Allande)) on date 2023-02-12[0m
[33m[2025-04-25 14:41:51,261] WARNING: No records found for station Fuentes de Ropel on date 2023-02-12[0m
[33m[2025-04-25 14:41:51,261] WARNING: No records found for station Batán del Puerto on date 2023-02-12[0m
[33m[2025-04-25 14:41:51,262] WARNING: No records found for station Mollet del Vallès Besós on date 2023-02-12[0m
[33m[2025-04-25 14:41:51,263] WARNING: No records found for station Fuente la Sabina on date 2023-02-12[0m
[33m[2025-04-25 14:41:51,264] WARNING: No records found for station Córdoba on date 2023-02-12[0m
[33m[2025-04-25 14:41:51,264] WARNING: No records found for station Vega de Orce on date 2023-02-12[0m
[33m[2025-04-25 14:41:51,265] WARNING: No records found for station Orce on date 2023-02-12[0m
[33m[2025-04-25 14:41:51,266] WARNING: No records found for station Puebla D Fadrique on date 2023-02-12[0m
[33m[2025-04-25 14:41:51,266] WARNING: No records found for station Villazala on date 2023-02-12[0m
[33m[2025-04-25 14:41:51,267] WARNING: No records found for station Arenillas S Pelayo on date 2023-02-12[0m
[33m[2025-04-25 14:41:51,268] WARNING: No records found for station Córdoba Poniente on date 2023-02-12[0m
[33m[2025-04-25 14:41:51,269] WARNING: No records found for station Ferreras de Arriba on date 2023-02-12[0m
[33m[2025-04-25 14:41:51,270] WARNING: No records found for station El Sahúco on date 2023-02-12[0m
[33m[2025-04-25 14:41:51,270] WARNING: No records found for station Marratxí on date 2023-02-12[0m
[33m[2025-04-25 14:41:51,271] WARNING: No records found for station Oviedo La Florida on date 2023-02-12[0m
[33m[2025-04-25 14:41:51,272] WARNING: No records found for station Molleda,Corvera de Asturias on date 2023-02-12[0m
[33m[2025-04-25 14:41:51,273] WARNING: No records found for station Cofiñal on date 2023-02-12[0m
[33m[2025-04-25 14:41:51,274] WARNING: No records found for station Gillón, Cangas del Narcea on date 2023-02-12[0m
[33m[2025-04-25 14:41:51,274] WARNING: No records found for station Pico La Llambria on date 2023-02-12[0m
[33m[2025-04-25 14:41:51,275] WARNING: No records found for station Villaestrigo Páramo on date 2023-02-12[0m
[33m[2025-04-25 14:41:51,276] WARNING: No records found for station San Andrés del R. on date 2023-02-12[0m
[33m[2025-04-25 14:41:51,277] WARNING: No records found for station Degaña on date 2023-02-12[0m
[33m[2025-04-25 14:41:51,278] WARNING: No records found for station Robledo de Babia on date 2023-02-12[0m
[33m[2025-04-25 14:41:51,279] WARNING: No records found for station Vega de Baxo-Gijón on date 2023-02-12[0m
[33m[2025-04-25 14:41:51,279] WARNING: No records found for station Istán on date 2023-02-12[0m
[33m[2025-04-25 14:41:51,280] WARNING: No records found for station Lorenzana on date 2023-02-12[0m
[33m[2025-04-25 14:41:51,281] WARNING: No records found for station Sª Oreganal (UGR) on date 2023-02-12[0m
[33m[2025-04-25 14:41:51,282] WARNING: No records found for station Riofrío-La Devesa on date 2023-02-12[0m
[33m[2025-04-25 14:41:51,283] WARNING: No records found for station Abelleira on date 2023-02-12[0m
[33m[2025-04-25 14:41:51,283] WARNING: No records found for station Alozaina on date 2023-02-12[0m
[33m[2025-04-25 14:41:51,284] WARNING: No records found for station Casa Campillero on date 2023-02-12[0m
[33m[2025-04-25 14:41:51,285] WARNING: No records found for station Requejo de la Vega on date 2023-02-12[0m
[33m[2025-04-25 14:41:51,286] WARNING: No records found for station Villanófar on date 2023-02-12[0m
[33m[2025-04-25 14:41:51,287] WARNING: No records found for station Montaos on date 2023-02-12[0m
[33m[2025-04-25 14:41:51,287] WARNING: No records found for station Tolox - Cta. Gallo on date 2023-02-12[0m
[33m[2025-04-25 14:41:51,288] WARNING: No records found for station Rágama on date 2023-02-12[0m
[33m[2025-04-25 14:41:51,289] WARNING: No records found for station Serranillos on date 2023-02-12[0m
[33m[2025-04-25 14:41:51,290] WARNING: No records found for station Sª Palmitera (UGR) on date 2023-02-12[0m
[33m[2025-04-25 14:41:51,291] WARNING: No records found for station La Nava (SªNieves) on date 2023-02-12[0m
[33m[2025-04-25 14:41:51,291] WARNING: No records found for station Coin-San Roman on date 2023-02-12[0m
[33m[2025-04-25 14:41:51,292] WARNING: No records found for station Chert/Xert on date 2023-02-12[0m
[33m[2025-04-25 14:41:51,293] WARNING: No records found for station Navacillo (UGR) on date 2023-02-12[0m
[33m[2025-04-25 14:41:51,294] WARNING: No records found for station Quiruelas Vidriales on date 2023-02-12[0m
[33m[2025-04-25 14:41:51,295] WARNING: No records found for station Coin on date 2023-02-12[0m
[33m[2025-04-25 14:41:51,295] WARNING: No records found for station Ronda on date 2023-02-12[0m
[33m[2025-04-25 14:41:51,296] WARNING: No records found for station Astorga on date 2023-02-12[0m
[33m[2025-04-25 14:41:51,297] WARNING: No records found for station Laguna Marquesado on date 2023-02-12[0m
[33m[2025-04-25 14:41:51,298] WARNING: No records found for station Las Lagunas-Mijas Costa on date 2023-02-12[0m
[33m[2025-04-25 14:41:51,299] WARNING: No records found for station Trobajo del Camino on date 2023-02-12[0m
[33m[2025-04-25 14:41:51,299] WARNING: No records found for station Fuente Sta Cruz on date 2023-02-12[0m
[33m[2025-04-25 14:41:51,300] WARNING: No records found for station Vega de Liordes on date 2023-02-12[0m
[33m[2025-04-25 14:41:51,301] WARNING: No records found for station Logroño Centro on date 2023-02-12[0m
[33m[2025-04-25 14:41:51,302] WARNING: No records found for station Donostia - Ibaeta on date 2023-02-12[0m
[33m[2025-04-25 14:41:51,303] WARNING: No records found for station Isoba on date 2023-02-12[0m
[33m[2025-04-25 14:41:51,303] WARNING: No records found for station Arboreto Valonsadero-Soria on date 2023-02-12[0m
[33m[2025-04-25 14:41:51,304] WARNING: No records found for station Logroño Sur on date 2023-02-12[0m
[33m[2025-04-25 14:41:51,305] WARNING: No records found for station La Peral-Somiedo on date 2023-02-12[0m
[33m[2025-04-25 14:41:51,306] WARNING: No records found for station Sopeña de Curueño on date 2023-02-12[0m
[33m[2025-04-25 14:41:51,306] WARNING: No records found for station Llanes on date 2023-02-12[0m
[33m[2025-04-25 14:41:51,307] WARNING: No records found for station Justel on date 2023-02-12[0m
[33m[2025-04-25 14:41:51,308] WARNING: No records found for station Camarzana de Tera on date 2023-02-12[0m
[33m[2025-04-25 14:41:51,309] WARNING: No records found for station Campamento S Juan on date 2023-02-12[0m
[33m[2025-04-25 14:41:51,310] WARNING: No records found for station Zafrilla on date 2023-02-12[0m
[33m[2025-04-25 14:41:51,310] WARNING: No records found for station Lugueros on date 2023-02-12[0m
[33m[2025-04-25 14:41:51,311] WARNING: No records found for station Burón on date 2023-02-12[0m
[33m[2025-04-25 14:41:51,312] WARNING: No records found for station Veguellina on date 2023-02-12[0m
[33m[2025-04-25 14:41:51,313] WARNING: No records found for station Villaquilambre on date 2023-02-12[0m
[33m[2025-04-25 14:41:51,314] WARNING: No records found for station Islantilla Playa on date 2023-02-12[0m
[33m[2025-04-25 14:41:51,314] WARNING: No records found for station Hoya Mollidar on date 2023-02-12[0m
[33m[2025-04-25 14:41:51,315] WARNING: No records found for station La Veredilla-Aldea on date 2023-02-12[0m
[33m[2025-04-25 14:41:51,316] WARNING: No records found for station Otero las Dueñas on date 2023-02-12[0m
[33m[2025-04-25 14:41:51,317] WARNING: No records found for station Cañá Hermosa on date 2023-02-12[0m
[33m[2025-04-25 14:41:51,318] WARNING: No records found for station Callejo de Ordás on date 2023-02-12[0m
[33m[2025-04-25 14:41:51,318] WARNING: No records found for station La Foz - Casu on date 2023-02-12[0m
[33m[2025-04-25 14:41:51,319] WARNING: No records found for station Pozo Romero on date 2023-02-12[0m
[33m[2025-04-25 14:41:51,320] WARNING: No records found for station Sevilla-S Bernardo on date 2023-02-12[0m
[33m[2025-04-25 14:41:51,321] WARNING: No records found for station Oteros de Boedo on date 2023-02-12[0m
[33m[2025-04-25 14:41:51,322] WARNING: No records found for station Villarrodrigo  Regueras on date 2023-02-12[0m
[33m[2025-04-25 14:41:51,322] WARNING: No records found for station Foncebadón on date 2023-02-12[0m
[33m[2025-04-25 14:41:51,323] WARNING: No records found for station Caldevilla Valdeón on date 2023-02-12[0m
[33m[2025-04-25 14:41:51,323] WARNING: No records found for station San Juan de Torres on date 2023-02-12[0m
[33m[2025-04-25 14:41:51,324] WARNING: No records found for station Sojuela on date 2023-02-12[0m
[33m[2025-04-25 14:41:51,324] WARNING: No records found for station Uztárroz/Uztarroze on date 2023-02-12[0m
[33m[2025-04-25 14:41:51,325] WARNING: No records found for station La Copa-Campo Fútbol on date 2023-02-12[0m
[33m[2025-04-25 14:41:51,325] WARNING: No records found for station Hospitalet-Bellvitge on date 2023-02-12[0m
[33m[2025-04-25 14:41:51,325] WARNING: No records found for station Carbajal de la Legua on date 2023-02-12[0m
[33m[2025-04-25 14:41:51,326] WARNING: No records found for station Casas de Alfaro-Rogativa on date 2023-02-12[0m
[33m[2025-04-25 14:41:51,326] WARNING: No records found for station Begíjar on date 2023-02-12[0m
[33m[2025-04-25 14:41:51,327] WARNING: No records found for station Casas de Don Juan on date 2023-02-12[0m
[33m[2025-04-25 14:41:51,327] WARNING: No records found for station Villayuste on date 2023-02-12[0m
[33m[2025-04-25 14:41:51,327] WARNING: No records found for station Pumalverde on date 2023-02-12[0m
[33m[2025-04-25 14:41:51,328] WARNING: No records found for station San Martín de Grazanes on date 2023-02-12[0m
[33m[2025-04-25 14:41:51,328] WARNING: No records found for station Fozara - Outeiro Fernando  on date 2023-02-12[0m
[33m[2025-04-25 14:41:51,328] WARNING: No records found for station La Bañeza2 on date 2023-02-12[0m
[33m[2025-04-25 14:41:51,329] WARNING: No records found for station El Oso on date 2023-02-12[0m
[33m[2025-04-25 14:41:51,329] WARNING: No records found for station Barrio O Sisto - Dozón on date 2023-02-12[0m
[33m[2025-04-25 14:41:51,329] WARNING: No records found for station Oviedo - Fozaneldi on date 2023-02-12[0m
[33m[2025-04-25 14:41:51,330] WARNING: No records found for station Cascajeras (UGR) on date 2023-02-12[0m
[33m[2025-04-25 14:41:51,330] WARNING: No records found for station AA_WeatherlinkV1 (Gusendos Oteros) on date 2023-02-12[0m
[33m[2025-04-25 14:41:51,331] WARNING: No records found for station Filiel on date 2023-02-12[0m
[33m[2025-04-25 14:41:51,331] WARNING: No records found for station Rute Pampanas on date 2023-02-12[0m
[2025-04-25 14:41:51,331] INFO: Starting processing. Run ID: d2e5d3ba-b592-4f22-b19f-6060c0daf992[0m
[2025-04-25 14:41:51,331] INFO: Processor done.[0m
[2025-04-25 14:41:51,331] INFO: Database connections closed.[0m
