[2025-04-25 14:41:28,348] INFO: Connecting to database...[0m
[2025-04-25 14:41:28,363] INFO: Connected to database.[0m
[2025-04-25 14:41:28,363] INFO: Dry run enabled.[0m
[2025-04-25 14:41:28,367] INFO: Scheduler initialized.[0m
[2025-04-25 14:41:28,367] INFO: Processing date: 2023-01-22[0m
[2025-04-25 14:41:28,368] INFO: Available timezones: ['Etc/UTC', 'Europe/Madrid', 'Europe/Lisbon'][0m
[33m[2025-04-25 14:41:28,372] WARNING: No records found for station no_data on date 2023-01-22[0m
[33m[2025-04-25 14:41:28,374] WARNING: No records found for station has_data on date 2023-01-22[0m
[33m[2025-04-25 14:41:28,377] WARNING: No records found for station AA_Ecowitt on date 2023-01-22[0m
[33m[2025-04-25 14:41:28,379] WARNING: No records found for station Coín Coto la Corcha on date 2023-01-22[0m
[33m[2025-04-25 14:41:28,380] WARNING: No records found for station Espinosa de la Ribera on date 2023-01-22[0m
[33m[2025-04-25 14:41:28,381] WARNING: No records found for station Collada de Aralla on date 2023-01-22[0m
[33m[2025-04-25 14:41:28,382] WARNING: No records found for station Sotobañado y Priorato on date 2023-01-22[0m
[33m[2025-04-25 14:41:28,383] WARNING: No records found for station Tavernes Valldigna - Sequers on date 2023-01-22[0m
[33m[2025-04-25 14:41:28,384] WARNING: No records found for station Cerezales del Condado on date 2023-01-22[0m
[33m[2025-04-25 14:41:28,385] WARNING: No records found for station Calzadilla de los Barros on date 2023-01-22[0m
[33m[2025-04-25 14:41:28,386] WARNING: No records found for station Villena-La Encina on date 2023-01-22[0m
[33m[2025-04-25 14:41:28,387] WARNING: No records found for station Villena- Cº S Juan on date 2023-01-22[0m
[33m[2025-04-25 14:41:28,388] WARNING: No records found for station Santa Eulalia del Río Negro on date 2023-01-22[0m
[33m[2025-04-25 14:41:28,389] WARNING: No records found for station Villanueva Valrojo on date 2023-01-22[0m
[33m[2025-04-25 14:41:28,390] WARNING: No records found for station Culla D'Arcu on date 2023-01-22[0m
[33m[2025-04-25 14:41:28,391] WARNING: No records found for station Pénjamo - Langreo on date 2023-01-22[0m
[33m[2025-04-25 14:41:28,392] WARNING: No records found for station Piscifactoría Mundova on date 2023-01-22[0m
[33m[2025-04-25 14:41:28,393] WARNING: No records found for station Marabio-Teverga on date 2023-01-22[0m
[33m[2025-04-25 14:41:28,394] WARNING: No records found for station La Copa-Paraje la Monja on date 2023-01-22[0m
[33m[2025-04-25 14:41:28,395] WARNING: No records found for station Macizo de Líbar on date 2023-01-22[0m
[33m[2025-04-25 14:41:28,396] WARNING: No records found for station Caldevilla (Piloña) on date 2023-01-22[0m
[33m[2025-04-25 14:41:28,397] WARNING: No records found for station Cobijón on date 2023-01-22[0m
[33m[2025-04-25 14:41:28,398] WARNING: No records found for station Donostia Amara B. on date 2023-01-22[0m
[33m[2025-04-25 14:41:28,399] WARNING: No records found for station Villaceid on date 2023-01-22[0m
[33m[2025-04-25 14:41:28,400] WARNING: No records found for station Otero de Bodas on date 2023-01-22[0m
[33m[2025-04-25 14:41:28,401] WARNING: No records found for station Senra on date 2023-01-22[0m
[33m[2025-04-25 14:41:28,402] WARNING: No records found for station Villardeciervos  on date 2023-01-22[0m
[33m[2025-04-25 14:41:28,403] WARNING: No records found for station AA_Meteoclimatic (El Entrego) on date 2023-01-22[0m
[33m[2025-04-25 14:41:28,404] WARNING: No records found for station Molinaferrera on date 2023-01-22[0m
[33m[2025-04-25 14:41:28,405] WARNING: No records found for station M. de las Ánimas on date 2023-01-22[0m
[33m[2025-04-25 14:41:28,405] WARNING: No records found for station R. de Beniscornia on date 2023-01-22[0m
[33m[2025-04-25 14:41:28,406] WARNING: No records found for station Villamanín on date 2023-01-22[0m
[33m[2025-04-25 14:41:28,407] WARNING: No records found for station Sta. Mª Trassierra on date 2023-01-22[0m
[33m[2025-04-25 14:41:28,408] WARNING: No records found for station La Matea on date 2023-01-22[0m
[33m[2025-04-25 14:41:28,409] WARNING: No records found for station Cumbre de Pontones on date 2023-01-22[0m
[33m[2025-04-25 14:41:28,410] WARNING: No records found for station Cubillas de Arbas on date 2023-01-22[0m
[33m[2025-04-25 14:41:28,411] WARNING: No records found for station Prado Veneiro-Babia on date 2023-01-22[0m
[33m[2025-04-25 14:41:28,411] WARNING: No records found for station Riopar on date 2023-01-22[0m
[33m[2025-04-25 14:41:28,412] WARNING: No records found for station Cabreros del Río on date 2023-01-22[0m
[33m[2025-04-25 14:41:28,413] WARNING: No records found for station Olea de Boedo on date 2023-01-22[0m
[33m[2025-04-25 14:41:28,414] WARNING: No records found for station Garòs-Naut Aran on date 2023-01-22[0m
[33m[2025-04-25 14:41:28,415] WARNING: No records found for station Nava de Arriba on date 2023-01-22[0m
[33m[2025-04-25 14:41:28,416] WARNING: No records found for station Puerto Alto on date 2023-01-22[0m
[33m[2025-04-25 14:41:28,417] WARNING: No records found for station IES Juan Enzina on date 2023-01-22[0m
[33m[2025-04-25 14:41:28,417] WARNING: No records found for station Caborana on date 2023-01-22[0m
[33m[2025-04-25 14:41:28,418] WARNING: No records found for station Estación de Cabra on date 2023-01-22[0m
[33m[2025-04-25 14:41:28,419] WARNING: No records found for station Radio León on date 2023-01-22[0m
[33m[2025-04-25 14:41:28,420] WARNING: No records found for station Blimea - La Venta on date 2023-01-22[0m
[33m[2025-04-25 14:41:28,421] WARNING: No records found for station Cortijo de Tortas on date 2023-01-22[0m
[33m[2025-04-25 14:41:28,422] WARNING: No records found for station La Balsa Alta on date 2023-01-22[0m
[33m[2025-04-25 14:41:28,422] WARNING: No records found for station Xinzo de Limia on date 2023-01-22[0m
[33m[2025-04-25 14:41:28,423] WARNING: No records found for station AA_Wunderground (San Emiliano (Allande)) on date 2023-01-22[0m
[33m[2025-04-25 14:41:28,424] WARNING: No records found for station Fuentes de Ropel on date 2023-01-22[0m
[33m[2025-04-25 14:41:28,425] WARNING: No records found for station Batán del Puerto on date 2023-01-22[0m
[33m[2025-04-25 14:41:28,426] WARNING: No records found for station Mollet del Vallès Besós on date 2023-01-22[0m
[33m[2025-04-25 14:41:28,427] WARNING: No records found for station Fuente la Sabina on date 2023-01-22[0m
[33m[2025-04-25 14:41:28,428] WARNING: No records found for station Córdoba on date 2023-01-22[0m
[33m[2025-04-25 14:41:28,429] WARNING: No records found for station Vega de Orce on date 2023-01-22[0m
[33m[2025-04-25 14:41:28,430] WARNING: No records found for station Orce on date 2023-01-22[0m
[33m[2025-04-25 14:41:28,431] WARNING: No records found for station Puebla D Fadrique on date 2023-01-22[0m
[33m[2025-04-25 14:41:28,432] WARNING: No records found for station Villazala on date 2023-01-22[0m
[33m[2025-04-25 14:41:28,433] WARNING: No records found for station Arenillas S Pelayo on date 2023-01-22[0m
[33m[2025-04-25 14:41:28,434] WARNING: No records found for station Córdoba Poniente on date 2023-01-22[0m
[33m[2025-04-25 14:41:28,434] WARNING: No records found for station Ferreras de Arriba on date 2023-01-22[0m
[33m[2025-04-25 14:41:28,435] WARNING: No records found for station El Sahúco on date 2023-01-22[0m
[33m[2025-04-25 14:41:28,436] WARNING: No records found for station Marratxí on date 2023-01-22[0m
[33m[2025-04-25 14:41:28,437] WARNING: No records found for station Oviedo La Florida on date 2023-01-22[0m
[33m[2025-04-25 14:41:28,437] WARNING: No records found for station Molleda,Corvera de Asturias on date 2023-01-22[0m
[33m[2025-04-25 14:41:28,438] WARNING: No records found for station Cofiñal on date 2023-01-22[0m
[33m[2025-04-25 14:41:28,439] WARNING: No records found for station Gillón, Cangas del Narcea on date 2023-01-22[0m
[33m[2025-04-25 14:41:28,440] WARNING: No records found for station Pico La Llambria on date 2023-01-22[0m
[33m[2025-04-25 14:41:28,440] WARNING: No records found for station Villaestrigo Páramo on date 2023-01-22[0m
[33m[2025-04-25 14:41:28,441] WARNING: No records found for station San Andrés del R. on date 2023-01-22[0m
[33m[2025-04-25 14:41:28,442] WARNING: No records found for station Degaña on date 2023-01-22[0m
[33m[2025-04-25 14:41:28,442] WARNING: No records found for station Robledo de Babia on date 2023-01-22[0m
[33m[2025-04-25 14:41:28,443] WARNING: No records found for station Vega de Baxo-Gijón on date 2023-01-22[0m
[33m[2025-04-25 14:41:28,444] WARNING: No records found for station Istán on date 2023-01-22[0m
[33m[2025-04-25 14:41:28,445] WARNING: No records found for station Lorenzana on date 2023-01-22[0m
[33m[2025-04-25 14:41:28,445] WARNING: No records found for station Sª Oreganal (UGR) on date 2023-01-22[0m
[33m[2025-04-25 14:41:28,446] WARNING: No records found for station Riofrío-La Devesa on date 2023-01-22[0m
[33m[2025-04-25 14:41:28,447] WARNING: No records found for station Abelleira on date 2023-01-22[0m
[33m[2025-04-25 14:41:28,447] WARNING: No records found for station Alozaina on date 2023-01-22[0m
[33m[2025-04-25 14:41:28,448] WARNING: No records found for station Casa Campillero on date 2023-01-22[0m
[33m[2025-04-25 14:41:28,449] WARNING: No records found for station Requejo de la Vega on date 2023-01-22[0m
[33m[2025-04-25 14:41:28,449] WARNING: No records found for station Villanófar on date 2023-01-22[0m
[33m[2025-04-25 14:41:28,450] WARNING: No records found for station Montaos on date 2023-01-22[0m
[33m[2025-04-25 14:41:28,451] WARNING: No records found for station Tolox - Cta. Gallo on date 2023-01-22[0m
[33m[2025-04-25 14:41:28,452] WARNING: No records found for station Rágama on date 2023-01-22[0m
[33m[2025-04-25 14:41:28,452] WARNING: No records found for station Serranillos on date 2023-01-22[0m
[33m[2025-04-25 14:41:28,453] WARNING: No records found for station Sª Palmitera (UGR) on date 2023-01-22[0m
[33m[2025-04-25 14:41:28,454] WARNING: No records found for station La Nava (SªNieves) on date 2023-01-22[0m
[33m[2025-04-25 14:41:28,454] WARNING: No records found for station Coin-San Roman on date 2023-01-22[0m
[33m[2025-04-25 14:41:28,455] WARNING: No records found for station Chert/Xert on date 2023-01-22[0m
[33m[2025-04-25 14:41:28,456] WARNING: No records found for station Navacillo (UGR) on date 2023-01-22[0m
[33m[2025-04-25 14:41:28,456] WARNING: No records found for station Quiruelas Vidriales on date 2023-01-22[0m
[33m[2025-04-25 14:41:28,457] WARNING: No records found for station Coin on date 2023-01-22[0m
[33m[2025-04-25 14:41:28,458] WARNING: No records found for station Ronda on date 2023-01-22[0m
[33m[2025-04-25 14:41:28,459] WARNING: No records found for station Astorga on date 2023-01-22[0m
[33m[2025-04-25 14:41:28,459] WARNING: No records found for station Laguna Marquesado on date 2023-01-22[0m
[33m[2025-04-25 14:41:28,460] WARNING: No records found for station Las Lagunas-Mijas Costa on date 2023-01-22[0m
[33m[2025-04-25 14:41:28,461] WARNING: No records found for station Trobajo del Camino on date 2023-01-22[0m
[33m[2025-04-25 14:41:28,461] WARNING: No records found for station Fuente Sta Cruz on date 2023-01-22[0m
[33m[2025-04-25 14:41:28,462] WARNING: No records found for station Vega de Liordes on date 2023-01-22[0m
[33m[2025-04-25 14:41:28,463] WARNING: No records found for station Logroño Centro on date 2023-01-22[0m
[33m[2025-04-25 14:41:28,463] WARNING: No records found for station Donostia - Ibaeta on date 2023-01-22[0m
[33m[2025-04-25 14:41:28,464] WARNING: No records found for station Isoba on date 2023-01-22[0m
[33m[2025-04-25 14:41:28,465] WARNING: No records found for station Arboreto Valonsadero-Soria on date 2023-01-22[0m
[33m[2025-04-25 14:41:28,466] WARNING: No records found for station Logroño Sur on date 2023-01-22[0m
[33m[2025-04-25 14:41:28,466] WARNING: No records found for station La Peral-Somiedo on date 2023-01-22[0m
[33m[2025-04-25 14:41:28,467] WARNING: No records found for station Sopeña de Curueño on date 2023-01-22[0m
[33m[2025-04-25 14:41:28,468] WARNING: No records found for station Llanes on date 2023-01-22[0m
[33m[2025-04-25 14:41:28,468] WARNING: No records found for station Justel on date 2023-01-22[0m
[33m[2025-04-25 14:41:28,469] WARNING: No records found for station Camarzana de Tera on date 2023-01-22[0m
[33m[2025-04-25 14:41:28,470] WARNING: No records found for station Campamento S Juan on date 2023-01-22[0m
[33m[2025-04-25 14:41:28,470] WARNING: No records found for station Zafrilla on date 2023-01-22[0m
[33m[2025-04-25 14:41:28,471] WARNING: No records found for station Lugueros on date 2023-01-22[0m
[33m[2025-04-25 14:41:28,472] WARNING: No records found for station Burón on date 2023-01-22[0m
[33m[2025-04-25 14:41:28,473] WARNING: No records found for station Veguellina on date 2023-01-22[0m
[33m[2025-04-25 14:41:28,473] WARNING: No records found for station Villaquilambre on date 2023-01-22[0m
[33m[2025-04-25 14:41:28,474] WARNING: No records found for station Islantilla Playa on date 2023-01-22[0m
[33m[2025-04-25 14:41:28,475] WARNING: No records found for station Hoya Mollidar on date 2023-01-22[0m
[33m[2025-04-25 14:41:28,475] WARNING: No records found for station La Veredilla-Aldea on date 2023-01-22[0m
[33m[2025-04-25 14:41:28,476] WARNING: No records found for station Otero las Dueñas on date 2023-01-22[0m
[33m[2025-04-25 14:41:28,477] WARNING: No records found for station Cañá Hermosa on date 2023-01-22[0m
[33m[2025-04-25 14:41:28,477] WARNING: No records found for station Callejo de Ordás on date 2023-01-22[0m
[33m[2025-04-25 14:41:28,478] WARNING: No records found for station La Foz - Casu on date 2023-01-22[0m
[33m[2025-04-25 14:41:28,479] WARNING: No records found for station Pozo Romero on date 2023-01-22[0m
[33m[2025-04-25 14:41:28,480] WARNING: No records found for station Sevilla-S Bernardo on date 2023-01-22[0m
[33m[2025-04-25 14:41:28,480] WARNING: No records found for station Oteros de Boedo on date 2023-01-22[0m
[33m[2025-04-25 14:41:28,481] WARNING: No records found for station Villarrodrigo  Regueras on date 2023-01-22[0m
[33m[2025-04-25 14:41:28,482] WARNING: No records found for station Foncebadón on date 2023-01-22[0m
[33m[2025-04-25 14:41:28,482] WARNING: No records found for station Caldevilla Valdeón on date 2023-01-22[0m
[33m[2025-04-25 14:41:28,483] WARNING: No records found for station San Juan de Torres on date 2023-01-22[0m
[33m[2025-04-25 14:41:28,484] WARNING: No records found for station Sojuela on date 2023-01-22[0m
[33m[2025-04-25 14:41:28,484] WARNING: No records found for station Uztárroz/Uztarroze on date 2023-01-22[0m
[33m[2025-04-25 14:41:28,485] WARNING: No records found for station La Copa-Campo Fútbol on date 2023-01-22[0m
[33m[2025-04-25 14:41:28,486] WARNING: No records found for station Hospitalet-Bellvitge on date 2023-01-22[0m
[33m[2025-04-25 14:41:28,486] WARNING: No records found for station Carbajal de la Legua on date 2023-01-22[0m
[33m[2025-04-25 14:41:28,487] WARNING: No records found for station Casas de Alfaro-Rogativa on date 2023-01-22[0m
[33m[2025-04-25 14:41:28,488] WARNING: No records found for station Begíjar on date 2023-01-22[0m
[33m[2025-04-25 14:41:28,489] WARNING: No records found for station Casas de Don Juan on date 2023-01-22[0m
[33m[2025-04-25 14:41:28,489] WARNING: No records found for station Villayuste on date 2023-01-22[0m
[33m[2025-04-25 14:41:28,490] WARNING: No records found for station Pumalverde on date 2023-01-22[0m
[33m[2025-04-25 14:41:28,491] WARNING: No records found for station San Martín de Grazanes on date 2023-01-22[0m
[33m[2025-04-25 14:41:28,491] WARNING: No records found for station Fozara - Outeiro Fernando  on date 2023-01-22[0m
[33m[2025-04-25 14:41:28,492] WARNING: No records found for station La Bañeza2 on date 2023-01-22[0m
[33m[2025-04-25 14:41:28,493] WARNING: No records found for station El Oso on date 2023-01-22[0m
[33m[2025-04-25 14:41:28,493] WARNING: No records found for station Barrio O Sisto - Dozón on date 2023-01-22[0m
[33m[2025-04-25 14:41:28,494] WARNING: No records found for station Oviedo - Fozaneldi on date 2023-01-22[0m
[33m[2025-04-25 14:41:28,495] WARNING: No records found for station Cascajeras (UGR) on date 2023-01-22[0m
[33m[2025-04-25 14:41:28,495] WARNING: No records found for station AA_WeatherlinkV1 (Gusendos Oteros) on date 2023-01-22[0m
[33m[2025-04-25 14:41:28,496] WARNING: No records found for station Filiel on date 2023-01-22[0m
[33m[2025-04-25 14:41:28,497] WARNING: No records found for station Rute Pampanas on date 2023-01-22[0m
[2025-04-25 14:41:28,497] INFO: Starting processing. Run ID: 2c7eaf58-16ad-4d34-9743-4b4589554c5d[0m
[2025-04-25 14:41:28,497] INFO: Processor done.[0m
[2025-04-25 14:41:28,497] INFO: Database connections closed.[0m
