Traceback (most recent call last):
  File "/home/rhean/repos/noromet/processor/main.py", line 14, in <module>
    import pandas as pd
  File "/usr/lib/python3.13/site-packages/pandas/__init__.py", line 49, in <module>
    from pandas.core.api import (
    ...<62 lines>...
    )
  File "/usr/lib/python3.13/site-packages/pandas/core/api.py", line 47, in <module>
    from pandas.core.groupby import (
    ...<2 lines>...
    )
  File "/usr/lib/python3.13/site-packages/pandas/core/groupby/__init__.py", line 1, in <module>
    from pandas.core.groupby.generic import (
    ...<3 lines>...
    )
  File "/usr/lib/python3.13/site-packages/pandas/core/groupby/generic.py", line 68, in <module>
    from pandas.core.frame import DataFrame
  File "/usr/lib/python3.13/site-packages/pandas/core/frame.py", line 149, in <module>
    from pandas.core.generic import (
    ...<2 lines>...
    )
  File "/usr/lib/python3.13/site-packages/pandas/core/generic.py", line 193, in <module>
    from pandas.core.window import (
    ...<4 lines>...
    )
  File "/usr/lib/python3.13/site-packages/pandas/core/window/__init__.py", line 1, in <module>
    from pandas.core.window.ewm import (
    ...<2 lines>...
    )
  File "/usr/lib/python3.13/site-packages/pandas/core/window/ewm.py", line 52, in <module>
    from pandas.core.window.rolling import (
    ...<2 lines>...
    )
  File "/usr/lib/python3.13/site-packages/pandas/core/window/rolling.py", line 1855, in <module>
    class Rolling(RollingAndExpandingMixin):
    ...<1010 lines>...
            )
  File "/usr/lib/python3.13/site-packages/pandas/core/window/rolling.py", line 2366, in Rolling
    @doc(
     ~~~^
        template_header,
        ^^^^^^^^^^^^^^^^
    ...<41 lines>...
        agg_method="var",
        ^^^^^^^^^^^^^^^^^
    )
    ^
  File "/usr/lib/python3.13/site-packages/pandas/util/_decorators.py", line 380, in decorator
    component.format(**params)
    ~~~~~~~~~~~~~~~~^^^^^^^^^^
KeyboardInterrupt
