[2025-04-25 14:41:24,067] INFO: Connecting to database...[0m
[2025-04-25 14:41:24,083] INFO: Connected to database.[0m
[2025-04-25 14:41:24,083] INFO: Dry run enabled.[0m
[2025-04-25 14:41:24,086] INFO: Scheduler initialized.[0m
[2025-04-25 14:41:24,086] INFO: Processing date: 2023-01-18[0m
[2025-04-25 14:41:24,087] INFO: Available timezones: ['Etc/UTC', 'Europe/Madrid', 'Europe/Lisbon'][0m
[33m[2025-04-25 14:41:24,091] WARNING: No records found for station no_data on date 2023-01-18[0m
[33m[2025-04-25 14:41:24,092] WARNING: No records found for station has_data on date 2023-01-18[0m
[33m[2025-04-25 14:41:24,093] WARNING: No records found for station AA_Ecowitt on date 2023-01-18[0m
[33m[2025-04-25 14:41:24,094] WARNING: No records found for station Coín Coto la Corcha on date 2023-01-18[0m
[33m[2025-04-25 14:41:24,094] WARNING: No records found for station Espinosa de la Ribera on date 2023-01-18[0m
[33m[2025-04-25 14:41:24,095] WARNING: No records found for station Collada de Aralla on date 2023-01-18[0m
[33m[2025-04-25 14:41:24,097] WARNING: No records found for station Sotobañado y Priorato on date 2023-01-18[0m
[33m[2025-04-25 14:41:24,098] WARNING: No records found for station Tavernes Valldigna - Sequers on date 2023-01-18[0m
[33m[2025-04-25 14:41:24,099] WARNING: No records found for station Cerezales del Condado on date 2023-01-18[0m
[33m[2025-04-25 14:41:24,100] WARNING: No records found for station Calzadilla de los Barros on date 2023-01-18[0m
[33m[2025-04-25 14:41:24,101] WARNING: No records found for station Villena-La Encina on date 2023-01-18[0m
[33m[2025-04-25 14:41:24,103] WARNING: No records found for station Villena- Cº S Juan on date 2023-01-18[0m
[33m[2025-04-25 14:41:24,104] WARNING: No records found for station Santa Eulalia del Río Negro on date 2023-01-18[0m
[33m[2025-04-25 14:41:24,106] WARNING: No records found for station Villanueva Valrojo on date 2023-01-18[0m
[33m[2025-04-25 14:41:24,108] WARNING: No records found for station Culla D'Arcu on date 2023-01-18[0m
[33m[2025-04-25 14:41:24,109] WARNING: No records found for station Pénjamo - Langreo on date 2023-01-18[0m
[33m[2025-04-25 14:41:24,111] WARNING: No records found for station Piscifactoría Mundova on date 2023-01-18[0m
[33m[2025-04-25 14:41:24,113] WARNING: No records found for station Marabio-Teverga on date 2023-01-18[0m
[33m[2025-04-25 14:41:24,114] WARNING: No records found for station La Copa-Paraje la Monja on date 2023-01-18[0m
[33m[2025-04-25 14:41:24,116] WARNING: No records found for station Macizo de Líbar on date 2023-01-18[0m
[33m[2025-04-25 14:41:24,117] WARNING: No records found for station Caldevilla (Piloña) on date 2023-01-18[0m
[33m[2025-04-25 14:41:24,118] WARNING: No records found for station Cobijón on date 2023-01-18[0m
[33m[2025-04-25 14:41:24,120] WARNING: No records found for station Donostia Amara B. on date 2023-01-18[0m
[33m[2025-04-25 14:41:24,121] WARNING: No records found for station Villaceid on date 2023-01-18[0m
[33m[2025-04-25 14:41:24,123] WARNING: No records found for station Otero de Bodas on date 2023-01-18[0m
[33m[2025-04-25 14:41:24,124] WARNING: No records found for station Senra on date 2023-01-18[0m
[33m[2025-04-25 14:41:24,126] WARNING: No records found for station Villardeciervos  on date 2023-01-18[0m
[33m[2025-04-25 14:41:24,127] WARNING: No records found for station AA_Meteoclimatic (El Entrego) on date 2023-01-18[0m
[33m[2025-04-25 14:41:24,129] WARNING: No records found for station Molinaferrera on date 2023-01-18[0m
[33m[2025-04-25 14:41:24,130] WARNING: No records found for station M. de las Ánimas on date 2023-01-18[0m
[33m[2025-04-25 14:41:24,131] WARNING: No records found for station R. de Beniscornia on date 2023-01-18[0m
[33m[2025-04-25 14:41:24,133] WARNING: No records found for station Villamanín on date 2023-01-18[0m
[33m[2025-04-25 14:41:24,134] WARNING: No records found for station Sta. Mª Trassierra on date 2023-01-18[0m
[33m[2025-04-25 14:41:24,135] WARNING: No records found for station La Matea on date 2023-01-18[0m
[33m[2025-04-25 14:41:24,137] WARNING: No records found for station Cumbre de Pontones on date 2023-01-18[0m
[33m[2025-04-25 14:41:24,139] WARNING: No records found for station Cubillas de Arbas on date 2023-01-18[0m
[33m[2025-04-25 14:41:24,141] WARNING: No records found for station Prado Veneiro-Babia on date 2023-01-18[0m
[33m[2025-04-25 14:41:24,142] WARNING: No records found for station Riopar on date 2023-01-18[0m
[33m[2025-04-25 14:41:24,144] WARNING: No records found for station Cabreros del Río on date 2023-01-18[0m
[33m[2025-04-25 14:41:24,145] WARNING: No records found for station Olea de Boedo on date 2023-01-18[0m
[33m[2025-04-25 14:41:24,147] WARNING: No records found for station Garòs-Naut Aran on date 2023-01-18[0m
[33m[2025-04-25 14:41:24,149] WARNING: No records found for station Nava de Arriba on date 2023-01-18[0m
[33m[2025-04-25 14:41:24,150] WARNING: No records found for station Puerto Alto on date 2023-01-18[0m
[33m[2025-04-25 14:41:24,152] WARNING: No records found for station IES Juan Enzina on date 2023-01-18[0m
[33m[2025-04-25 14:41:24,153] WARNING: No records found for station Caborana on date 2023-01-18[0m
[33m[2025-04-25 14:41:24,154] WARNING: No records found for station Estación de Cabra on date 2023-01-18[0m
[33m[2025-04-25 14:41:24,155] WARNING: No records found for station Radio León on date 2023-01-18[0m
[33m[2025-04-25 14:41:24,156] WARNING: No records found for station Blimea - La Venta on date 2023-01-18[0m
[33m[2025-04-25 14:41:24,157] WARNING: No records found for station Cortijo de Tortas on date 2023-01-18[0m
[33m[2025-04-25 14:41:24,158] WARNING: No records found for station La Balsa Alta on date 2023-01-18[0m
[33m[2025-04-25 14:41:24,159] WARNING: No records found for station Xinzo de Limia on date 2023-01-18[0m
[33m[2025-04-25 14:41:24,160] WARNING: No records found for station AA_Wunderground (San Emiliano (Allande)) on date 2023-01-18[0m
[33m[2025-04-25 14:41:24,160] WARNING: No records found for station Fuentes de Ropel on date 2023-01-18[0m
[33m[2025-04-25 14:41:24,161] WARNING: No records found for station Batán del Puerto on date 2023-01-18[0m
[33m[2025-04-25 14:41:24,162] WARNING: No records found for station Mollet del Vallès Besós on date 2023-01-18[0m
[33m[2025-04-25 14:41:24,163] WARNING: No records found for station Fuente la Sabina on date 2023-01-18[0m
[33m[2025-04-25 14:41:24,164] WARNING: No records found for station Córdoba on date 2023-01-18[0m
[33m[2025-04-25 14:41:24,164] WARNING: No records found for station Vega de Orce on date 2023-01-18[0m
[33m[2025-04-25 14:41:24,165] WARNING: No records found for station Orce on date 2023-01-18[0m
[33m[2025-04-25 14:41:24,166] WARNING: No records found for station Puebla D Fadrique on date 2023-01-18[0m
[33m[2025-04-25 14:41:24,167] WARNING: No records found for station Villazala on date 2023-01-18[0m
[33m[2025-04-25 14:41:24,168] WARNING: No records found for station Arenillas S Pelayo on date 2023-01-18[0m
[33m[2025-04-25 14:41:24,168] WARNING: No records found for station Córdoba Poniente on date 2023-01-18[0m
[33m[2025-04-25 14:41:24,169] WARNING: No records found for station Ferreras de Arriba on date 2023-01-18[0m
[33m[2025-04-25 14:41:24,170] WARNING: No records found for station El Sahúco on date 2023-01-18[0m
[33m[2025-04-25 14:41:24,171] WARNING: No records found for station Marratxí on date 2023-01-18[0m
[33m[2025-04-25 14:41:24,171] WARNING: No records found for station Oviedo La Florida on date 2023-01-18[0m
[33m[2025-04-25 14:41:24,172] WARNING: No records found for station Molleda,Corvera de Asturias on date 2023-01-18[0m
[33m[2025-04-25 14:41:24,173] WARNING: No records found for station Cofiñal on date 2023-01-18[0m
[33m[2025-04-25 14:41:24,174] WARNING: No records found for station Gillón, Cangas del Narcea on date 2023-01-18[0m
[33m[2025-04-25 14:41:24,174] WARNING: No records found for station Pico La Llambria on date 2023-01-18[0m
[33m[2025-04-25 14:41:24,175] WARNING: No records found for station Villaestrigo Páramo on date 2023-01-18[0m
[33m[2025-04-25 14:41:24,176] WARNING: No records found for station San Andrés del R. on date 2023-01-18[0m
[33m[2025-04-25 14:41:24,177] WARNING: No records found for station Degaña on date 2023-01-18[0m
[33m[2025-04-25 14:41:24,178] WARNING: No records found for station Robledo de Babia on date 2023-01-18[0m
[33m[2025-04-25 14:41:24,178] WARNING: No records found for station Vega de Baxo-Gijón on date 2023-01-18[0m
[33m[2025-04-25 14:41:24,179] WARNING: No records found for station Istán on date 2023-01-18[0m
[33m[2025-04-25 14:41:24,180] WARNING: No records found for station Lorenzana on date 2023-01-18[0m
[33m[2025-04-25 14:41:24,181] WARNING: No records found for station Sª Oreganal (UGR) on date 2023-01-18[0m
[33m[2025-04-25 14:41:24,181] WARNING: No records found for station Riofrío-La Devesa on date 2023-01-18[0m
[33m[2025-04-25 14:41:24,182] WARNING: No records found for station Abelleira on date 2023-01-18[0m
[33m[2025-04-25 14:41:24,182] WARNING: No records found for station Alozaina on date 2023-01-18[0m
[33m[2025-04-25 14:41:24,183] WARNING: No records found for station Casa Campillero on date 2023-01-18[0m
[33m[2025-04-25 14:41:24,184] WARNING: No records found for station Requejo de la Vega on date 2023-01-18[0m
[33m[2025-04-25 14:41:24,185] WARNING: No records found for station Villanófar on date 2023-01-18[0m
[33m[2025-04-25 14:41:24,186] WARNING: No records found for station Montaos on date 2023-01-18[0m
[33m[2025-04-25 14:41:24,186] WARNING: No records found for station Tolox - Cta. Gallo on date 2023-01-18[0m
[33m[2025-04-25 14:41:24,187] WARNING: No records found for station Rágama on date 2023-01-18[0m
[33m[2025-04-25 14:41:24,188] WARNING: No records found for station Serranillos on date 2023-01-18[0m
[33m[2025-04-25 14:41:24,189] WARNING: No records found for station Sª Palmitera (UGR) on date 2023-01-18[0m
[33m[2025-04-25 14:41:24,190] WARNING: No records found for station La Nava (SªNieves) on date 2023-01-18[0m
[33m[2025-04-25 14:41:24,190] WARNING: No records found for station Coin-San Roman on date 2023-01-18[0m
[33m[2025-04-25 14:41:24,191] WARNING: No records found for station Chert/Xert on date 2023-01-18[0m
[33m[2025-04-25 14:41:24,191] WARNING: No records found for station Navacillo (UGR) on date 2023-01-18[0m
[33m[2025-04-25 14:41:24,191] WARNING: No records found for station Quiruelas Vidriales on date 2023-01-18[0m
[33m[2025-04-25 14:41:24,191] WARNING: No records found for station Coin on date 2023-01-18[0m
[33m[2025-04-25 14:41:24,192] WARNING: No records found for station Ronda on date 2023-01-18[0m
[33m[2025-04-25 14:41:24,192] WARNING: No records found for station Astorga on date 2023-01-18[0m
[33m[2025-04-25 14:41:24,192] WARNING: No records found for station Laguna Marquesado on date 2023-01-18[0m
[33m[2025-04-25 14:41:24,193] WARNING: No records found for station Las Lagunas-Mijas Costa on date 2023-01-18[0m
[33m[2025-04-25 14:41:24,194] WARNING: No records found for station Trobajo del Camino on date 2023-01-18[0m
[33m[2025-04-25 14:41:24,195] WARNING: No records found for station Fuente Sta Cruz on date 2023-01-18[0m
[33m[2025-04-25 14:41:24,195] WARNING: No records found for station Vega de Liordes on date 2023-01-18[0m
[33m[2025-04-25 14:41:24,195] WARNING: No records found for station Logroño Centro on date 2023-01-18[0m
[33m[2025-04-25 14:41:24,196] WARNING: No records found for station Donostia - Ibaeta on date 2023-01-18[0m
[33m[2025-04-25 14:41:24,196] WARNING: No records found for station Isoba on date 2023-01-18[0m
[33m[2025-04-25 14:41:24,196] WARNING: No records found for station Arboreto Valonsadero-Soria on date 2023-01-18[0m
[33m[2025-04-25 14:41:24,197] WARNING: No records found for station Logroño Sur on date 2023-01-18[0m
[33m[2025-04-25 14:41:24,197] WARNING: No records found for station La Peral-Somiedo on date 2023-01-18[0m
[33m[2025-04-25 14:41:24,197] WARNING: No records found for station Sopeña de Curueño on date 2023-01-18[0m
[33m[2025-04-25 14:41:24,197] WARNING: No records found for station Llanes on date 2023-01-18[0m
[33m[2025-04-25 14:41:24,198] WARNING: No records found for station Justel on date 2023-01-18[0m
[33m[2025-04-25 14:41:24,198] WARNING: No records found for station Camarzana de Tera on date 2023-01-18[0m
[33m[2025-04-25 14:41:24,198] WARNING: No records found for station Campamento S Juan on date 2023-01-18[0m
[33m[2025-04-25 14:41:24,199] WARNING: No records found for station Zafrilla on date 2023-01-18[0m
[33m[2025-04-25 14:41:24,199] WARNING: No records found for station Lugueros on date 2023-01-18[0m
[33m[2025-04-25 14:41:24,199] WARNING: No records found for station Burón on date 2023-01-18[0m
[33m[2025-04-25 14:41:24,200] WARNING: No records found for station Veguellina on date 2023-01-18[0m
[33m[2025-04-25 14:41:24,201] WARNING: No records found for station Villaquilambre on date 2023-01-18[0m
[33m[2025-04-25 14:41:24,201] WARNING: No records found for station Islantilla Playa on date 2023-01-18[0m
[33m[2025-04-25 14:41:24,202] WARNING: No records found for station Hoya Mollidar on date 2023-01-18[0m
[33m[2025-04-25 14:41:24,202] WARNING: No records found for station La Veredilla-Aldea on date 2023-01-18[0m
[33m[2025-04-25 14:41:24,203] WARNING: No records found for station Otero las Dueñas on date 2023-01-18[0m
[33m[2025-04-25 14:41:24,203] WARNING: No records found for station Cañá Hermosa on date 2023-01-18[0m
[33m[2025-04-25 14:41:24,203] WARNING: No records found for station Callejo de Ordás on date 2023-01-18[0m
[33m[2025-04-25 14:41:24,204] WARNING: No records found for station La Foz - Casu on date 2023-01-18[0m
[33m[2025-04-25 14:41:24,204] WARNING: No records found for station Pozo Romero on date 2023-01-18[0m
[33m[2025-04-25 14:41:24,204] WARNING: No records found for station Sevilla-S Bernardo on date 2023-01-18[0m
[33m[2025-04-25 14:41:24,205] WARNING: No records found for station Oteros de Boedo on date 2023-01-18[0m
[33m[2025-04-25 14:41:24,205] WARNING: No records found for station Villarrodrigo  Regueras on date 2023-01-18[0m
[33m[2025-04-25 14:41:24,206] WARNING: No records found for station Foncebadón on date 2023-01-18[0m
[33m[2025-04-25 14:41:24,206] WARNING: No records found for station Caldevilla Valdeón on date 2023-01-18[0m
[33m[2025-04-25 14:41:24,206] WARNING: No records found for station San Juan de Torres on date 2023-01-18[0m
[33m[2025-04-25 14:41:24,207] WARNING: No records found for station Sojuela on date 2023-01-18[0m
[33m[2025-04-25 14:41:24,207] WARNING: No records found for station Uztárroz/Uztarroze on date 2023-01-18[0m
[33m[2025-04-25 14:41:24,207] WARNING: No records found for station La Copa-Campo Fútbol on date 2023-01-18[0m
[33m[2025-04-25 14:41:24,208] WARNING: No records found for station Hospitalet-Bellvitge on date 2023-01-18[0m
[33m[2025-04-25 14:41:24,208] WARNING: No records found for station Carbajal de la Legua on date 2023-01-18[0m
[33m[2025-04-25 14:41:24,208] WARNING: No records found for station Casas de Alfaro-Rogativa on date 2023-01-18[0m
[33m[2025-04-25 14:41:24,209] WARNING: No records found for station Begíjar on date 2023-01-18[0m
[33m[2025-04-25 14:41:24,209] WARNING: No records found for station Casas de Don Juan on date 2023-01-18[0m
[33m[2025-04-25 14:41:24,209] WARNING: No records found for station Villayuste on date 2023-01-18[0m
[33m[2025-04-25 14:41:24,210] WARNING: No records found for station Pumalverde on date 2023-01-18[0m
[33m[2025-04-25 14:41:24,210] WARNING: No records found for station San Martín de Grazanes on date 2023-01-18[0m
[33m[2025-04-25 14:41:24,211] WARNING: No records found for station Fozara - Outeiro Fernando  on date 2023-01-18[0m
[33m[2025-04-25 14:41:24,211] WARNING: No records found for station La Bañeza2 on date 2023-01-18[0m
[33m[2025-04-25 14:41:24,211] WARNING: No records found for station El Oso on date 2023-01-18[0m
[33m[2025-04-25 14:41:24,212] WARNING: No records found for station Barrio O Sisto - Dozón on date 2023-01-18[0m
[33m[2025-04-25 14:41:24,212] WARNING: No records found for station Oviedo - Fozaneldi on date 2023-01-18[0m
[33m[2025-04-25 14:41:24,212] WARNING: No records found for station Cascajeras (UGR) on date 2023-01-18[0m
[33m[2025-04-25 14:41:24,213] WARNING: No records found for station AA_WeatherlinkV1 (Gusendos Oteros) on date 2023-01-18[0m
[33m[2025-04-25 14:41:24,213] WARNING: No records found for station Filiel on date 2023-01-18[0m
[33m[2025-04-25 14:41:24,213] WARNING: No records found for station Rute Pampanas on date 2023-01-18[0m
[2025-04-25 14:41:24,213] INFO: Starting processing. Run ID: 1240e91c-c319-4e3e-a503-c7d90709cdd9[0m
[2025-04-25 14:41:24,213] INFO: Processor done.[0m
[2025-04-25 14:41:24,214] INFO: Database connections closed.[0m
