[2025-04-25 14:41:05,606] INFO: Connecting to database...[0m
[2025-04-25 14:41:05,621] INFO: Connected to database.[0m
[2025-04-25 14:41:05,621] INFO: Dry run enabled.[0m
[2025-04-25 14:41:05,626] INFO: Scheduler initialized.[0m
[2025-04-25 14:41:05,626] INFO: Processing date: 2023-01-01[0m
[2025-04-25 14:41:05,626] INFO: Available timezones: ['Etc/UTC', 'Europe/Madrid', 'Europe/Lisbon'][0m
[33m[2025-04-25 14:41:05,631] WARNING: No records found for station no_data on date 2023-01-01[0m
[33m[2025-04-25 14:41:05,632] WARNING: No records found for station has_data on date 2023-01-01[0m
[33m[2025-04-25 14:41:05,633] WARNING: No records found for station AA_Ecowitt on date 2023-01-01[0m
[33m[2025-04-25 14:41:05,634] WARNING: No records found for station Coín Coto la Corcha on date 2023-01-01[0m
[33m[2025-04-25 14:41:05,635] WARNING: No records found for station Espinosa de la Ribera on date 2023-01-01[0m
[33m[2025-04-25 14:41:05,636] WARNING: No records found for station Collada de Aralla on date 2023-01-01[0m
[33m[2025-04-25 14:41:05,637] WARNING: No records found for station Sotobañado y Priorato on date 2023-01-01[0m
[33m[2025-04-25 14:41:05,637] WARNING: No records found for station Tavernes Valldigna - Sequers on date 2023-01-01[0m
[33m[2025-04-25 14:41:05,638] WARNING: No records found for station Cerezales del Condado on date 2023-01-01[0m
[33m[2025-04-25 14:41:05,639] WARNING: No records found for station Calzadilla de los Barros on date 2023-01-01[0m
[33m[2025-04-25 14:41:05,640] WARNING: No records found for station Villena-La Encina on date 2023-01-01[0m
[33m[2025-04-25 14:41:05,641] WARNING: No records found for station Villena- Cº S Juan on date 2023-01-01[0m
[33m[2025-04-25 14:41:05,642] WARNING: No records found for station Santa Eulalia del Río Negro on date 2023-01-01[0m
[33m[2025-04-25 14:41:05,643] WARNING: No records found for station Villanueva Valrojo on date 2023-01-01[0m
[33m[2025-04-25 14:41:05,644] WARNING: No records found for station Culla D'Arcu on date 2023-01-01[0m
[33m[2025-04-25 14:41:05,644] WARNING: No records found for station Pénjamo - Langreo on date 2023-01-01[0m
[33m[2025-04-25 14:41:05,645] WARNING: No records found for station Piscifactoría Mundova on date 2023-01-01[0m
[33m[2025-04-25 14:41:05,646] WARNING: No records found for station Marabio-Teverga on date 2023-01-01[0m
[33m[2025-04-25 14:41:05,647] WARNING: No records found for station La Copa-Paraje la Monja on date 2023-01-01[0m
[33m[2025-04-25 14:41:05,648] WARNING: No records found for station Macizo de Líbar on date 2023-01-01[0m
[33m[2025-04-25 14:41:05,649] WARNING: No records found for station Caldevilla (Piloña) on date 2023-01-01[0m
[33m[2025-04-25 14:41:05,650] WARNING: No records found for station Cobijón on date 2023-01-01[0m
[33m[2025-04-25 14:41:05,650] WARNING: No records found for station Donostia Amara B. on date 2023-01-01[0m
[33m[2025-04-25 14:41:05,651] WARNING: No records found for station Villaceid on date 2023-01-01[0m
[33m[2025-04-25 14:41:05,652] WARNING: No records found for station Otero de Bodas on date 2023-01-01[0m
[33m[2025-04-25 14:41:05,653] WARNING: No records found for station Senra on date 2023-01-01[0m
[33m[2025-04-25 14:41:05,654] WARNING: No records found for station Villardeciervos  on date 2023-01-01[0m
[33m[2025-04-25 14:41:05,654] WARNING: No records found for station AA_Meteoclimatic (El Entrego) on date 2023-01-01[0m
[33m[2025-04-25 14:41:05,655] WARNING: No records found for station Molinaferrera on date 2023-01-01[0m
[33m[2025-04-25 14:41:05,656] WARNING: No records found for station M. de las Ánimas on date 2023-01-01[0m
[33m[2025-04-25 14:41:05,657] WARNING: No records found for station R. de Beniscornia on date 2023-01-01[0m
[33m[2025-04-25 14:41:05,658] WARNING: No records found for station Villamanín on date 2023-01-01[0m
[33m[2025-04-25 14:41:05,659] WARNING: No records found for station Sta. Mª Trassierra on date 2023-01-01[0m
[33m[2025-04-25 14:41:05,660] WARNING: No records found for station La Matea on date 2023-01-01[0m
[33m[2025-04-25 14:41:05,661] WARNING: No records found for station Cumbre de Pontones on date 2023-01-01[0m
[33m[2025-04-25 14:41:05,661] WARNING: No records found for station Cubillas de Arbas on date 2023-01-01[0m
[33m[2025-04-25 14:41:05,662] WARNING: No records found for station Prado Veneiro-Babia on date 2023-01-01[0m
[33m[2025-04-25 14:41:05,663] WARNING: No records found for station Riopar on date 2023-01-01[0m
[33m[2025-04-25 14:41:05,664] WARNING: No records found for station Cabreros del Río on date 2023-01-01[0m
[33m[2025-04-25 14:41:05,665] WARNING: No records found for station Olea de Boedo on date 2023-01-01[0m
[33m[2025-04-25 14:41:05,666] WARNING: No records found for station Garòs-Naut Aran on date 2023-01-01[0m
[33m[2025-04-25 14:41:05,667] WARNING: No records found for station Nava de Arriba on date 2023-01-01[0m
[33m[2025-04-25 14:41:05,667] WARNING: No records found for station Puerto Alto on date 2023-01-01[0m
[33m[2025-04-25 14:41:05,668] WARNING: No records found for station IES Juan Enzina on date 2023-01-01[0m
[33m[2025-04-25 14:41:05,669] WARNING: No records found for station Caborana on date 2023-01-01[0m
[33m[2025-04-25 14:41:05,670] WARNING: No records found for station Estación de Cabra on date 2023-01-01[0m
[33m[2025-04-25 14:41:05,671] WARNING: No records found for station Radio León on date 2023-01-01[0m
[33m[2025-04-25 14:41:05,671] WARNING: No records found for station Blimea - La Venta on date 2023-01-01[0m
[33m[2025-04-25 14:41:05,673] WARNING: No records found for station Cortijo de Tortas on date 2023-01-01[0m
[33m[2025-04-25 14:41:05,674] WARNING: No records found for station La Balsa Alta on date 2023-01-01[0m
[33m[2025-04-25 14:41:05,675] WARNING: No records found for station Xinzo de Limia on date 2023-01-01[0m
[33m[2025-04-25 14:41:05,676] WARNING: No records found for station AA_Wunderground (San Emiliano (Allande)) on date 2023-01-01[0m
[33m[2025-04-25 14:41:05,677] WARNING: No records found for station Fuentes de Ropel on date 2023-01-01[0m
[33m[2025-04-25 14:41:05,678] WARNING: No records found for station Batán del Puerto on date 2023-01-01[0m
[33m[2025-04-25 14:41:05,679] WARNING: No records found for station Mollet del Vallès Besós on date 2023-01-01[0m
[33m[2025-04-25 14:41:05,681] WARNING: No records found for station Fuente la Sabina on date 2023-01-01[0m
[33m[2025-04-25 14:41:05,682] WARNING: No records found for station Córdoba on date 2023-01-01[0m
[33m[2025-04-25 14:41:05,683] WARNING: No records found for station Vega de Orce on date 2023-01-01[0m
[33m[2025-04-25 14:41:05,684] WARNING: No records found for station Orce on date 2023-01-01[0m
[33m[2025-04-25 14:41:05,684] WARNING: No records found for station Puebla D Fadrique on date 2023-01-01[0m
[33m[2025-04-25 14:41:05,685] WARNING: No records found for station Villazala on date 2023-01-01[0m
[33m[2025-04-25 14:41:05,686] WARNING: No records found for station Arenillas S Pelayo on date 2023-01-01[0m
[33m[2025-04-25 14:41:05,687] WARNING: No records found for station Córdoba Poniente on date 2023-01-01[0m
[33m[2025-04-25 14:41:05,687] WARNING: No records found for station Ferreras de Arriba on date 2023-01-01[0m
[33m[2025-04-25 14:41:05,688] WARNING: No records found for station El Sahúco on date 2023-01-01[0m
[33m[2025-04-25 14:41:05,689] WARNING: No records found for station Marratxí on date 2023-01-01[0m
[33m[2025-04-25 14:41:05,690] WARNING: No records found for station Oviedo La Florida on date 2023-01-01[0m
[33m[2025-04-25 14:41:05,690] WARNING: No records found for station Molleda,Corvera de Asturias on date 2023-01-01[0m
[33m[2025-04-25 14:41:05,691] WARNING: No records found for station Cofiñal on date 2023-01-01[0m
[33m[2025-04-25 14:41:05,692] WARNING: No records found for station Gillón, Cangas del Narcea on date 2023-01-01[0m
[33m[2025-04-25 14:41:05,693] WARNING: No records found for station Pico La Llambria on date 2023-01-01[0m
[33m[2025-04-25 14:41:05,693] WARNING: No records found for station Villaestrigo Páramo on date 2023-01-01[0m
[33m[2025-04-25 14:41:05,694] WARNING: No records found for station San Andrés del R. on date 2023-01-01[0m
[33m[2025-04-25 14:41:05,695] WARNING: No records found for station Degaña on date 2023-01-01[0m
[33m[2025-04-25 14:41:05,696] WARNING: No records found for station Robledo de Babia on date 2023-01-01[0m
[33m[2025-04-25 14:41:05,696] WARNING: No records found for station Vega de Baxo-Gijón on date 2023-01-01[0m
[33m[2025-04-25 14:41:05,697] WARNING: No records found for station Istán on date 2023-01-01[0m
[33m[2025-04-25 14:41:05,698] WARNING: No records found for station Lorenzana on date 2023-01-01[0m
[33m[2025-04-25 14:41:05,698] WARNING: No records found for station Sª Oreganal (UGR) on date 2023-01-01[0m
[33m[2025-04-25 14:41:05,699] WARNING: No records found for station Riofrío-La Devesa on date 2023-01-01[0m
[33m[2025-04-25 14:41:05,700] WARNING: No records found for station Abelleira on date 2023-01-01[0m
[33m[2025-04-25 14:41:05,701] WARNING: No records found for station Alozaina on date 2023-01-01[0m
[33m[2025-04-25 14:41:05,701] WARNING: No records found for station Casa Campillero on date 2023-01-01[0m
[33m[2025-04-25 14:41:05,702] WARNING: No records found for station Requejo de la Vega on date 2023-01-01[0m
[33m[2025-04-25 14:41:05,703] WARNING: No records found for station Villanófar on date 2023-01-01[0m
[33m[2025-04-25 14:41:05,703] WARNING: No records found for station Montaos on date 2023-01-01[0m
[33m[2025-04-25 14:41:05,704] WARNING: No records found for station Tolox - Cta. Gallo on date 2023-01-01[0m
[33m[2025-04-25 14:41:05,705] WARNING: No records found for station Rágama on date 2023-01-01[0m
[33m[2025-04-25 14:41:05,706] WARNING: No records found for station Serranillos on date 2023-01-01[0m
[33m[2025-04-25 14:41:05,706] WARNING: No records found for station Sª Palmitera (UGR) on date 2023-01-01[0m
[33m[2025-04-25 14:41:05,707] WARNING: No records found for station La Nava (SªNieves) on date 2023-01-01[0m
[33m[2025-04-25 14:41:05,708] WARNING: No records found for station Coin-San Roman on date 2023-01-01[0m
[33m[2025-04-25 14:41:05,708] WARNING: No records found for station Chert/Xert on date 2023-01-01[0m
[33m[2025-04-25 14:41:05,709] WARNING: No records found for station Navacillo (UGR) on date 2023-01-01[0m
[33m[2025-04-25 14:41:05,710] WARNING: No records found for station Quiruelas Vidriales on date 2023-01-01[0m
[33m[2025-04-25 14:41:05,711] WARNING: No records found for station Coin on date 2023-01-01[0m
[33m[2025-04-25 14:41:05,712] WARNING: No records found for station Ronda on date 2023-01-01[0m
[33m[2025-04-25 14:41:05,713] WARNING: No records found for station Astorga on date 2023-01-01[0m
[33m[2025-04-25 14:41:05,714] WARNING: No records found for station Laguna Marquesado on date 2023-01-01[0m
[33m[2025-04-25 14:41:05,714] WARNING: No records found for station Las Lagunas-Mijas Costa on date 2023-01-01[0m
[33m[2025-04-25 14:41:05,715] WARNING: No records found for station Trobajo del Camino on date 2023-01-01[0m
[33m[2025-04-25 14:41:05,716] WARNING: No records found for station Fuente Sta Cruz on date 2023-01-01[0m
[33m[2025-04-25 14:41:05,717] WARNING: No records found for station Vega de Liordes on date 2023-01-01[0m
[33m[2025-04-25 14:41:05,718] WARNING: No records found for station Logroño Centro on date 2023-01-01[0m
[33m[2025-04-25 14:41:05,718] WARNING: No records found for station Donostia - Ibaeta on date 2023-01-01[0m
[33m[2025-04-25 14:41:05,719] WARNING: No records found for station Isoba on date 2023-01-01[0m
[33m[2025-04-25 14:41:05,720] WARNING: No records found for station Arboreto Valonsadero-Soria on date 2023-01-01[0m
[33m[2025-04-25 14:41:05,721] WARNING: No records found for station Logroño Sur on date 2023-01-01[0m
[33m[2025-04-25 14:41:05,722] WARNING: No records found for station La Peral-Somiedo on date 2023-01-01[0m
[33m[2025-04-25 14:41:05,722] WARNING: No records found for station Sopeña de Curueño on date 2023-01-01[0m
[33m[2025-04-25 14:41:05,723] WARNING: No records found for station Llanes on date 2023-01-01[0m
[33m[2025-04-25 14:41:05,724] WARNING: No records found for station Justel on date 2023-01-01[0m
[33m[2025-04-25 14:41:05,725] WARNING: No records found for station Camarzana de Tera on date 2023-01-01[0m
[33m[2025-04-25 14:41:05,727] WARNING: No records found for station Campamento S Juan on date 2023-01-01[0m
[33m[2025-04-25 14:41:05,728] WARNING: No records found for station Zafrilla on date 2023-01-01[0m
[33m[2025-04-25 14:41:05,729] WARNING: No records found for station Lugueros on date 2023-01-01[0m
[33m[2025-04-25 14:41:05,730] WARNING: No records found for station Burón on date 2023-01-01[0m
[33m[2025-04-25 14:41:05,731] WARNING: No records found for station Veguellina on date 2023-01-01[0m
[33m[2025-04-25 14:41:05,731] WARNING: No records found for station Villaquilambre on date 2023-01-01[0m
[33m[2025-04-25 14:41:05,732] WARNING: No records found for station Islantilla Playa on date 2023-01-01[0m
[33m[2025-04-25 14:41:05,733] WARNING: No records found for station Hoya Mollidar on date 2023-01-01[0m
[33m[2025-04-25 14:41:05,734] WARNING: No records found for station La Veredilla-Aldea on date 2023-01-01[0m
[33m[2025-04-25 14:41:05,735] WARNING: No records found for station Otero las Dueñas on date 2023-01-01[0m
[33m[2025-04-25 14:41:05,736] WARNING: No records found for station Cañá Hermosa on date 2023-01-01[0m
[33m[2025-04-25 14:41:05,736] WARNING: No records found for station Callejo de Ordás on date 2023-01-01[0m
[33m[2025-04-25 14:41:05,737] WARNING: No records found for station La Foz - Casu on date 2023-01-01[0m
[33m[2025-04-25 14:41:05,738] WARNING: No records found for station Pozo Romero on date 2023-01-01[0m
[33m[2025-04-25 14:41:05,739] WARNING: No records found for station Sevilla-S Bernardo on date 2023-01-01[0m
[33m[2025-04-25 14:41:05,740] WARNING: No records found for station Oteros de Boedo on date 2023-01-01[0m
[33m[2025-04-25 14:41:05,741] WARNING: No records found for station Villarrodrigo  Regueras on date 2023-01-01[0m
[33m[2025-04-25 14:41:05,742] WARNING: No records found for station Foncebadón on date 2023-01-01[0m
[33m[2025-04-25 14:41:05,742] WARNING: No records found for station Caldevilla Valdeón on date 2023-01-01[0m
[33m[2025-04-25 14:41:05,743] WARNING: No records found for station San Juan de Torres on date 2023-01-01[0m
[33m[2025-04-25 14:41:05,744] WARNING: No records found for station Sojuela on date 2023-01-01[0m
[33m[2025-04-25 14:41:05,745] WARNING: No records found for station Uztárroz/Uztarroze on date 2023-01-01[0m
[33m[2025-04-25 14:41:05,746] WARNING: No records found for station La Copa-Campo Fútbol on date 2023-01-01[0m
[33m[2025-04-25 14:41:05,747] WARNING: No records found for station Hospitalet-Bellvitge on date 2023-01-01[0m
[33m[2025-04-25 14:41:05,748] WARNING: No records found for station Carbajal de la Legua on date 2023-01-01[0m
[33m[2025-04-25 14:41:05,749] WARNING: No records found for station Casas de Alfaro-Rogativa on date 2023-01-01[0m
[33m[2025-04-25 14:41:05,750] WARNING: No records found for station Begíjar on date 2023-01-01[0m
[33m[2025-04-25 14:41:05,751] WARNING: No records found for station Casas de Don Juan on date 2023-01-01[0m
[33m[2025-04-25 14:41:05,752] WARNING: No records found for station Villayuste on date 2023-01-01[0m
[33m[2025-04-25 14:41:05,753] WARNING: No records found for station Pumalverde on date 2023-01-01[0m
[33m[2025-04-25 14:41:05,753] WARNING: No records found for station San Martín de Grazanes on date 2023-01-01[0m
[33m[2025-04-25 14:41:05,754] WARNING: No records found for station Fozara - Outeiro Fernando  on date 2023-01-01[0m
[33m[2025-04-25 14:41:05,755] WARNING: No records found for station La Bañeza2 on date 2023-01-01[0m
[33m[2025-04-25 14:41:05,756] WARNING: No records found for station El Oso on date 2023-01-01[0m
[33m[2025-04-25 14:41:05,757] WARNING: No records found for station Barrio O Sisto - Dozón on date 2023-01-01[0m
[33m[2025-04-25 14:41:05,758] WARNING: No records found for station Oviedo - Fozaneldi on date 2023-01-01[0m
[33m[2025-04-25 14:41:05,759] WARNING: No records found for station Cascajeras (UGR) on date 2023-01-01[0m
[33m[2025-04-25 14:41:05,760] WARNING: No records found for station AA_WeatherlinkV1 (Gusendos Oteros) on date 2023-01-01[0m
[33m[2025-04-25 14:41:05,761] WARNING: No records found for station Filiel on date 2023-01-01[0m
[33m[2025-04-25 14:41:05,761] WARNING: No records found for station Rute Pampanas on date 2023-01-01[0m
[2025-04-25 14:41:05,761] INFO: Starting processing. Run ID: 2d12423f-8369-49dc-b027-fb53428d8483[0m
[2025-04-25 14:41:05,762] INFO: Processor done.[0m
[2025-04-25 14:41:05,762] INFO: Database connections closed.[0m
