[2025-04-25 14:42:13,925] INFO: Connecting to database...[0m
[2025-04-25 14:42:13,941] INFO: Connected to database.[0m
[2025-04-25 14:42:13,941] INFO: Dry run enabled.[0m
[2025-04-25 14:42:13,945] INFO: Scheduler initialized.[0m
[2025-04-25 14:42:13,945] INFO: Processing date: 2023-03-04[0m
[2025-04-25 14:42:13,945] INFO: Available timezones: ['Etc/UTC', 'Europe/Madrid', 'Europe/Lisbon'][0m
[33m[2025-04-25 14:42:13,950] WARNING: No records found for station no_data on date 2023-03-04[0m
[33m[2025-04-25 14:42:13,951] WARNING: No records found for station has_data on date 2023-03-04[0m
[33m[2025-04-25 14:42:13,953] WARNING: No records found for station AA_Ecowitt on date 2023-03-04[0m
[33m[2025-04-25 14:42:13,954] WARNING: No records found for station Coín Coto la Corcha on date 2023-03-04[0m
[33m[2025-04-25 14:42:13,956] WARNING: No records found for station Espinosa de la Ribera on date 2023-03-04[0m
[33m[2025-04-25 14:42:13,957] WARNING: No records found for station Collada de Aralla on date 2023-03-04[0m
[33m[2025-04-25 14:42:13,959] WARNING: No records found for station Sotobañado y Priorato on date 2023-03-04[0m
[33m[2025-04-25 14:42:13,962] WARNING: No records found for station Tavernes Valldigna - Sequers on date 2023-03-04[0m
[33m[2025-04-25 14:42:13,965] WARNING: No records found for station Cerezales del Condado on date 2023-03-04[0m
[33m[2025-04-25 14:42:13,967] WARNING: No records found for station Calzadilla de los Barros on date 2023-03-04[0m
[33m[2025-04-25 14:42:13,969] WARNING: No records found for station Villena-La Encina on date 2023-03-04[0m
[33m[2025-04-25 14:42:13,972] WARNING: No records found for station Villena- Cº S Juan on date 2023-03-04[0m
[33m[2025-04-25 14:42:13,974] WARNING: No records found for station Santa Eulalia del Río Negro on date 2023-03-04[0m
[33m[2025-04-25 14:42:13,975] WARNING: No records found for station Villanueva Valrojo on date 2023-03-04[0m
[33m[2025-04-25 14:42:13,976] WARNING: No records found for station Culla D'Arcu on date 2023-03-04[0m
[33m[2025-04-25 14:42:13,978] WARNING: No records found for station Pénjamo - Langreo on date 2023-03-04[0m
[33m[2025-04-25 14:42:13,979] WARNING: No records found for station Piscifactoría Mundova on date 2023-03-04[0m
[33m[2025-04-25 14:42:13,981] WARNING: No records found for station Marabio-Teverga on date 2023-03-04[0m
[33m[2025-04-25 14:42:13,982] WARNING: No records found for station La Copa-Paraje la Monja on date 2023-03-04[0m
[33m[2025-04-25 14:42:13,984] WARNING: No records found for station Macizo de Líbar on date 2023-03-04[0m
[33m[2025-04-25 14:42:13,985] WARNING: No records found for station Caldevilla (Piloña) on date 2023-03-04[0m
[33m[2025-04-25 14:42:13,987] WARNING: No records found for station Cobijón on date 2023-03-04[0m
[33m[2025-04-25 14:42:13,988] WARNING: No records found for station Donostia Amara B. on date 2023-03-04[0m
[33m[2025-04-25 14:42:13,990] WARNING: No records found for station Villaceid on date 2023-03-04[0m
[33m[2025-04-25 14:42:13,992] WARNING: No records found for station Otero de Bodas on date 2023-03-04[0m
[33m[2025-04-25 14:42:13,993] WARNING: No records found for station Senra on date 2023-03-04[0m
[33m[2025-04-25 14:42:13,995] WARNING: No records found for station Villardeciervos  on date 2023-03-04[0m
[33m[2025-04-25 14:42:13,997] WARNING: No records found for station AA_Meteoclimatic (El Entrego) on date 2023-03-04[0m
[33m[2025-04-25 14:42:13,998] WARNING: No records found for station Molinaferrera on date 2023-03-04[0m
[33m[2025-04-25 14:42:14,000] WARNING: No records found for station M. de las Ánimas on date 2023-03-04[0m
[33m[2025-04-25 14:42:14,001] WARNING: No records found for station R. de Beniscornia on date 2023-03-04[0m
[33m[2025-04-25 14:42:14,003] WARNING: No records found for station Villamanín on date 2023-03-04[0m
[33m[2025-04-25 14:42:14,005] WARNING: No records found for station Sta. Mª Trassierra on date 2023-03-04[0m
[33m[2025-04-25 14:42:14,006] WARNING: No records found for station La Matea on date 2023-03-04[0m
[33m[2025-04-25 14:42:14,008] WARNING: No records found for station Cumbre de Pontones on date 2023-03-04[0m
[33m[2025-04-25 14:42:14,009] WARNING: No records found for station Cubillas de Arbas on date 2023-03-04[0m
[33m[2025-04-25 14:42:14,011] WARNING: No records found for station Prado Veneiro-Babia on date 2023-03-04[0m
[33m[2025-04-25 14:42:14,011] WARNING: No records found for station Riopar on date 2023-03-04[0m
[33m[2025-04-25 14:42:14,012] WARNING: No records found for station Cabreros del Río on date 2023-03-04[0m
[33m[2025-04-25 14:42:14,013] WARNING: No records found for station Olea de Boedo on date 2023-03-04[0m
[33m[2025-04-25 14:42:14,014] WARNING: No records found for station Garòs-Naut Aran on date 2023-03-04[0m
[33m[2025-04-25 14:42:14,014] WARNING: No records found for station Nava de Arriba on date 2023-03-04[0m
[33m[2025-04-25 14:42:14,015] WARNING: No records found for station Puerto Alto on date 2023-03-04[0m
[33m[2025-04-25 14:42:14,016] WARNING: No records found for station IES Juan Enzina on date 2023-03-04[0m
[33m[2025-04-25 14:42:14,016] WARNING: No records found for station Caborana on date 2023-03-04[0m
[33m[2025-04-25 14:42:14,017] WARNING: No records found for station Estación de Cabra on date 2023-03-04[0m
[33m[2025-04-25 14:42:14,018] WARNING: No records found for station Radio León on date 2023-03-04[0m
[33m[2025-04-25 14:42:14,019] WARNING: No records found for station Blimea - La Venta on date 2023-03-04[0m
[33m[2025-04-25 14:42:14,019] WARNING: No records found for station Cortijo de Tortas on date 2023-03-04[0m
[33m[2025-04-25 14:42:14,020] WARNING: No records found for station La Balsa Alta on date 2023-03-04[0m
[33m[2025-04-25 14:42:14,021] WARNING: No records found for station Xinzo de Limia on date 2023-03-04[0m
[33m[2025-04-25 14:42:14,021] WARNING: No records found for station AA_Wunderground (San Emiliano (Allande)) on date 2023-03-04[0m
[33m[2025-04-25 14:42:14,022] WARNING: No records found for station Fuentes de Ropel on date 2023-03-04[0m
[33m[2025-04-25 14:42:14,023] WARNING: No records found for station Batán del Puerto on date 2023-03-04[0m
[33m[2025-04-25 14:42:14,024] WARNING: No records found for station Mollet del Vallès Besós on date 2023-03-04[0m
[33m[2025-04-25 14:42:14,024] WARNING: No records found for station Fuente la Sabina on date 2023-03-04[0m
[33m[2025-04-25 14:42:14,025] WARNING: No records found for station Córdoba on date 2023-03-04[0m
[33m[2025-04-25 14:42:14,026] WARNING: No records found for station Vega de Orce on date 2023-03-04[0m
[33m[2025-04-25 14:42:14,026] WARNING: No records found for station Orce on date 2023-03-04[0m
[33m[2025-04-25 14:42:14,027] WARNING: No records found for station Puebla D Fadrique on date 2023-03-04[0m
[33m[2025-04-25 14:42:14,028] WARNING: No records found for station Villazala on date 2023-03-04[0m
[33m[2025-04-25 14:42:14,029] WARNING: No records found for station Arenillas S Pelayo on date 2023-03-04[0m
[33m[2025-04-25 14:42:14,029] WARNING: No records found for station Córdoba Poniente on date 2023-03-04[0m
[33m[2025-04-25 14:42:14,030] WARNING: No records found for station Ferreras de Arriba on date 2023-03-04[0m
[33m[2025-04-25 14:42:14,031] WARNING: No records found for station El Sahúco on date 2023-03-04[0m
[33m[2025-04-25 14:42:14,031] WARNING: No records found for station Marratxí on date 2023-03-04[0m
[33m[2025-04-25 14:42:14,032] WARNING: No records found for station Oviedo La Florida on date 2023-03-04[0m
[33m[2025-04-25 14:42:14,033] WARNING: No records found for station Molleda,Corvera de Asturias on date 2023-03-04[0m
[33m[2025-04-25 14:42:14,033] WARNING: No records found for station Cofiñal on date 2023-03-04[0m
[33m[2025-04-25 14:42:14,034] WARNING: No records found for station Gillón, Cangas del Narcea on date 2023-03-04[0m
[33m[2025-04-25 14:42:14,035] WARNING: No records found for station Pico La Llambria on date 2023-03-04[0m
[33m[2025-04-25 14:42:14,036] WARNING: No records found for station Villaestrigo Páramo on date 2023-03-04[0m
[33m[2025-04-25 14:42:14,036] WARNING: No records found for station San Andrés del R. on date 2023-03-04[0m
[33m[2025-04-25 14:42:14,037] WARNING: No records found for station Degaña on date 2023-03-04[0m
[33m[2025-04-25 14:42:14,038] WARNING: No records found for station Robledo de Babia on date 2023-03-04[0m
[33m[2025-04-25 14:42:14,038] WARNING: No records found for station Vega de Baxo-Gijón on date 2023-03-04[0m
[33m[2025-04-25 14:42:14,039] WARNING: No records found for station Istán on date 2023-03-04[0m
[33m[2025-04-25 14:42:14,040] WARNING: No records found for station Lorenzana on date 2023-03-04[0m
[33m[2025-04-25 14:42:14,040] WARNING: No records found for station Sª Oreganal (UGR) on date 2023-03-04[0m
[33m[2025-04-25 14:42:14,041] WARNING: No records found for station Riofrío-La Devesa on date 2023-03-04[0m
[33m[2025-04-25 14:42:14,042] WARNING: No records found for station Abelleira on date 2023-03-04[0m
[33m[2025-04-25 14:42:14,043] WARNING: No records found for station Alozaina on date 2023-03-04[0m
[33m[2025-04-25 14:42:14,043] WARNING: No records found for station Casa Campillero on date 2023-03-04[0m
[33m[2025-04-25 14:42:14,044] WARNING: No records found for station Requejo de la Vega on date 2023-03-04[0m
[33m[2025-04-25 14:42:14,045] WARNING: No records found for station Villanófar on date 2023-03-04[0m
[33m[2025-04-25 14:42:14,045] WARNING: No records found for station Montaos on date 2023-03-04[0m
[33m[2025-04-25 14:42:14,046] WARNING: No records found for station Tolox - Cta. Gallo on date 2023-03-04[0m
[33m[2025-04-25 14:42:14,047] WARNING: No records found for station Rágama on date 2023-03-04[0m
[33m[2025-04-25 14:42:14,048] WARNING: No records found for station Serranillos on date 2023-03-04[0m
[33m[2025-04-25 14:42:14,048] WARNING: No records found for station Sª Palmitera (UGR) on date 2023-03-04[0m
[33m[2025-04-25 14:42:14,049] WARNING: No records found for station La Nava (SªNieves) on date 2023-03-04[0m
[33m[2025-04-25 14:42:14,050] WARNING: No records found for station Coin-San Roman on date 2023-03-04[0m
[33m[2025-04-25 14:42:14,050] WARNING: No records found for station Chert/Xert on date 2023-03-04[0m
[33m[2025-04-25 14:42:14,051] WARNING: No records found for station Navacillo (UGR) on date 2023-03-04[0m
[33m[2025-04-25 14:42:14,052] WARNING: No records found for station Quiruelas Vidriales on date 2023-03-04[0m
[33m[2025-04-25 14:42:14,052] WARNING: No records found for station Coin on date 2023-03-04[0m
[33m[2025-04-25 14:42:14,053] WARNING: No records found for station Ronda on date 2023-03-04[0m
[33m[2025-04-25 14:42:14,054] WARNING: No records found for station Astorga on date 2023-03-04[0m
[33m[2025-04-25 14:42:14,055] WARNING: No records found for station Laguna Marquesado on date 2023-03-04[0m
[33m[2025-04-25 14:42:14,056] WARNING: No records found for station Las Lagunas-Mijas Costa on date 2023-03-04[0m
[33m[2025-04-25 14:42:14,057] WARNING: No records found for station Trobajo del Camino on date 2023-03-04[0m
[33m[2025-04-25 14:42:14,057] WARNING: No records found for station Fuente Sta Cruz on date 2023-03-04[0m
[33m[2025-04-25 14:42:14,058] WARNING: No records found for station Vega de Liordes on date 2023-03-04[0m
[33m[2025-04-25 14:42:14,059] WARNING: No records found for station Logroño Centro on date 2023-03-04[0m
[33m[2025-04-25 14:42:14,060] WARNING: No records found for station Donostia - Ibaeta on date 2023-03-04[0m
[33m[2025-04-25 14:42:14,061] WARNING: No records found for station Isoba on date 2023-03-04[0m
[33m[2025-04-25 14:42:14,061] WARNING: No records found for station Arboreto Valonsadero-Soria on date 2023-03-04[0m
[33m[2025-04-25 14:42:14,062] WARNING: No records found for station Logroño Sur on date 2023-03-04[0m
[33m[2025-04-25 14:42:14,063] WARNING: No records found for station La Peral-Somiedo on date 2023-03-04[0m
[33m[2025-04-25 14:42:14,064] WARNING: No records found for station Sopeña de Curueño on date 2023-03-04[0m
[33m[2025-04-25 14:42:14,065] WARNING: No records found for station Llanes on date 2023-03-04[0m
[33m[2025-04-25 14:42:14,065] WARNING: No records found for station Justel on date 2023-03-04[0m
[33m[2025-04-25 14:42:14,066] WARNING: No records found for station Camarzana de Tera on date 2023-03-04[0m
[33m[2025-04-25 14:42:14,067] WARNING: No records found for station Campamento S Juan on date 2023-03-04[0m
[33m[2025-04-25 14:42:14,068] WARNING: No records found for station Zafrilla on date 2023-03-04[0m
[33m[2025-04-25 14:42:14,069] WARNING: No records found for station Lugueros on date 2023-03-04[0m
[33m[2025-04-25 14:42:14,069] WARNING: No records found for station Burón on date 2023-03-04[0m
[33m[2025-04-25 14:42:14,070] WARNING: No records found for station Veguellina on date 2023-03-04[0m
[33m[2025-04-25 14:42:14,071] WARNING: No records found for station Villaquilambre on date 2023-03-04[0m
[33m[2025-04-25 14:42:14,072] WARNING: No records found for station Islantilla Playa on date 2023-03-04[0m
[33m[2025-04-25 14:42:14,073] WARNING: No records found for station Hoya Mollidar on date 2023-03-04[0m
[33m[2025-04-25 14:42:14,073] WARNING: No records found for station La Veredilla-Aldea on date 2023-03-04[0m
[33m[2025-04-25 14:42:14,074] WARNING: No records found for station Otero las Dueñas on date 2023-03-04[0m
[33m[2025-04-25 14:42:14,075] WARNING: No records found for station Cañá Hermosa on date 2023-03-04[0m
[33m[2025-04-25 14:42:14,076] WARNING: No records found for station Callejo de Ordás on date 2023-03-04[0m
[33m[2025-04-25 14:42:14,077] WARNING: No records found for station La Foz - Casu on date 2023-03-04[0m
[33m[2025-04-25 14:42:14,077] WARNING: No records found for station Pozo Romero on date 2023-03-04[0m
[33m[2025-04-25 14:42:14,078] WARNING: No records found for station Sevilla-S Bernardo on date 2023-03-04[0m
[33m[2025-04-25 14:42:14,079] WARNING: No records found for station Oteros de Boedo on date 2023-03-04[0m
[33m[2025-04-25 14:42:14,080] WARNING: No records found for station Villarrodrigo  Regueras on date 2023-03-04[0m
[33m[2025-04-25 14:42:14,081] WARNING: No records found for station Foncebadón on date 2023-03-04[0m
[33m[2025-04-25 14:42:14,081] WARNING: No records found for station Caldevilla Valdeón on date 2023-03-04[0m
[33m[2025-04-25 14:42:14,082] WARNING: No records found for station San Juan de Torres on date 2023-03-04[0m
[33m[2025-04-25 14:42:14,083] WARNING: No records found for station Sojuela on date 2023-03-04[0m
[33m[2025-04-25 14:42:14,084] WARNING: No records found for station Uztárroz/Uztarroze on date 2023-03-04[0m
[33m[2025-04-25 14:42:14,085] WARNING: No records found for station La Copa-Campo Fútbol on date 2023-03-04[0m
[33m[2025-04-25 14:42:14,085] WARNING: No records found for station Hospitalet-Bellvitge on date 2023-03-04[0m
[33m[2025-04-25 14:42:14,086] WARNING: No records found for station Carbajal de la Legua on date 2023-03-04[0m
[33m[2025-04-25 14:42:14,087] WARNING: No records found for station Casas de Alfaro-Rogativa on date 2023-03-04[0m
[33m[2025-04-25 14:42:14,088] WARNING: No records found for station Begíjar on date 2023-03-04[0m
[33m[2025-04-25 14:42:14,089] WARNING: No records found for station Casas de Don Juan on date 2023-03-04[0m
[33m[2025-04-25 14:42:14,089] WARNING: No records found for station Villayuste on date 2023-03-04[0m
[33m[2025-04-25 14:42:14,090] WARNING: No records found for station Pumalverde on date 2023-03-04[0m
[33m[2025-04-25 14:42:14,091] WARNING: No records found for station San Martín de Grazanes on date 2023-03-04[0m
[33m[2025-04-25 14:42:14,092] WARNING: No records found for station Fozara - Outeiro Fernando  on date 2023-03-04[0m
[33m[2025-04-25 14:42:14,092] WARNING: No records found for station La Bañeza2 on date 2023-03-04[0m
[33m[2025-04-25 14:42:14,093] WARNING: No records found for station El Oso on date 2023-03-04[0m
[33m[2025-04-25 14:42:14,094] WARNING: No records found for station Barrio O Sisto - Dozón on date 2023-03-04[0m
[33m[2025-04-25 14:42:14,095] WARNING: No records found for station Oviedo - Fozaneldi on date 2023-03-04[0m
[33m[2025-04-25 14:42:14,096] WARNING: No records found for station Cascajeras (UGR) on date 2023-03-04[0m
[33m[2025-04-25 14:42:14,096] WARNING: No records found for station AA_WeatherlinkV1 (Gusendos Oteros) on date 2023-03-04[0m
[33m[2025-04-25 14:42:14,097] WARNING: No records found for station Filiel on date 2023-03-04[0m
[33m[2025-04-25 14:42:14,098] WARNING: No records found for station Rute Pampanas on date 2023-03-04[0m
[2025-04-25 14:42:14,098] INFO: Starting processing. Run ID: 9f6a249e-cacc-48ee-972a-02b6fd61788b[0m
[2025-04-25 14:42:14,098] INFO: Processor done.[0m
[2025-04-25 14:42:14,098] INFO: Database connections closed.[0m
