[2025-04-25 14:41:08,749] INFO: Connecting to database...[0m
[2025-04-25 14:41:08,763] INFO: Connected to database.[0m
[2025-04-25 14:41:08,763] INFO: Dry run enabled.[0m
[2025-04-25 14:41:08,767] INFO: Scheduler initialized.[0m
[2025-04-25 14:41:08,767] INFO: Processing date: 2023-01-04[0m
[2025-04-25 14:41:08,768] INFO: Available timezones: ['Etc/UTC', 'Europe/Madrid', 'Europe/Lisbon'][0m
[33m[2025-04-25 14:41:08,774] WARNING: No records found for station no_data on date 2023-01-04[0m
[33m[2025-04-25 14:41:08,776] WARNING: No records found for station has_data on date 2023-01-04[0m
[33m[2025-04-25 14:41:08,777] WARNING: No records found for station AA_Ecowitt on date 2023-01-04[0m
[33m[2025-04-25 14:41:08,778] WARNING: No records found for station Coín Coto la Corcha on date 2023-01-04[0m
[33m[2025-04-25 14:41:08,778] WARNING: No records found for station Espinosa de la Ribera on date 2023-01-04[0m
[33m[2025-04-25 14:41:08,779] WARNING: No records found for station Collada de Aralla on date 2023-01-04[0m
[33m[2025-04-25 14:41:08,780] WARNING: No records found for station Sotobañado y Priorato on date 2023-01-04[0m
[33m[2025-04-25 14:41:08,781] WARNING: No records found for station Tavernes Valldigna - Sequers on date 2023-01-04[0m
[33m[2025-04-25 14:41:08,781] WARNING: No records found for station Cerezales del Condado on date 2023-01-04[0m
[33m[2025-04-25 14:41:08,782] WARNING: No records found for station Calzadilla de los Barros on date 2023-01-04[0m
[33m[2025-04-25 14:41:08,783] WARNING: No records found for station Villena-La Encina on date 2023-01-04[0m
[33m[2025-04-25 14:41:08,783] WARNING: No records found for station Villena- Cº S Juan on date 2023-01-04[0m
[33m[2025-04-25 14:41:08,784] WARNING: No records found for station Santa Eulalia del Río Negro on date 2023-01-04[0m
[33m[2025-04-25 14:41:08,785] WARNING: No records found for station Villanueva Valrojo on date 2023-01-04[0m
[33m[2025-04-25 14:41:08,786] WARNING: No records found for station Culla D'Arcu on date 2023-01-04[0m
[33m[2025-04-25 14:41:08,787] WARNING: No records found for station Pénjamo - Langreo on date 2023-01-04[0m
[33m[2025-04-25 14:41:08,787] WARNING: No records found for station Piscifactoría Mundova on date 2023-01-04[0m
[33m[2025-04-25 14:41:08,788] WARNING: No records found for station Marabio-Teverga on date 2023-01-04[0m
[33m[2025-04-25 14:41:08,789] WARNING: No records found for station La Copa-Paraje la Monja on date 2023-01-04[0m
[33m[2025-04-25 14:41:08,790] WARNING: No records found for station Macizo de Líbar on date 2023-01-04[0m
[33m[2025-04-25 14:41:08,791] WARNING: No records found for station Caldevilla (Piloña) on date 2023-01-04[0m
[33m[2025-04-25 14:41:08,791] WARNING: No records found for station Cobijón on date 2023-01-04[0m
[33m[2025-04-25 14:41:08,792] WARNING: No records found for station Donostia Amara B. on date 2023-01-04[0m
[33m[2025-04-25 14:41:08,793] WARNING: No records found for station Villaceid on date 2023-01-04[0m
[33m[2025-04-25 14:41:08,794] WARNING: No records found for station Otero de Bodas on date 2023-01-04[0m
[33m[2025-04-25 14:41:08,795] WARNING: No records found for station Senra on date 2023-01-04[0m
[33m[2025-04-25 14:41:08,796] WARNING: No records found for station Villardeciervos  on date 2023-01-04[0m
[33m[2025-04-25 14:41:08,797] WARNING: No records found for station AA_Meteoclimatic (El Entrego) on date 2023-01-04[0m
[33m[2025-04-25 14:41:08,798] WARNING: No records found for station Molinaferrera on date 2023-01-04[0m
[33m[2025-04-25 14:41:08,798] WARNING: No records found for station M. de las Ánimas on date 2023-01-04[0m
[33m[2025-04-25 14:41:08,799] WARNING: No records found for station R. de Beniscornia on date 2023-01-04[0m
[33m[2025-04-25 14:41:08,800] WARNING: No records found for station Villamanín on date 2023-01-04[0m
[33m[2025-04-25 14:41:08,801] WARNING: No records found for station Sta. Mª Trassierra on date 2023-01-04[0m
[33m[2025-04-25 14:41:08,801] WARNING: No records found for station La Matea on date 2023-01-04[0m
[33m[2025-04-25 14:41:08,802] WARNING: No records found for station Cumbre de Pontones on date 2023-01-04[0m
[33m[2025-04-25 14:41:08,803] WARNING: No records found for station Cubillas de Arbas on date 2023-01-04[0m
[33m[2025-04-25 14:41:08,803] WARNING: No records found for station Prado Veneiro-Babia on date 2023-01-04[0m
[33m[2025-04-25 14:41:08,805] WARNING: No records found for station Riopar on date 2023-01-04[0m
[33m[2025-04-25 14:41:08,806] WARNING: No records found for station Cabreros del Río on date 2023-01-04[0m
[33m[2025-04-25 14:41:08,807] WARNING: No records found for station Olea de Boedo on date 2023-01-04[0m
[33m[2025-04-25 14:41:08,808] WARNING: No records found for station Garòs-Naut Aran on date 2023-01-04[0m
[33m[2025-04-25 14:41:08,809] WARNING: No records found for station Nava de Arriba on date 2023-01-04[0m
[33m[2025-04-25 14:41:08,810] WARNING: No records found for station Puerto Alto on date 2023-01-04[0m
[33m[2025-04-25 14:41:08,810] WARNING: No records found for station IES Juan Enzina on date 2023-01-04[0m
[33m[2025-04-25 14:41:08,811] WARNING: No records found for station Caborana on date 2023-01-04[0m
[33m[2025-04-25 14:41:08,812] WARNING: No records found for station Estación de Cabra on date 2023-01-04[0m
[33m[2025-04-25 14:41:08,813] WARNING: No records found for station Radio León on date 2023-01-04[0m
[33m[2025-04-25 14:41:08,814] WARNING: No records found for station Blimea - La Venta on date 2023-01-04[0m
[33m[2025-04-25 14:41:08,814] WARNING: No records found for station Cortijo de Tortas on date 2023-01-04[0m
[33m[2025-04-25 14:41:08,815] WARNING: No records found for station La Balsa Alta on date 2023-01-04[0m
[33m[2025-04-25 14:41:08,816] WARNING: No records found for station Xinzo de Limia on date 2023-01-04[0m
[33m[2025-04-25 14:41:08,817] WARNING: No records found for station AA_Wunderground (San Emiliano (Allande)) on date 2023-01-04[0m
[33m[2025-04-25 14:41:08,818] WARNING: No records found for station Fuentes de Ropel on date 2023-01-04[0m
[33m[2025-04-25 14:41:08,818] WARNING: No records found for station Batán del Puerto on date 2023-01-04[0m
[33m[2025-04-25 14:41:08,819] WARNING: No records found for station Mollet del Vallès Besós on date 2023-01-04[0m
[33m[2025-04-25 14:41:08,820] WARNING: No records found for station Fuente la Sabina on date 2023-01-04[0m
[33m[2025-04-25 14:41:08,821] WARNING: No records found for station Córdoba on date 2023-01-04[0m
[33m[2025-04-25 14:41:08,822] WARNING: No records found for station Vega de Orce on date 2023-01-04[0m
[33m[2025-04-25 14:41:08,822] WARNING: No records found for station Orce on date 2023-01-04[0m
[33m[2025-04-25 14:41:08,823] WARNING: No records found for station Puebla D Fadrique on date 2023-01-04[0m
[33m[2025-04-25 14:41:08,824] WARNING: No records found for station Villazala on date 2023-01-04[0m
[33m[2025-04-25 14:41:08,825] WARNING: No records found for station Arenillas S Pelayo on date 2023-01-04[0m
[33m[2025-04-25 14:41:08,826] WARNING: No records found for station Córdoba Poniente on date 2023-01-04[0m
[33m[2025-04-25 14:41:08,827] WARNING: No records found for station Ferreras de Arriba on date 2023-01-04[0m
[33m[2025-04-25 14:41:08,828] WARNING: No records found for station El Sahúco on date 2023-01-04[0m
[33m[2025-04-25 14:41:08,829] WARNING: No records found for station Marratxí on date 2023-01-04[0m
[33m[2025-04-25 14:41:08,830] WARNING: No records found for station Oviedo La Florida on date 2023-01-04[0m
[33m[2025-04-25 14:41:08,830] WARNING: No records found for station Molleda,Corvera de Asturias on date 2023-01-04[0m
[33m[2025-04-25 14:41:08,831] WARNING: No records found for station Cofiñal on date 2023-01-04[0m
[33m[2025-04-25 14:41:08,832] WARNING: No records found for station Gillón, Cangas del Narcea on date 2023-01-04[0m
[33m[2025-04-25 14:41:08,832] WARNING: No records found for station Pico La Llambria on date 2023-01-04[0m
[33m[2025-04-25 14:41:08,833] WARNING: No records found for station Villaestrigo Páramo on date 2023-01-04[0m
[33m[2025-04-25 14:41:08,834] WARNING: No records found for station San Andrés del R. on date 2023-01-04[0m
[33m[2025-04-25 14:41:08,835] WARNING: No records found for station Degaña on date 2023-01-04[0m
[33m[2025-04-25 14:41:08,836] WARNING: No records found for station Robledo de Babia on date 2023-01-04[0m
[33m[2025-04-25 14:41:08,836] WARNING: No records found for station Vega de Baxo-Gijón on date 2023-01-04[0m
[33m[2025-04-25 14:41:08,837] WARNING: No records found for station Istán on date 2023-01-04[0m
[33m[2025-04-25 14:41:08,838] WARNING: No records found for station Lorenzana on date 2023-01-04[0m
[33m[2025-04-25 14:41:08,839] WARNING: No records found for station Sª Oreganal (UGR) on date 2023-01-04[0m
[33m[2025-04-25 14:41:08,839] WARNING: No records found for station Riofrío-La Devesa on date 2023-01-04[0m
[33m[2025-04-25 14:41:08,840] WARNING: No records found for station Abelleira on date 2023-01-04[0m
[33m[2025-04-25 14:41:08,841] WARNING: No records found for station Alozaina on date 2023-01-04[0m
[33m[2025-04-25 14:41:08,841] WARNING: No records found for station Casa Campillero on date 2023-01-04[0m
[33m[2025-04-25 14:41:08,842] WARNING: No records found for station Requejo de la Vega on date 2023-01-04[0m
[33m[2025-04-25 14:41:08,843] WARNING: No records found for station Villanófar on date 2023-01-04[0m
[33m[2025-04-25 14:41:08,844] WARNING: No records found for station Montaos on date 2023-01-04[0m
[33m[2025-04-25 14:41:08,844] WARNING: No records found for station Tolox - Cta. Gallo on date 2023-01-04[0m
[33m[2025-04-25 14:41:08,845] WARNING: No records found for station Rágama on date 2023-01-04[0m
[33m[2025-04-25 14:41:08,846] WARNING: No records found for station Serranillos on date 2023-01-04[0m
[33m[2025-04-25 14:41:08,847] WARNING: No records found for station Sª Palmitera (UGR) on date 2023-01-04[0m
[33m[2025-04-25 14:41:08,847] WARNING: No records found for station La Nava (SªNieves) on date 2023-01-04[0m
[33m[2025-04-25 14:41:08,848] WARNING: No records found for station Coin-San Roman on date 2023-01-04[0m
[33m[2025-04-25 14:41:08,849] WARNING: No records found for station Chert/Xert on date 2023-01-04[0m
[33m[2025-04-25 14:41:08,850] WARNING: No records found for station Navacillo (UGR) on date 2023-01-04[0m
[33m[2025-04-25 14:41:08,851] WARNING: No records found for station Quiruelas Vidriales on date 2023-01-04[0m
[33m[2025-04-25 14:41:08,852] WARNING: No records found for station Coin on date 2023-01-04[0m
[33m[2025-04-25 14:41:08,853] WARNING: No records found for station Ronda on date 2023-01-04[0m
[33m[2025-04-25 14:41:08,854] WARNING: No records found for station Astorga on date 2023-01-04[0m
[33m[2025-04-25 14:41:08,854] WARNING: No records found for station Laguna Marquesado on date 2023-01-04[0m
[33m[2025-04-25 14:41:08,855] WARNING: No records found for station Las Lagunas-Mijas Costa on date 2023-01-04[0m
[33m[2025-04-25 14:41:08,856] WARNING: No records found for station Trobajo del Camino on date 2023-01-04[0m
[33m[2025-04-25 14:41:08,856] WARNING: No records found for station Fuente Sta Cruz on date 2023-01-04[0m
[33m[2025-04-25 14:41:08,857] WARNING: No records found for station Vega de Liordes on date 2023-01-04[0m
[33m[2025-04-25 14:41:08,858] WARNING: No records found for station Logroño Centro on date 2023-01-04[0m
[33m[2025-04-25 14:41:08,859] WARNING: No records found for station Donostia - Ibaeta on date 2023-01-04[0m
[33m[2025-04-25 14:41:08,860] WARNING: No records found for station Isoba on date 2023-01-04[0m
[33m[2025-04-25 14:41:08,861] WARNING: No records found for station Arboreto Valonsadero-Soria on date 2023-01-04[0m
[33m[2025-04-25 14:41:08,862] WARNING: No records found for station Logroño Sur on date 2023-01-04[0m
[33m[2025-04-25 14:41:08,863] WARNING: No records found for station La Peral-Somiedo on date 2023-01-04[0m
[33m[2025-04-25 14:41:08,864] WARNING: No records found for station Sopeña de Curueño on date 2023-01-04[0m
[33m[2025-04-25 14:41:08,865] WARNING: No records found for station Llanes on date 2023-01-04[0m
[33m[2025-04-25 14:41:08,866] WARNING: No records found for station Justel on date 2023-01-04[0m
[33m[2025-04-25 14:41:08,867] WARNING: No records found for station Camarzana de Tera on date 2023-01-04[0m
[33m[2025-04-25 14:41:08,868] WARNING: No records found for station Campamento S Juan on date 2023-01-04[0m
[33m[2025-04-25 14:41:08,869] WARNING: No records found for station Zafrilla on date 2023-01-04[0m
[33m[2025-04-25 14:41:08,870] WARNING: No records found for station Lugueros on date 2023-01-04[0m
[33m[2025-04-25 14:41:08,871] WARNING: No records found for station Burón on date 2023-01-04[0m
[33m[2025-04-25 14:41:08,872] WARNING: No records found for station Veguellina on date 2023-01-04[0m
[33m[2025-04-25 14:41:08,873] WARNING: No records found for station Villaquilambre on date 2023-01-04[0m
[33m[2025-04-25 14:41:08,874] WARNING: No records found for station Islantilla Playa on date 2023-01-04[0m
[33m[2025-04-25 14:41:08,875] WARNING: No records found for station Hoya Mollidar on date 2023-01-04[0m
[33m[2025-04-25 14:41:08,876] WARNING: No records found for station La Veredilla-Aldea on date 2023-01-04[0m
[33m[2025-04-25 14:41:08,877] WARNING: No records found for station Otero las Dueñas on date 2023-01-04[0m
[33m[2025-04-25 14:41:08,879] WARNING: No records found for station Cañá Hermosa on date 2023-01-04[0m
[33m[2025-04-25 14:41:08,880] WARNING: No records found for station Callejo de Ordás on date 2023-01-04[0m
[33m[2025-04-25 14:41:08,881] WARNING: No records found for station La Foz - Casu on date 2023-01-04[0m
[33m[2025-04-25 14:41:08,883] WARNING: No records found for station Pozo Romero on date 2023-01-04[0m
[33m[2025-04-25 14:41:08,884] WARNING: No records found for station Sevilla-S Bernardo on date 2023-01-04[0m
[33m[2025-04-25 14:41:08,885] WARNING: No records found for station Oteros de Boedo on date 2023-01-04[0m
[33m[2025-04-25 14:41:08,886] WARNING: No records found for station Villarrodrigo  Regueras on date 2023-01-04[0m
[33m[2025-04-25 14:41:08,887] WARNING: No records found for station Foncebadón on date 2023-01-04[0m
[33m[2025-04-25 14:41:08,888] WARNING: No records found for station Caldevilla Valdeón on date 2023-01-04[0m
[33m[2025-04-25 14:41:08,889] WARNING: No records found for station San Juan de Torres on date 2023-01-04[0m
[33m[2025-04-25 14:41:08,890] WARNING: No records found for station Sojuela on date 2023-01-04[0m
[33m[2025-04-25 14:41:08,891] WARNING: No records found for station Uztárroz/Uztarroze on date 2023-01-04[0m
[33m[2025-04-25 14:41:08,892] WARNING: No records found for station La Copa-Campo Fútbol on date 2023-01-04[0m
[33m[2025-04-25 14:41:08,893] WARNING: No records found for station Hospitalet-Bellvitge on date 2023-01-04[0m
[33m[2025-04-25 14:41:08,895] WARNING: No records found for station Carbajal de la Legua on date 2023-01-04[0m
[33m[2025-04-25 14:41:08,896] WARNING: No records found for station Casas de Alfaro-Rogativa on date 2023-01-04[0m
[33m[2025-04-25 14:41:08,897] WARNING: No records found for station Begíjar on date 2023-01-04[0m
[33m[2025-04-25 14:41:08,898] WARNING: No records found for station Casas de Don Juan on date 2023-01-04[0m
[33m[2025-04-25 14:41:08,899] WARNING: No records found for station Villayuste on date 2023-01-04[0m
[33m[2025-04-25 14:41:08,900] WARNING: No records found for station Pumalverde on date 2023-01-04[0m
[33m[2025-04-25 14:41:08,901] WARNING: No records found for station San Martín de Grazanes on date 2023-01-04[0m
[33m[2025-04-25 14:41:08,902] WARNING: No records found for station Fozara - Outeiro Fernando  on date 2023-01-04[0m
[33m[2025-04-25 14:41:08,903] WARNING: No records found for station La Bañeza2 on date 2023-01-04[0m
[33m[2025-04-25 14:41:08,904] WARNING: No records found for station El Oso on date 2023-01-04[0m
[33m[2025-04-25 14:41:08,905] WARNING: No records found for station Barrio O Sisto - Dozón on date 2023-01-04[0m
[33m[2025-04-25 14:41:08,906] WARNING: No records found for station Oviedo - Fozaneldi on date 2023-01-04[0m
[33m[2025-04-25 14:41:08,907] WARNING: No records found for station Cascajeras (UGR) on date 2023-01-04[0m
[33m[2025-04-25 14:41:08,908] WARNING: No records found for station AA_WeatherlinkV1 (Gusendos Oteros) on date 2023-01-04[0m
[33m[2025-04-25 14:41:08,909] WARNING: No records found for station Filiel on date 2023-01-04[0m
[33m[2025-04-25 14:41:08,910] WARNING: No records found for station Rute Pampanas on date 2023-01-04[0m
[2025-04-25 14:41:08,911] INFO: Starting processing. Run ID: 1c187483-7b79-4ad5-b2b7-3bb0d64b424f[0m
[2025-04-25 14:41:08,911] INFO: Processor done.[0m
[2025-04-25 14:41:08,911] INFO: Database connections closed.[0m
