[2025-04-25 14:41:54,582] INFO: Connecting to database...[0m
[2025-04-25 14:41:54,598] INFO: Connected to database.[0m
[2025-04-25 14:41:54,598] INFO: Dry run enabled.[0m
[2025-04-25 14:41:54,601] INFO: Scheduler initialized.[0m
[2025-04-25 14:41:54,602] INFO: Processing date: 2023-02-15[0m
[2025-04-25 14:41:54,602] INFO: Available timezones: ['Etc/UTC', 'Europe/Madrid', 'Europe/Lisbon'][0m
[33m[2025-04-25 14:41:54,606] WARNING: No records found for station no_data on date 2023-02-15[0m
[33m[2025-04-25 14:41:54,607] WARNING: No records found for station has_data on date 2023-02-15[0m
[33m[2025-04-25 14:41:54,608] WARNING: No records found for station AA_Ecowitt on date 2023-02-15[0m
[33m[2025-04-25 14:41:54,608] WARNING: No records found for station Coín Coto la Corcha on date 2023-02-15[0m
[33m[2025-04-25 14:41:54,609] WARNING: No records found for station Espinosa de la Ribera on date 2023-02-15[0m
[33m[2025-04-25 14:41:54,610] WARNING: No records found for station Collada de Aralla on date 2023-02-15[0m
[33m[2025-04-25 14:41:54,611] WARNING: No records found for station Sotobañado y Priorato on date 2023-02-15[0m
[33m[2025-04-25 14:41:54,611] WARNING: No records found for station Tavernes Valldigna - Sequers on date 2023-02-15[0m
[33m[2025-04-25 14:41:54,612] WARNING: No records found for station Cerezales del Condado on date 2023-02-15[0m
[33m[2025-04-25 14:41:54,613] WARNING: No records found for station Calzadilla de los Barros on date 2023-02-15[0m
[33m[2025-04-25 14:41:54,613] WARNING: No records found for station Villena-La Encina on date 2023-02-15[0m
[33m[2025-04-25 14:41:54,614] WARNING: No records found for station Villena- Cº S Juan on date 2023-02-15[0m
[33m[2025-04-25 14:41:54,615] WARNING: No records found for station Santa Eulalia del Río Negro on date 2023-02-15[0m
[33m[2025-04-25 14:41:54,616] WARNING: No records found for station Villanueva Valrojo on date 2023-02-15[0m
[33m[2025-04-25 14:41:54,616] WARNING: No records found for station Culla D'Arcu on date 2023-02-15[0m
[33m[2025-04-25 14:41:54,617] WARNING: No records found for station Pénjamo - Langreo on date 2023-02-15[0m
[33m[2025-04-25 14:41:54,618] WARNING: No records found for station Piscifactoría Mundova on date 2023-02-15[0m
[33m[2025-04-25 14:41:54,618] WARNING: No records found for station Marabio-Teverga on date 2023-02-15[0m
[33m[2025-04-25 14:41:54,619] WARNING: No records found for station La Copa-Paraje la Monja on date 2023-02-15[0m
[33m[2025-04-25 14:41:54,620] WARNING: No records found for station Macizo de Líbar on date 2023-02-15[0m
[33m[2025-04-25 14:41:54,620] WARNING: No records found for station Caldevilla (Piloña) on date 2023-02-15[0m
[33m[2025-04-25 14:41:54,621] WARNING: No records found for station Cobijón on date 2023-02-15[0m
[33m[2025-04-25 14:41:54,622] WARNING: No records found for station Donostia Amara B. on date 2023-02-15[0m
[33m[2025-04-25 14:41:54,623] WARNING: No records found for station Villaceid on date 2023-02-15[0m
[33m[2025-04-25 14:41:54,623] WARNING: No records found for station Otero de Bodas on date 2023-02-15[0m
[33m[2025-04-25 14:41:54,624] WARNING: No records found for station Senra on date 2023-02-15[0m
[33m[2025-04-25 14:41:54,625] WARNING: No records found for station Villardeciervos  on date 2023-02-15[0m
[33m[2025-04-25 14:41:54,625] WARNING: No records found for station AA_Meteoclimatic (El Entrego) on date 2023-02-15[0m
[33m[2025-04-25 14:41:54,626] WARNING: No records found for station Molinaferrera on date 2023-02-15[0m
[33m[2025-04-25 14:41:54,627] WARNING: No records found for station M. de las Ánimas on date 2023-02-15[0m
[33m[2025-04-25 14:41:54,628] WARNING: No records found for station R. de Beniscornia on date 2023-02-15[0m
[33m[2025-04-25 14:41:54,628] WARNING: No records found for station Villamanín on date 2023-02-15[0m
[33m[2025-04-25 14:41:54,629] WARNING: No records found for station Sta. Mª Trassierra on date 2023-02-15[0m
[33m[2025-04-25 14:41:54,630] WARNING: No records found for station La Matea on date 2023-02-15[0m
[33m[2025-04-25 14:41:54,631] WARNING: No records found for station Cumbre de Pontones on date 2023-02-15[0m
[33m[2025-04-25 14:41:54,631] WARNING: No records found for station Cubillas de Arbas on date 2023-02-15[0m
[33m[2025-04-25 14:41:54,632] WARNING: No records found for station Prado Veneiro-Babia on date 2023-02-15[0m
[33m[2025-04-25 14:41:54,633] WARNING: No records found for station Riopar on date 2023-02-15[0m
[33m[2025-04-25 14:41:54,633] WARNING: No records found for station Cabreros del Río on date 2023-02-15[0m
[33m[2025-04-25 14:41:54,634] WARNING: No records found for station Olea de Boedo on date 2023-02-15[0m
[33m[2025-04-25 14:41:54,635] WARNING: No records found for station Garòs-Naut Aran on date 2023-02-15[0m
[33m[2025-04-25 14:41:54,636] WARNING: No records found for station Nava de Arriba on date 2023-02-15[0m
[33m[2025-04-25 14:41:54,636] WARNING: No records found for station Puerto Alto on date 2023-02-15[0m
[33m[2025-04-25 14:41:54,637] WARNING: No records found for station IES Juan Enzina on date 2023-02-15[0m
[33m[2025-04-25 14:41:54,638] WARNING: No records found for station Caborana on date 2023-02-15[0m
[33m[2025-04-25 14:41:54,639] WARNING: No records found for station Estación de Cabra on date 2023-02-15[0m
[33m[2025-04-25 14:41:54,639] WARNING: No records found for station Radio León on date 2023-02-15[0m
[33m[2025-04-25 14:41:54,640] WARNING: No records found for station Blimea - La Venta on date 2023-02-15[0m
[33m[2025-04-25 14:41:54,641] WARNING: No records found for station Cortijo de Tortas on date 2023-02-15[0m
[33m[2025-04-25 14:41:54,642] WARNING: No records found for station La Balsa Alta on date 2023-02-15[0m
[33m[2025-04-25 14:41:54,643] WARNING: No records found for station Xinzo de Limia on date 2023-02-15[0m
[33m[2025-04-25 14:41:54,643] WARNING: No records found for station AA_Wunderground (San Emiliano (Allande)) on date 2023-02-15[0m
[33m[2025-04-25 14:41:54,644] WARNING: No records found for station Fuentes de Ropel on date 2023-02-15[0m
[33m[2025-04-25 14:41:54,645] WARNING: No records found for station Batán del Puerto on date 2023-02-15[0m
[33m[2025-04-25 14:41:54,646] WARNING: No records found for station Mollet del Vallès Besós on date 2023-02-15[0m
[33m[2025-04-25 14:41:54,647] WARNING: No records found for station Fuente la Sabina on date 2023-02-15[0m
[33m[2025-04-25 14:41:54,648] WARNING: No records found for station Córdoba on date 2023-02-15[0m
[33m[2025-04-25 14:41:54,649] WARNING: No records found for station Vega de Orce on date 2023-02-15[0m
[33m[2025-04-25 14:41:54,650] WARNING: No records found for station Orce on date 2023-02-15[0m
[33m[2025-04-25 14:41:54,652] WARNING: No records found for station Puebla D Fadrique on date 2023-02-15[0m
[33m[2025-04-25 14:41:54,654] WARNING: No records found for station Villazala on date 2023-02-15[0m
[33m[2025-04-25 14:41:54,654] WARNING: No records found for station Arenillas S Pelayo on date 2023-02-15[0m
[33m[2025-04-25 14:41:54,655] WARNING: No records found for station Córdoba Poniente on date 2023-02-15[0m
[33m[2025-04-25 14:41:54,656] WARNING: No records found for station Ferreras de Arriba on date 2023-02-15[0m
[33m[2025-04-25 14:41:54,657] WARNING: No records found for station El Sahúco on date 2023-02-15[0m
[33m[2025-04-25 14:41:54,657] WARNING: No records found for station Marratxí on date 2023-02-15[0m
[33m[2025-04-25 14:41:54,658] WARNING: No records found for station Oviedo La Florida on date 2023-02-15[0m
[33m[2025-04-25 14:41:54,659] WARNING: No records found for station Molleda,Corvera de Asturias on date 2023-02-15[0m
[33m[2025-04-25 14:41:54,659] WARNING: No records found for station Cofiñal on date 2023-02-15[0m
[33m[2025-04-25 14:41:54,660] WARNING: No records found for station Gillón, Cangas del Narcea on date 2023-02-15[0m
[33m[2025-04-25 14:41:54,661] WARNING: No records found for station Pico La Llambria on date 2023-02-15[0m
[33m[2025-04-25 14:41:54,662] WARNING: No records found for station Villaestrigo Páramo on date 2023-02-15[0m
[33m[2025-04-25 14:41:54,662] WARNING: No records found for station San Andrés del R. on date 2023-02-15[0m
[33m[2025-04-25 14:41:54,663] WARNING: No records found for station Degaña on date 2023-02-15[0m
[33m[2025-04-25 14:41:54,664] WARNING: No records found for station Robledo de Babia on date 2023-02-15[0m
[33m[2025-04-25 14:41:54,664] WARNING: No records found for station Vega de Baxo-Gijón on date 2023-02-15[0m
[33m[2025-04-25 14:41:54,665] WARNING: No records found for station Istán on date 2023-02-15[0m
[33m[2025-04-25 14:41:54,666] WARNING: No records found for station Lorenzana on date 2023-02-15[0m
[33m[2025-04-25 14:41:54,666] WARNING: No records found for station Sª Oreganal (UGR) on date 2023-02-15[0m
[33m[2025-04-25 14:41:54,667] WARNING: No records found for station Riofrío-La Devesa on date 2023-02-15[0m
[33m[2025-04-25 14:41:54,668] WARNING: No records found for station Abelleira on date 2023-02-15[0m
[33m[2025-04-25 14:41:54,668] WARNING: No records found for station Alozaina on date 2023-02-15[0m
[33m[2025-04-25 14:41:54,669] WARNING: No records found for station Casa Campillero on date 2023-02-15[0m
[33m[2025-04-25 14:41:54,670] WARNING: No records found for station Requejo de la Vega on date 2023-02-15[0m
[33m[2025-04-25 14:41:54,670] WARNING: No records found for station Villanófar on date 2023-02-15[0m
[33m[2025-04-25 14:41:54,671] WARNING: No records found for station Montaos on date 2023-02-15[0m
[33m[2025-04-25 14:41:54,671] WARNING: No records found for station Tolox - Cta. Gallo on date 2023-02-15[0m
[33m[2025-04-25 14:41:54,671] WARNING: No records found for station Rágama on date 2023-02-15[0m
[33m[2025-04-25 14:41:54,672] WARNING: No records found for station Serranillos on date 2023-02-15[0m
[33m[2025-04-25 14:41:54,672] WARNING: No records found for station Sª Palmitera (UGR) on date 2023-02-15[0m
[33m[2025-04-25 14:41:54,673] WARNING: No records found for station La Nava (SªNieves) on date 2023-02-15[0m
[33m[2025-04-25 14:41:54,673] WARNING: No records found for station Coin-San Roman on date 2023-02-15[0m
[33m[2025-04-25 14:41:54,673] WARNING: No records found for station Chert/Xert on date 2023-02-15[0m
[33m[2025-04-25 14:41:54,674] WARNING: No records found for station Navacillo (UGR) on date 2023-02-15[0m
[33m[2025-04-25 14:41:54,674] WARNING: No records found for station Quiruelas Vidriales on date 2023-02-15[0m
[33m[2025-04-25 14:41:54,675] WARNING: No records found for station Coin on date 2023-02-15[0m
[33m[2025-04-25 14:41:54,675] WARNING: No records found for station Ronda on date 2023-02-15[0m
[33m[2025-04-25 14:41:54,676] WARNING: No records found for station Astorga on date 2023-02-15[0m
[33m[2025-04-25 14:41:54,676] WARNING: No records found for station Laguna Marquesado on date 2023-02-15[0m
[33m[2025-04-25 14:41:54,677] WARNING: No records found for station Las Lagunas-Mijas Costa on date 2023-02-15[0m
[33m[2025-04-25 14:41:54,678] WARNING: No records found for station Trobajo del Camino on date 2023-02-15[0m
[33m[2025-04-25 14:41:54,680] WARNING: No records found for station Fuente Sta Cruz on date 2023-02-15[0m
[33m[2025-04-25 14:41:54,682] WARNING: No records found for station Vega de Liordes on date 2023-02-15[0m
[33m[2025-04-25 14:41:54,683] WARNING: No records found for station Logroño Centro on date 2023-02-15[0m
[33m[2025-04-25 14:41:54,683] WARNING: No records found for station Donostia - Ibaeta on date 2023-02-15[0m
[33m[2025-04-25 14:41:54,685] WARNING: No records found for station Isoba on date 2023-02-15[0m
[33m[2025-04-25 14:41:54,687] WARNING: No records found for station Arboreto Valonsadero-Soria on date 2023-02-15[0m
[33m[2025-04-25 14:41:54,689] WARNING: No records found for station Logroño Sur on date 2023-02-15[0m
[33m[2025-04-25 14:41:54,691] WARNING: No records found for station La Peral-Somiedo on date 2023-02-15[0m
[33m[2025-04-25 14:41:54,692] WARNING: No records found for station Sopeña de Curueño on date 2023-02-15[0m
[33m[2025-04-25 14:41:54,694] WARNING: No records found for station Llanes on date 2023-02-15[0m
[33m[2025-04-25 14:41:54,695] WARNING: No records found for station Justel on date 2023-02-15[0m
[33m[2025-04-25 14:41:54,696] WARNING: No records found for station Camarzana de Tera on date 2023-02-15[0m
[33m[2025-04-25 14:41:54,697] WARNING: No records found for station Campamento S Juan on date 2023-02-15[0m
[33m[2025-04-25 14:41:54,698] WARNING: No records found for station Zafrilla on date 2023-02-15[0m
[33m[2025-04-25 14:41:54,699] WARNING: No records found for station Lugueros on date 2023-02-15[0m
[33m[2025-04-25 14:41:54,700] WARNING: No records found for station Burón on date 2023-02-15[0m
[33m[2025-04-25 14:41:54,701] WARNING: No records found for station Veguellina on date 2023-02-15[0m
[33m[2025-04-25 14:41:54,702] WARNING: No records found for station Villaquilambre on date 2023-02-15[0m
[33m[2025-04-25 14:41:54,702] WARNING: No records found for station Islantilla Playa on date 2023-02-15[0m
[33m[2025-04-25 14:41:54,703] WARNING: No records found for station Hoya Mollidar on date 2023-02-15[0m
[33m[2025-04-25 14:41:54,704] WARNING: No records found for station La Veredilla-Aldea on date 2023-02-15[0m
[33m[2025-04-25 14:41:54,705] WARNING: No records found for station Otero las Dueñas on date 2023-02-15[0m
[33m[2025-04-25 14:41:54,706] WARNING: No records found for station Cañá Hermosa on date 2023-02-15[0m
[33m[2025-04-25 14:41:54,706] WARNING: No records found for station Callejo de Ordás on date 2023-02-15[0m
[33m[2025-04-25 14:41:54,707] WARNING: No records found for station La Foz - Casu on date 2023-02-15[0m
[33m[2025-04-25 14:41:54,708] WARNING: No records found for station Pozo Romero on date 2023-02-15[0m
[33m[2025-04-25 14:41:54,709] WARNING: No records found for station Sevilla-S Bernardo on date 2023-02-15[0m
[33m[2025-04-25 14:41:54,710] WARNING: No records found for station Oteros de Boedo on date 2023-02-15[0m
[33m[2025-04-25 14:41:54,710] WARNING: No records found for station Villarrodrigo  Regueras on date 2023-02-15[0m
[33m[2025-04-25 14:41:54,711] WARNING: No records found for station Foncebadón on date 2023-02-15[0m
[33m[2025-04-25 14:41:54,712] WARNING: No records found for station Caldevilla Valdeón on date 2023-02-15[0m
[33m[2025-04-25 14:41:54,713] WARNING: No records found for station San Juan de Torres on date 2023-02-15[0m
[33m[2025-04-25 14:41:54,714] WARNING: No records found for station Sojuela on date 2023-02-15[0m
[33m[2025-04-25 14:41:54,715] WARNING: No records found for station Uztárroz/Uztarroze on date 2023-02-15[0m
[33m[2025-04-25 14:41:54,715] WARNING: No records found for station La Copa-Campo Fútbol on date 2023-02-15[0m
[33m[2025-04-25 14:41:54,716] WARNING: No records found for station Hospitalet-Bellvitge on date 2023-02-15[0m
[33m[2025-04-25 14:41:54,717] WARNING: No records found for station Carbajal de la Legua on date 2023-02-15[0m
[33m[2025-04-25 14:41:54,718] WARNING: No records found for station Casas de Alfaro-Rogativa on date 2023-02-15[0m
[33m[2025-04-25 14:41:54,719] WARNING: No records found for station Begíjar on date 2023-02-15[0m
[33m[2025-04-25 14:41:54,719] WARNING: No records found for station Casas de Don Juan on date 2023-02-15[0m
[33m[2025-04-25 14:41:54,720] WARNING: No records found for station Villayuste on date 2023-02-15[0m
[33m[2025-04-25 14:41:54,721] WARNING: No records found for station Pumalverde on date 2023-02-15[0m
[33m[2025-04-25 14:41:54,722] WARNING: No records found for station San Martín de Grazanes on date 2023-02-15[0m
[33m[2025-04-25 14:41:54,723] WARNING: No records found for station Fozara - Outeiro Fernando  on date 2023-02-15[0m
[33m[2025-04-25 14:41:54,723] WARNING: No records found for station La Bañeza2 on date 2023-02-15[0m
[33m[2025-04-25 14:41:54,724] WARNING: No records found for station El Oso on date 2023-02-15[0m
[33m[2025-04-25 14:41:54,725] WARNING: No records found for station Barrio O Sisto - Dozón on date 2023-02-15[0m
[33m[2025-04-25 14:41:54,726] WARNING: No records found for station Oviedo - Fozaneldi on date 2023-02-15[0m
[33m[2025-04-25 14:41:54,727] WARNING: No records found for station Cascajeras (UGR) on date 2023-02-15[0m
[33m[2025-04-25 14:41:54,727] WARNING: No records found for station AA_WeatherlinkV1 (Gusendos Oteros) on date 2023-02-15[0m
[33m[2025-04-25 14:41:54,728] WARNING: No records found for station Filiel on date 2023-02-15[0m
[33m[2025-04-25 14:41:54,729] WARNING: No records found for station Rute Pampanas on date 2023-02-15[0m
[2025-04-25 14:41:54,729] INFO: Starting processing. Run ID: f2b2a6db-fe1f-4363-acbd-936f97df7802[0m
[2025-04-25 14:41:54,729] INFO: Processor done.[0m
[2025-04-25 14:41:54,730] INFO: Database connections closed.[0m
