[2025-04-25 14:42:16,259] INFO: Connecting to database...[0m
[2025-04-25 14:42:16,274] INFO: Connected to database.[0m
[2025-04-25 14:42:16,275] INFO: Dry run enabled.[0m
[2025-04-25 14:42:16,278] INFO: Scheduler initialized.[0m
[2025-04-25 14:42:16,278] INFO: Processing date: 2023-03-06[0m
[2025-04-25 14:42:16,278] INFO: Available timezones: ['Etc/UTC', 'Europe/Madrid', 'Europe/Lisbon'][0m
[33m[2025-04-25 14:42:16,283] WARNING: No records found for station no_data on date 2023-03-06[0m
[33m[2025-04-25 14:42:16,284] WARNING: No records found for station has_data on date 2023-03-06[0m
[33m[2025-04-25 14:42:16,285] WARNING: No records found for station AA_Ecowitt on date 2023-03-06[0m
[33m[2025-04-25 14:42:16,286] WARNING: No records found for station Coín Coto la Corcha on date 2023-03-06[0m
[33m[2025-04-25 14:42:16,287] WARNING: No records found for station Espinosa de la Ribera on date 2023-03-06[0m
[33m[2025-04-25 14:42:16,288] WARNING: No records found for station Collada de Aralla on date 2023-03-06[0m
[33m[2025-04-25 14:42:16,288] WARNING: No records found for station Sotobañado y Priorato on date 2023-03-06[0m
[33m[2025-04-25 14:42:16,289] WARNING: No records found for station Tavernes Valldigna - Sequers on date 2023-03-06[0m
[33m[2025-04-25 14:42:16,290] WARNING: No records found for station Cerezales del Condado on date 2023-03-06[0m
[33m[2025-04-25 14:42:16,291] WARNING: No records found for station Calzadilla de los Barros on date 2023-03-06[0m
[33m[2025-04-25 14:42:16,292] WARNING: No records found for station Villena-La Encina on date 2023-03-06[0m
[33m[2025-04-25 14:42:16,293] WARNING: No records found for station Villena- Cº S Juan on date 2023-03-06[0m
[33m[2025-04-25 14:42:16,294] WARNING: No records found for station Santa Eulalia del Río Negro on date 2023-03-06[0m
[33m[2025-04-25 14:42:16,295] WARNING: No records found for station Villanueva Valrojo on date 2023-03-06[0m
[33m[2025-04-25 14:42:16,295] WARNING: No records found for station Culla D'Arcu on date 2023-03-06[0m
[33m[2025-04-25 14:42:16,296] WARNING: No records found for station Pénjamo - Langreo on date 2023-03-06[0m
[33m[2025-04-25 14:42:16,297] WARNING: No records found for station Piscifactoría Mundova on date 2023-03-06[0m
[33m[2025-04-25 14:42:16,298] WARNING: No records found for station Marabio-Teverga on date 2023-03-06[0m
[33m[2025-04-25 14:42:16,298] WARNING: No records found for station La Copa-Paraje la Monja on date 2023-03-06[0m
[33m[2025-04-25 14:42:16,299] WARNING: No records found for station Macizo de Líbar on date 2023-03-06[0m
[33m[2025-04-25 14:42:16,300] WARNING: No records found for station Caldevilla (Piloña) on date 2023-03-06[0m
[33m[2025-04-25 14:42:16,301] WARNING: No records found for station Cobijón on date 2023-03-06[0m
[33m[2025-04-25 14:42:16,301] WARNING: No records found for station Donostia Amara B. on date 2023-03-06[0m
[33m[2025-04-25 14:42:16,302] WARNING: No records found for station Villaceid on date 2023-03-06[0m
[33m[2025-04-25 14:42:16,303] WARNING: No records found for station Otero de Bodas on date 2023-03-06[0m
[33m[2025-04-25 14:42:16,303] WARNING: No records found for station Senra on date 2023-03-06[0m
[33m[2025-04-25 14:42:16,304] WARNING: No records found for station Villardeciervos  on date 2023-03-06[0m
[33m[2025-04-25 14:42:16,305] WARNING: No records found for station AA_Meteoclimatic (El Entrego) on date 2023-03-06[0m
[33m[2025-04-25 14:42:16,306] WARNING: No records found for station Molinaferrera on date 2023-03-06[0m
[33m[2025-04-25 14:42:16,306] WARNING: No records found for station M. de las Ánimas on date 2023-03-06[0m
[33m[2025-04-25 14:42:16,307] WARNING: No records found for station R. de Beniscornia on date 2023-03-06[0m
[33m[2025-04-25 14:42:16,308] WARNING: No records found for station Villamanín on date 2023-03-06[0m
[33m[2025-04-25 14:42:16,309] WARNING: No records found for station Sta. Mª Trassierra on date 2023-03-06[0m
[33m[2025-04-25 14:42:16,309] WARNING: No records found for station La Matea on date 2023-03-06[0m
[33m[2025-04-25 14:42:16,310] WARNING: No records found for station Cumbre de Pontones on date 2023-03-06[0m
[33m[2025-04-25 14:42:16,311] WARNING: No records found for station Cubillas de Arbas on date 2023-03-06[0m
[33m[2025-04-25 14:42:16,311] WARNING: No records found for station Prado Veneiro-Babia on date 2023-03-06[0m
[33m[2025-04-25 14:42:16,312] WARNING: No records found for station Riopar on date 2023-03-06[0m
[33m[2025-04-25 14:42:16,313] WARNING: No records found for station Cabreros del Río on date 2023-03-06[0m
[33m[2025-04-25 14:42:16,314] WARNING: No records found for station Olea de Boedo on date 2023-03-06[0m
[33m[2025-04-25 14:42:16,315] WARNING: No records found for station Garòs-Naut Aran on date 2023-03-06[0m
[33m[2025-04-25 14:42:16,316] WARNING: No records found for station Nava de Arriba on date 2023-03-06[0m
[33m[2025-04-25 14:42:16,316] WARNING: No records found for station Puerto Alto on date 2023-03-06[0m
[33m[2025-04-25 14:42:16,317] WARNING: No records found for station IES Juan Enzina on date 2023-03-06[0m
[33m[2025-04-25 14:42:16,318] WARNING: No records found for station Caborana on date 2023-03-06[0m
[33m[2025-04-25 14:42:16,319] WARNING: No records found for station Estación de Cabra on date 2023-03-06[0m
[33m[2025-04-25 14:42:16,320] WARNING: No records found for station Radio León on date 2023-03-06[0m
[33m[2025-04-25 14:42:16,321] WARNING: No records found for station Blimea - La Venta on date 2023-03-06[0m
[33m[2025-04-25 14:42:16,322] WARNING: No records found for station Cortijo de Tortas on date 2023-03-06[0m
[33m[2025-04-25 14:42:16,322] WARNING: No records found for station La Balsa Alta on date 2023-03-06[0m
[33m[2025-04-25 14:42:16,323] WARNING: No records found for station Xinzo de Limia on date 2023-03-06[0m
[33m[2025-04-25 14:42:16,324] WARNING: No records found for station AA_Wunderground (San Emiliano (Allande)) on date 2023-03-06[0m
[33m[2025-04-25 14:42:16,325] WARNING: No records found for station Fuentes de Ropel on date 2023-03-06[0m
[33m[2025-04-25 14:42:16,326] WARNING: No records found for station Batán del Puerto on date 2023-03-06[0m
[33m[2025-04-25 14:42:16,326] WARNING: No records found for station Mollet del Vallès Besós on date 2023-03-06[0m
[33m[2025-04-25 14:42:16,327] WARNING: No records found for station Fuente la Sabina on date 2023-03-06[0m
[33m[2025-04-25 14:42:16,328] WARNING: No records found for station Córdoba on date 2023-03-06[0m
[33m[2025-04-25 14:42:16,329] WARNING: No records found for station Vega de Orce on date 2023-03-06[0m
[33m[2025-04-25 14:42:16,330] WARNING: No records found for station Orce on date 2023-03-06[0m
[33m[2025-04-25 14:42:16,330] WARNING: No records found for station Puebla D Fadrique on date 2023-03-06[0m
[33m[2025-04-25 14:42:16,331] WARNING: No records found for station Villazala on date 2023-03-06[0m
[33m[2025-04-25 14:42:16,332] WARNING: No records found for station Arenillas S Pelayo on date 2023-03-06[0m
[33m[2025-04-25 14:42:16,333] WARNING: No records found for station Córdoba Poniente on date 2023-03-06[0m
[33m[2025-04-25 14:42:16,334] WARNING: No records found for station Ferreras de Arriba on date 2023-03-06[0m
[33m[2025-04-25 14:42:16,334] WARNING: No records found for station El Sahúco on date 2023-03-06[0m
[33m[2025-04-25 14:42:16,335] WARNING: No records found for station Marratxí on date 2023-03-06[0m
[33m[2025-04-25 14:42:16,336] WARNING: No records found for station Oviedo La Florida on date 2023-03-06[0m
[33m[2025-04-25 14:42:16,337] WARNING: No records found for station Molleda,Corvera de Asturias on date 2023-03-06[0m
[33m[2025-04-25 14:42:16,338] WARNING: No records found for station Cofiñal on date 2023-03-06[0m
[33m[2025-04-25 14:42:16,339] WARNING: No records found for station Gillón, Cangas del Narcea on date 2023-03-06[0m
[33m[2025-04-25 14:42:16,340] WARNING: No records found for station Pico La Llambria on date 2023-03-06[0m
[33m[2025-04-25 14:42:16,340] WARNING: No records found for station Villaestrigo Páramo on date 2023-03-06[0m
[33m[2025-04-25 14:42:16,341] WARNING: No records found for station San Andrés del R. on date 2023-03-06[0m
[33m[2025-04-25 14:42:16,342] WARNING: No records found for station Degaña on date 2023-03-06[0m
[33m[2025-04-25 14:42:16,343] WARNING: No records found for station Robledo de Babia on date 2023-03-06[0m
[33m[2025-04-25 14:42:16,344] WARNING: No records found for station Vega de Baxo-Gijón on date 2023-03-06[0m
[33m[2025-04-25 14:42:16,345] WARNING: No records found for station Istán on date 2023-03-06[0m
[33m[2025-04-25 14:42:16,346] WARNING: No records found for station Lorenzana on date 2023-03-06[0m
[33m[2025-04-25 14:42:16,347] WARNING: No records found for station Sª Oreganal (UGR) on date 2023-03-06[0m
[33m[2025-04-25 14:42:16,348] WARNING: No records found for station Riofrío-La Devesa on date 2023-03-06[0m
[33m[2025-04-25 14:42:16,349] WARNING: No records found for station Abelleira on date 2023-03-06[0m
[33m[2025-04-25 14:42:16,349] WARNING: No records found for station Alozaina on date 2023-03-06[0m
[33m[2025-04-25 14:42:16,350] WARNING: No records found for station Casa Campillero on date 2023-03-06[0m
[33m[2025-04-25 14:42:16,351] WARNING: No records found for station Requejo de la Vega on date 2023-03-06[0m
[33m[2025-04-25 14:42:16,352] WARNING: No records found for station Villanófar on date 2023-03-06[0m
[33m[2025-04-25 14:42:16,352] WARNING: No records found for station Montaos on date 2023-03-06[0m
[33m[2025-04-25 14:42:16,353] WARNING: No records found for station Tolox - Cta. Gallo on date 2023-03-06[0m
[33m[2025-04-25 14:42:16,354] WARNING: No records found for station Rágama on date 2023-03-06[0m
[33m[2025-04-25 14:42:16,355] WARNING: No records found for station Serranillos on date 2023-03-06[0m
[33m[2025-04-25 14:42:16,355] WARNING: No records found for station Sª Palmitera (UGR) on date 2023-03-06[0m
[33m[2025-04-25 14:42:16,356] WARNING: No records found for station La Nava (SªNieves) on date 2023-03-06[0m
[33m[2025-04-25 14:42:16,357] WARNING: No records found for station Coin-San Roman on date 2023-03-06[0m
[33m[2025-04-25 14:42:16,357] WARNING: No records found for station Chert/Xert on date 2023-03-06[0m
[33m[2025-04-25 14:42:16,358] WARNING: No records found for station Navacillo (UGR) on date 2023-03-06[0m
[33m[2025-04-25 14:42:16,359] WARNING: No records found for station Quiruelas Vidriales on date 2023-03-06[0m
[33m[2025-04-25 14:42:16,360] WARNING: No records found for station Coin on date 2023-03-06[0m
[33m[2025-04-25 14:42:16,360] WARNING: No records found for station Ronda on date 2023-03-06[0m
[33m[2025-04-25 14:42:16,361] WARNING: No records found for station Astorga on date 2023-03-06[0m
[33m[2025-04-25 14:42:16,362] WARNING: No records found for station Laguna Marquesado on date 2023-03-06[0m
[33m[2025-04-25 14:42:16,363] WARNING: No records found for station Las Lagunas-Mijas Costa on date 2023-03-06[0m
[33m[2025-04-25 14:42:16,363] WARNING: No records found for station Trobajo del Camino on date 2023-03-06[0m
[33m[2025-04-25 14:42:16,364] WARNING: No records found for station Fuente Sta Cruz on date 2023-03-06[0m
[33m[2025-04-25 14:42:16,365] WARNING: No records found for station Vega de Liordes on date 2023-03-06[0m
[33m[2025-04-25 14:42:16,366] WARNING: No records found for station Logroño Centro on date 2023-03-06[0m
[33m[2025-04-25 14:42:16,367] WARNING: No records found for station Donostia - Ibaeta on date 2023-03-06[0m
[33m[2025-04-25 14:42:16,368] WARNING: No records found for station Isoba on date 2023-03-06[0m
[33m[2025-04-25 14:42:16,369] WARNING: No records found for station Arboreto Valonsadero-Soria on date 2023-03-06[0m
[33m[2025-04-25 14:42:16,369] WARNING: No records found for station Logroño Sur on date 2023-03-06[0m
[33m[2025-04-25 14:42:16,370] WARNING: No records found for station La Peral-Somiedo on date 2023-03-06[0m
[33m[2025-04-25 14:42:16,371] WARNING: No records found for station Sopeña de Curueño on date 2023-03-06[0m
[33m[2025-04-25 14:42:16,372] WARNING: No records found for station Llanes on date 2023-03-06[0m
[33m[2025-04-25 14:42:16,372] WARNING: No records found for station Justel on date 2023-03-06[0m
[33m[2025-04-25 14:42:16,373] WARNING: No records found for station Camarzana de Tera on date 2023-03-06[0m
[33m[2025-04-25 14:42:16,374] WARNING: No records found for station Campamento S Juan on date 2023-03-06[0m
[33m[2025-04-25 14:42:16,374] WARNING: No records found for station Zafrilla on date 2023-03-06[0m
[33m[2025-04-25 14:42:16,375] WARNING: No records found for station Lugueros on date 2023-03-06[0m
[33m[2025-04-25 14:42:16,376] WARNING: No records found for station Burón on date 2023-03-06[0m
[33m[2025-04-25 14:42:16,377] WARNING: No records found for station Veguellina on date 2023-03-06[0m
[33m[2025-04-25 14:42:16,377] WARNING: No records found for station Villaquilambre on date 2023-03-06[0m
[33m[2025-04-25 14:42:16,378] WARNING: No records found for station Islantilla Playa on date 2023-03-06[0m
[33m[2025-04-25 14:42:16,379] WARNING: No records found for station Hoya Mollidar on date 2023-03-06[0m
[33m[2025-04-25 14:42:16,379] WARNING: No records found for station La Veredilla-Aldea on date 2023-03-06[0m
[33m[2025-04-25 14:42:16,380] WARNING: No records found for station Otero las Dueñas on date 2023-03-06[0m
[33m[2025-04-25 14:42:16,381] WARNING: No records found for station Cañá Hermosa on date 2023-03-06[0m
[33m[2025-04-25 14:42:16,382] WARNING: No records found for station Callejo de Ordás on date 2023-03-06[0m
[33m[2025-04-25 14:42:16,382] WARNING: No records found for station La Foz - Casu on date 2023-03-06[0m
[33m[2025-04-25 14:42:16,383] WARNING: No records found for station Pozo Romero on date 2023-03-06[0m
[33m[2025-04-25 14:42:16,384] WARNING: No records found for station Sevilla-S Bernardo on date 2023-03-06[0m
[33m[2025-04-25 14:42:16,384] WARNING: No records found for station Oteros de Boedo on date 2023-03-06[0m
[33m[2025-04-25 14:42:16,385] WARNING: No records found for station Villarrodrigo  Regueras on date 2023-03-06[0m
[33m[2025-04-25 14:42:16,386] WARNING: No records found for station Foncebadón on date 2023-03-06[0m
[33m[2025-04-25 14:42:16,386] WARNING: No records found for station Caldevilla Valdeón on date 2023-03-06[0m
[33m[2025-04-25 14:42:16,387] WARNING: No records found for station San Juan de Torres on date 2023-03-06[0m
[33m[2025-04-25 14:42:16,388] WARNING: No records found for station Sojuela on date 2023-03-06[0m
[33m[2025-04-25 14:42:16,389] WARNING: No records found for station Uztárroz/Uztarroze on date 2023-03-06[0m
[33m[2025-04-25 14:42:16,389] WARNING: No records found for station La Copa-Campo Fútbol on date 2023-03-06[0m
[33m[2025-04-25 14:42:16,390] WARNING: No records found for station Hospitalet-Bellvitge on date 2023-03-06[0m
[33m[2025-04-25 14:42:16,391] WARNING: No records found for station Carbajal de la Legua on date 2023-03-06[0m
[33m[2025-04-25 14:42:16,391] WARNING: No records found for station Casas de Alfaro-Rogativa on date 2023-03-06[0m
[33m[2025-04-25 14:42:16,392] WARNING: No records found for station Begíjar on date 2023-03-06[0m
[33m[2025-04-25 14:42:16,393] WARNING: No records found for station Casas de Don Juan on date 2023-03-06[0m
[33m[2025-04-25 14:42:16,394] WARNING: No records found for station Villayuste on date 2023-03-06[0m
[33m[2025-04-25 14:42:16,394] WARNING: No records found for station Pumalverde on date 2023-03-06[0m
[33m[2025-04-25 14:42:16,395] WARNING: No records found for station San Martín de Grazanes on date 2023-03-06[0m
[33m[2025-04-25 14:42:16,396] WARNING: No records found for station Fozara - Outeiro Fernando  on date 2023-03-06[0m
[33m[2025-04-25 14:42:16,396] WARNING: No records found for station La Bañeza2 on date 2023-03-06[0m
[33m[2025-04-25 14:42:16,397] WARNING: No records found for station El Oso on date 2023-03-06[0m
[33m[2025-04-25 14:42:16,398] WARNING: No records found for station Barrio O Sisto - Dozón on date 2023-03-06[0m
[33m[2025-04-25 14:42:16,398] WARNING: No records found for station Oviedo - Fozaneldi on date 2023-03-06[0m
[33m[2025-04-25 14:42:16,399] WARNING: No records found for station Cascajeras (UGR) on date 2023-03-06[0m
[33m[2025-04-25 14:42:16,400] WARNING: No records found for station AA_WeatherlinkV1 (Gusendos Oteros) on date 2023-03-06[0m
[33m[2025-04-25 14:42:16,401] WARNING: No records found for station Filiel on date 2023-03-06[0m
[33m[2025-04-25 14:42:16,401] WARNING: No records found for station Rute Pampanas on date 2023-03-06[0m
[2025-04-25 14:42:16,401] INFO: Starting processing. Run ID: 9580f2e2-0fee-4cda-b095-88c01b9fe356[0m
[2025-04-25 14:42:16,401] INFO: Processor done.[0m
[2025-04-25 14:42:16,402] INFO: Database connections closed.[0m
