[2025-04-25 14:42:09,383] INFO: Connecting to database...[0m
[2025-04-25 14:42:09,393] INFO: Connected to database.[0m
[2025-04-25 14:42:09,393] INFO: Dry run enabled.[0m
[2025-04-25 14:42:09,397] INFO: Scheduler initialized.[0m
[2025-04-25 14:42:09,397] INFO: Processing date: 2023-02-28[0m
[2025-04-25 14:42:09,397] INFO: Available timezones: ['Etc/UTC', 'Europe/Madrid', 'Europe/Lisbon'][0m
[33m[2025-04-25 14:42:09,402] WARNING: No records found for station no_data on date 2023-02-28[0m
[33m[2025-04-25 14:42:09,402] WARNING: No records found for station has_data on date 2023-02-28[0m
[33m[2025-04-25 14:42:09,403] WARNING: No records found for station AA_Ecowitt on date 2023-02-28[0m
[33m[2025-04-25 14:42:09,404] WARNING: No records found for station Coín Coto la Corcha on date 2023-02-28[0m
[33m[2025-04-25 14:42:09,405] WARNING: No records found for station Espinosa de la Ribera on date 2023-02-28[0m
[33m[2025-04-25 14:42:09,406] WARNING: No records found for station Collada de Aralla on date 2023-02-28[0m
[33m[2025-04-25 14:42:09,407] WARNING: No records found for station Sotobañado y Priorato on date 2023-02-28[0m
[33m[2025-04-25 14:42:09,408] WARNING: No records found for station Tavernes Valldigna - Sequers on date 2023-02-28[0m
[33m[2025-04-25 14:42:09,409] WARNING: No records found for station Cerezales del Condado on date 2023-02-28[0m
[33m[2025-04-25 14:42:09,410] WARNING: No records found for station Calzadilla de los Barros on date 2023-02-28[0m
[33m[2025-04-25 14:42:09,411] WARNING: No records found for station Villena-La Encina on date 2023-02-28[0m
[33m[2025-04-25 14:42:09,412] WARNING: No records found for station Villena- Cº S Juan on date 2023-02-28[0m
[33m[2025-04-25 14:42:09,413] WARNING: No records found for station Santa Eulalia del Río Negro on date 2023-02-28[0m
[33m[2025-04-25 14:42:09,413] WARNING: No records found for station Villanueva Valrojo on date 2023-02-28[0m
[33m[2025-04-25 14:42:09,414] WARNING: No records found for station Culla D'Arcu on date 2023-02-28[0m
[33m[2025-04-25 14:42:09,415] WARNING: No records found for station Pénjamo - Langreo on date 2023-02-28[0m
[33m[2025-04-25 14:42:09,416] WARNING: No records found for station Piscifactoría Mundova on date 2023-02-28[0m
[33m[2025-04-25 14:42:09,417] WARNING: No records found for station Marabio-Teverga on date 2023-02-28[0m
[33m[2025-04-25 14:42:09,418] WARNING: No records found for station La Copa-Paraje la Monja on date 2023-02-28[0m
[33m[2025-04-25 14:42:09,418] WARNING: No records found for station Macizo de Líbar on date 2023-02-28[0m
[33m[2025-04-25 14:42:09,419] WARNING: No records found for station Caldevilla (Piloña) on date 2023-02-28[0m
[33m[2025-04-25 14:42:09,420] WARNING: No records found for station Cobijón on date 2023-02-28[0m
[33m[2025-04-25 14:42:09,421] WARNING: No records found for station Donostia Amara B. on date 2023-02-28[0m
[33m[2025-04-25 14:42:09,422] WARNING: No records found for station Villaceid on date 2023-02-28[0m
[33m[2025-04-25 14:42:09,423] WARNING: No records found for station Otero de Bodas on date 2023-02-28[0m
[33m[2025-04-25 14:42:09,423] WARNING: No records found for station Senra on date 2023-02-28[0m
[33m[2025-04-25 14:42:09,424] WARNING: No records found for station Villardeciervos  on date 2023-02-28[0m
[33m[2025-04-25 14:42:09,425] WARNING: No records found for station AA_Meteoclimatic (El Entrego) on date 2023-02-28[0m
[33m[2025-04-25 14:42:09,426] WARNING: No records found for station Molinaferrera on date 2023-02-28[0m
[33m[2025-04-25 14:42:09,427] WARNING: No records found for station M. de las Ánimas on date 2023-02-28[0m
[33m[2025-04-25 14:42:09,427] WARNING: No records found for station R. de Beniscornia on date 2023-02-28[0m
[33m[2025-04-25 14:42:09,428] WARNING: No records found for station Villamanín on date 2023-02-28[0m
[33m[2025-04-25 14:42:09,429] WARNING: No records found for station Sta. Mª Trassierra on date 2023-02-28[0m
[33m[2025-04-25 14:42:09,430] WARNING: No records found for station La Matea on date 2023-02-28[0m
[33m[2025-04-25 14:42:09,431] WARNING: No records found for station Cumbre de Pontones on date 2023-02-28[0m
[33m[2025-04-25 14:42:09,432] WARNING: No records found for station Cubillas de Arbas on date 2023-02-28[0m
[33m[2025-04-25 14:42:09,432] WARNING: No records found for station Prado Veneiro-Babia on date 2023-02-28[0m
[33m[2025-04-25 14:42:09,433] WARNING: No records found for station Riopar on date 2023-02-28[0m
[33m[2025-04-25 14:42:09,434] WARNING: No records found for station Cabreros del Río on date 2023-02-28[0m
[33m[2025-04-25 14:42:09,435] WARNING: No records found for station Olea de Boedo on date 2023-02-28[0m
[33m[2025-04-25 14:42:09,435] WARNING: No records found for station Garòs-Naut Aran on date 2023-02-28[0m
[33m[2025-04-25 14:42:09,436] WARNING: No records found for station Nava de Arriba on date 2023-02-28[0m
[33m[2025-04-25 14:42:09,437] WARNING: No records found for station Puerto Alto on date 2023-02-28[0m
[33m[2025-04-25 14:42:09,438] WARNING: No records found for station IES Juan Enzina on date 2023-02-28[0m
[33m[2025-04-25 14:42:09,438] WARNING: No records found for station Caborana on date 2023-02-28[0m
[33m[2025-04-25 14:42:09,439] WARNING: No records found for station Estación de Cabra on date 2023-02-28[0m
[33m[2025-04-25 14:42:09,440] WARNING: No records found for station Radio León on date 2023-02-28[0m
[33m[2025-04-25 14:42:09,440] WARNING: No records found for station Blimea - La Venta on date 2023-02-28[0m
[33m[2025-04-25 14:42:09,441] WARNING: No records found for station Cortijo de Tortas on date 2023-02-28[0m
[33m[2025-04-25 14:42:09,442] WARNING: No records found for station La Balsa Alta on date 2023-02-28[0m
[33m[2025-04-25 14:42:09,443] WARNING: No records found for station Xinzo de Limia on date 2023-02-28[0m
[33m[2025-04-25 14:42:09,443] WARNING: No records found for station AA_Wunderground (San Emiliano (Allande)) on date 2023-02-28[0m
[33m[2025-04-25 14:42:09,444] WARNING: No records found for station Fuentes de Ropel on date 2023-02-28[0m
[33m[2025-04-25 14:42:09,445] WARNING: No records found for station Batán del Puerto on date 2023-02-28[0m
[33m[2025-04-25 14:42:09,445] WARNING: No records found for station Mollet del Vallès Besós on date 2023-02-28[0m
[33m[2025-04-25 14:42:09,446] WARNING: No records found for station Fuente la Sabina on date 2023-02-28[0m
[33m[2025-04-25 14:42:09,447] WARNING: No records found for station Córdoba on date 2023-02-28[0m
[33m[2025-04-25 14:42:09,448] WARNING: No records found for station Vega de Orce on date 2023-02-28[0m
[33m[2025-04-25 14:42:09,448] WARNING: No records found for station Orce on date 2023-02-28[0m
[33m[2025-04-25 14:42:09,449] WARNING: No records found for station Puebla D Fadrique on date 2023-02-28[0m
[33m[2025-04-25 14:42:09,450] WARNING: No records found for station Villazala on date 2023-02-28[0m
[33m[2025-04-25 14:42:09,450] WARNING: No records found for station Arenillas S Pelayo on date 2023-02-28[0m
[33m[2025-04-25 14:42:09,451] WARNING: No records found for station Córdoba Poniente on date 2023-02-28[0m
[33m[2025-04-25 14:42:09,452] WARNING: No records found for station Ferreras de Arriba on date 2023-02-28[0m
[33m[2025-04-25 14:42:09,453] WARNING: No records found for station El Sahúco on date 2023-02-28[0m
[33m[2025-04-25 14:42:09,453] WARNING: No records found for station Marratxí on date 2023-02-28[0m
[33m[2025-04-25 14:42:09,454] WARNING: No records found for station Oviedo La Florida on date 2023-02-28[0m
[33m[2025-04-25 14:42:09,455] WARNING: No records found for station Molleda,Corvera de Asturias on date 2023-02-28[0m
[33m[2025-04-25 14:42:09,455] WARNING: No records found for station Cofiñal on date 2023-02-28[0m
[33m[2025-04-25 14:42:09,456] WARNING: No records found for station Gillón, Cangas del Narcea on date 2023-02-28[0m
[33m[2025-04-25 14:42:09,457] WARNING: No records found for station Pico La Llambria on date 2023-02-28[0m
[33m[2025-04-25 14:42:09,457] WARNING: No records found for station Villaestrigo Páramo on date 2023-02-28[0m
[33m[2025-04-25 14:42:09,458] WARNING: No records found for station San Andrés del R. on date 2023-02-28[0m
[33m[2025-04-25 14:42:09,459] WARNING: No records found for station Degaña on date 2023-02-28[0m
[33m[2025-04-25 14:42:09,460] WARNING: No records found for station Robledo de Babia on date 2023-02-28[0m
[33m[2025-04-25 14:42:09,461] WARNING: No records found for station Vega de Baxo-Gijón on date 2023-02-28[0m
[33m[2025-04-25 14:42:09,462] WARNING: No records found for station Istán on date 2023-02-28[0m
[33m[2025-04-25 14:42:09,462] WARNING: No records found for station Lorenzana on date 2023-02-28[0m
[33m[2025-04-25 14:42:09,463] WARNING: No records found for station Sª Oreganal (UGR) on date 2023-02-28[0m
[33m[2025-04-25 14:42:09,464] WARNING: No records found for station Riofrío-La Devesa on date 2023-02-28[0m
[33m[2025-04-25 14:42:09,465] WARNING: No records found for station Abelleira on date 2023-02-28[0m
[33m[2025-04-25 14:42:09,466] WARNING: No records found for station Alozaina on date 2023-02-28[0m
[33m[2025-04-25 14:42:09,466] WARNING: No records found for station Casa Campillero on date 2023-02-28[0m
[33m[2025-04-25 14:42:09,467] WARNING: No records found for station Requejo de la Vega on date 2023-02-28[0m
[33m[2025-04-25 14:42:09,468] WARNING: No records found for station Villanófar on date 2023-02-28[0m
[33m[2025-04-25 14:42:09,469] WARNING: No records found for station Montaos on date 2023-02-28[0m
[33m[2025-04-25 14:42:09,470] WARNING: No records found for station Tolox - Cta. Gallo on date 2023-02-28[0m
[33m[2025-04-25 14:42:09,470] WARNING: No records found for station Rágama on date 2023-02-28[0m
[33m[2025-04-25 14:42:09,471] WARNING: No records found for station Serranillos on date 2023-02-28[0m
[33m[2025-04-25 14:42:09,472] WARNING: No records found for station Sª Palmitera (UGR) on date 2023-02-28[0m
[33m[2025-04-25 14:42:09,472] WARNING: No records found for station La Nava (SªNieves) on date 2023-02-28[0m
[33m[2025-04-25 14:42:09,473] WARNING: No records found for station Coin-San Roman on date 2023-02-28[0m
[33m[2025-04-25 14:42:09,474] WARNING: No records found for station Chert/Xert on date 2023-02-28[0m
[33m[2025-04-25 14:42:09,475] WARNING: No records found for station Navacillo (UGR) on date 2023-02-28[0m
[33m[2025-04-25 14:42:09,475] WARNING: No records found for station Quiruelas Vidriales on date 2023-02-28[0m
[33m[2025-04-25 14:42:09,476] WARNING: No records found for station Coin on date 2023-02-28[0m
[33m[2025-04-25 14:42:09,477] WARNING: No records found for station Ronda on date 2023-02-28[0m
[33m[2025-04-25 14:42:09,477] WARNING: No records found for station Astorga on date 2023-02-28[0m
[33m[2025-04-25 14:42:09,478] WARNING: No records found for station Laguna Marquesado on date 2023-02-28[0m
[33m[2025-04-25 14:42:09,479] WARNING: No records found for station Las Lagunas-Mijas Costa on date 2023-02-28[0m
[33m[2025-04-25 14:42:09,480] WARNING: No records found for station Trobajo del Camino on date 2023-02-28[0m
[33m[2025-04-25 14:42:09,480] WARNING: No records found for station Fuente Sta Cruz on date 2023-02-28[0m
[33m[2025-04-25 14:42:09,481] WARNING: No records found for station Vega de Liordes on date 2023-02-28[0m
[33m[2025-04-25 14:42:09,482] WARNING: No records found for station Logroño Centro on date 2023-02-28[0m
[33m[2025-04-25 14:42:09,482] WARNING: No records found for station Donostia - Ibaeta on date 2023-02-28[0m
[33m[2025-04-25 14:42:09,483] WARNING: No records found for station Isoba on date 2023-02-28[0m
[33m[2025-04-25 14:42:09,484] WARNING: No records found for station Arboreto Valonsadero-Soria on date 2023-02-28[0m
[33m[2025-04-25 14:42:09,484] WARNING: No records found for station Logroño Sur on date 2023-02-28[0m
[33m[2025-04-25 14:42:09,485] WARNING: No records found for station La Peral-Somiedo on date 2023-02-28[0m
[33m[2025-04-25 14:42:09,486] WARNING: No records found for station Sopeña de Curueño on date 2023-02-28[0m
[33m[2025-04-25 14:42:09,487] WARNING: No records found for station Llanes on date 2023-02-28[0m
[33m[2025-04-25 14:42:09,487] WARNING: No records found for station Justel on date 2023-02-28[0m
[33m[2025-04-25 14:42:09,488] WARNING: No records found for station Camarzana de Tera on date 2023-02-28[0m
[33m[2025-04-25 14:42:09,489] WARNING: No records found for station Campamento S Juan on date 2023-02-28[0m
[33m[2025-04-25 14:42:09,489] WARNING: No records found for station Zafrilla on date 2023-02-28[0m
[33m[2025-04-25 14:42:09,490] WARNING: No records found for station Lugueros on date 2023-02-28[0m
[33m[2025-04-25 14:42:09,491] WARNING: No records found for station Burón on date 2023-02-28[0m
[33m[2025-04-25 14:42:09,492] WARNING: No records found for station Veguellina on date 2023-02-28[0m
[33m[2025-04-25 14:42:09,493] WARNING: No records found for station Villaquilambre on date 2023-02-28[0m
[33m[2025-04-25 14:42:09,494] WARNING: No records found for station Islantilla Playa on date 2023-02-28[0m
[33m[2025-04-25 14:42:09,494] WARNING: No records found for station Hoya Mollidar on date 2023-02-28[0m
[33m[2025-04-25 14:42:09,496] WARNING: No records found for station La Veredilla-Aldea on date 2023-02-28[0m
[33m[2025-04-25 14:42:09,497] WARNING: No records found for station Otero las Dueñas on date 2023-02-28[0m
[33m[2025-04-25 14:42:09,497] WARNING: No records found for station Cañá Hermosa on date 2023-02-28[0m
[33m[2025-04-25 14:42:09,498] WARNING: No records found for station Callejo de Ordás on date 2023-02-28[0m
[33m[2025-04-25 14:42:09,499] WARNING: No records found for station La Foz - Casu on date 2023-02-28[0m
[33m[2025-04-25 14:42:09,500] WARNING: No records found for station Pozo Romero on date 2023-02-28[0m
[33m[2025-04-25 14:42:09,500] WARNING: No records found for station Sevilla-S Bernardo on date 2023-02-28[0m
[33m[2025-04-25 14:42:09,501] WARNING: No records found for station Oteros de Boedo on date 2023-02-28[0m
[33m[2025-04-25 14:42:09,502] WARNING: No records found for station Villarrodrigo  Regueras on date 2023-02-28[0m
[33m[2025-04-25 14:42:09,503] WARNING: No records found for station Foncebadón on date 2023-02-28[0m
[33m[2025-04-25 14:42:09,503] WARNING: No records found for station Caldevilla Valdeón on date 2023-02-28[0m
[33m[2025-04-25 14:42:09,504] WARNING: No records found for station San Juan de Torres on date 2023-02-28[0m
[33m[2025-04-25 14:42:09,505] WARNING: No records found for station Sojuela on date 2023-02-28[0m
[33m[2025-04-25 14:42:09,506] WARNING: No records found for station Uztárroz/Uztarroze on date 2023-02-28[0m
[33m[2025-04-25 14:42:09,507] WARNING: No records found for station La Copa-Campo Fútbol on date 2023-02-28[0m
[33m[2025-04-25 14:42:09,508] WARNING: No records found for station Hospitalet-Bellvitge on date 2023-02-28[0m
[33m[2025-04-25 14:42:09,508] WARNING: No records found for station Carbajal de la Legua on date 2023-02-28[0m
[33m[2025-04-25 14:42:09,509] WARNING: No records found for station Casas de Alfaro-Rogativa on date 2023-02-28[0m
[33m[2025-04-25 14:42:09,510] WARNING: No records found for station Begíjar on date 2023-02-28[0m
[33m[2025-04-25 14:42:09,511] WARNING: No records found for station Casas de Don Juan on date 2023-02-28[0m
[33m[2025-04-25 14:42:09,512] WARNING: No records found for station Villayuste on date 2023-02-28[0m
[33m[2025-04-25 14:42:09,513] WARNING: No records found for station Pumalverde on date 2023-02-28[0m
[33m[2025-04-25 14:42:09,514] WARNING: No records found for station San Martín de Grazanes on date 2023-02-28[0m
[33m[2025-04-25 14:42:09,516] WARNING: No records found for station Fozara - Outeiro Fernando  on date 2023-02-28[0m
[33m[2025-04-25 14:42:09,517] WARNING: No records found for station La Bañeza2 on date 2023-02-28[0m
[33m[2025-04-25 14:42:09,518] WARNING: No records found for station El Oso on date 2023-02-28[0m
[33m[2025-04-25 14:42:09,520] WARNING: No records found for station Barrio O Sisto - Dozón on date 2023-02-28[0m
[33m[2025-04-25 14:42:09,521] WARNING: No records found for station Oviedo - Fozaneldi on date 2023-02-28[0m
[33m[2025-04-25 14:42:09,523] WARNING: No records found for station Cascajeras (UGR) on date 2023-02-28[0m
[33m[2025-04-25 14:42:09,524] WARNING: No records found for station AA_WeatherlinkV1 (Gusendos Oteros) on date 2023-02-28[0m
[33m[2025-04-25 14:42:09,525] WARNING: No records found for station Filiel on date 2023-02-28[0m
[33m[2025-04-25 14:42:09,527] WARNING: No records found for station Rute Pampanas on date 2023-02-28[0m
[2025-04-25 14:42:09,527] INFO: Starting processing. Run ID: 4a56ce75-99fb-465c-a2c0-24716b97a963[0m
[2025-04-25 14:42:09,527] INFO: Processor done.[0m
[2025-04-25 14:42:09,528] INFO: Database connections closed.[0m
