[2025-04-25 14:42:02,603] INFO: Connecting to database...[0m
[2025-04-25 14:42:02,619] INFO: Connected to database.[0m
[2025-04-25 14:42:02,619] INFO: Dry run enabled.[0m
[2025-04-25 14:42:02,623] INFO: Scheduler initialized.[0m
[2025-04-25 14:42:02,623] INFO: Processing date: 2023-02-22[0m
[2025-04-25 14:42:02,623] INFO: Available timezones: ['Etc/UTC', 'Europe/Madrid', 'Europe/Lisbon'][0m
[33m[2025-04-25 14:42:02,629] WARNING: No records found for station no_data on date 2023-02-22[0m
[33m[2025-04-25 14:42:02,631] WARNING: No records found for station has_data on date 2023-02-22[0m
[33m[2025-04-25 14:42:02,632] WARNING: No records found for station AA_Ecowitt on date 2023-02-22[0m
[33m[2025-04-25 14:42:02,634] WARNING: No records found for station Coín Coto la Corcha on date 2023-02-22[0m
[33m[2025-04-25 14:42:02,635] WARNING: No records found for station Espinosa de la Ribera on date 2023-02-22[0m
[33m[2025-04-25 14:42:02,636] WARNING: No records found for station Collada de Aralla on date 2023-02-22[0m
[33m[2025-04-25 14:42:02,637] WARNING: No records found for station Sotobañado y Priorato on date 2023-02-22[0m
[33m[2025-04-25 14:42:02,638] WARNING: No records found for station Tavernes Valldigna - Sequers on date 2023-02-22[0m
[33m[2025-04-25 14:42:02,639] WARNING: No records found for station Cerezales del Condado on date 2023-02-22[0m
[33m[2025-04-25 14:42:02,640] WARNING: No records found for station Calzadilla de los Barros on date 2023-02-22[0m
[33m[2025-04-25 14:42:02,642] WARNING: No records found for station Villena-La Encina on date 2023-02-22[0m
[33m[2025-04-25 14:42:02,643] WARNING: No records found for station Villena- Cº S Juan on date 2023-02-22[0m
[33m[2025-04-25 14:42:02,644] WARNING: No records found for station Santa Eulalia del Río Negro on date 2023-02-22[0m
[33m[2025-04-25 14:42:02,646] WARNING: No records found for station Villanueva Valrojo on date 2023-02-22[0m
[33m[2025-04-25 14:42:02,646] WARNING: No records found for station Culla D'Arcu on date 2023-02-22[0m
[33m[2025-04-25 14:42:02,647] WARNING: No records found for station Pénjamo - Langreo on date 2023-02-22[0m
[33m[2025-04-25 14:42:02,648] WARNING: No records found for station Piscifactoría Mundova on date 2023-02-22[0m
[33m[2025-04-25 14:42:02,649] WARNING: No records found for station Marabio-Teverga on date 2023-02-22[0m
[33m[2025-04-25 14:42:02,650] WARNING: No records found for station La Copa-Paraje la Monja on date 2023-02-22[0m
[33m[2025-04-25 14:42:02,651] WARNING: No records found for station Macizo de Líbar on date 2023-02-22[0m
[33m[2025-04-25 14:42:02,652] WARNING: No records found for station Caldevilla (Piloña) on date 2023-02-22[0m
[33m[2025-04-25 14:42:02,652] WARNING: No records found for station Cobijón on date 2023-02-22[0m
[33m[2025-04-25 14:42:02,653] WARNING: No records found for station Donostia Amara B. on date 2023-02-22[0m
[33m[2025-04-25 14:42:02,654] WARNING: No records found for station Villaceid on date 2023-02-22[0m
[33m[2025-04-25 14:42:02,656] WARNING: No records found for station Otero de Bodas on date 2023-02-22[0m
[33m[2025-04-25 14:42:02,657] WARNING: No records found for station Senra on date 2023-02-22[0m
[33m[2025-04-25 14:42:02,658] WARNING: No records found for station Villardeciervos  on date 2023-02-22[0m
[33m[2025-04-25 14:42:02,659] WARNING: No records found for station AA_Meteoclimatic (El Entrego) on date 2023-02-22[0m
[33m[2025-04-25 14:42:02,660] WARNING: No records found for station Molinaferrera on date 2023-02-22[0m
[33m[2025-04-25 14:42:02,661] WARNING: No records found for station M. de las Ánimas on date 2023-02-22[0m
[33m[2025-04-25 14:42:02,662] WARNING: No records found for station R. de Beniscornia on date 2023-02-22[0m
[33m[2025-04-25 14:42:02,662] WARNING: No records found for station Villamanín on date 2023-02-22[0m
[33m[2025-04-25 14:42:02,663] WARNING: No records found for station Sta. Mª Trassierra on date 2023-02-22[0m
[33m[2025-04-25 14:42:02,664] WARNING: No records found for station La Matea on date 2023-02-22[0m
[33m[2025-04-25 14:42:02,665] WARNING: No records found for station Cumbre de Pontones on date 2023-02-22[0m
[33m[2025-04-25 14:42:02,666] WARNING: No records found for station Cubillas de Arbas on date 2023-02-22[0m
[33m[2025-04-25 14:42:02,666] WARNING: No records found for station Prado Veneiro-Babia on date 2023-02-22[0m
[33m[2025-04-25 14:42:02,667] WARNING: No records found for station Riopar on date 2023-02-22[0m
[33m[2025-04-25 14:42:02,668] WARNING: No records found for station Cabreros del Río on date 2023-02-22[0m
[33m[2025-04-25 14:42:02,669] WARNING: No records found for station Olea de Boedo on date 2023-02-22[0m
[33m[2025-04-25 14:42:02,670] WARNING: No records found for station Garòs-Naut Aran on date 2023-02-22[0m
[33m[2025-04-25 14:42:02,670] WARNING: No records found for station Nava de Arriba on date 2023-02-22[0m
[33m[2025-04-25 14:42:02,671] WARNING: No records found for station Puerto Alto on date 2023-02-22[0m
[33m[2025-04-25 14:42:02,672] WARNING: No records found for station IES Juan Enzina on date 2023-02-22[0m
[33m[2025-04-25 14:42:02,673] WARNING: No records found for station Caborana on date 2023-02-22[0m
[33m[2025-04-25 14:42:02,674] WARNING: No records found for station Estación de Cabra on date 2023-02-22[0m
[33m[2025-04-25 14:42:02,674] WARNING: No records found for station Radio León on date 2023-02-22[0m
[33m[2025-04-25 14:42:02,675] WARNING: No records found for station Blimea - La Venta on date 2023-02-22[0m
[33m[2025-04-25 14:42:02,676] WARNING: No records found for station Cortijo de Tortas on date 2023-02-22[0m
[33m[2025-04-25 14:42:02,677] WARNING: No records found for station La Balsa Alta on date 2023-02-22[0m
[33m[2025-04-25 14:42:02,678] WARNING: No records found for station Xinzo de Limia on date 2023-02-22[0m
[33m[2025-04-25 14:42:02,678] WARNING: No records found for station AA_Wunderground (San Emiliano (Allande)) on date 2023-02-22[0m
[33m[2025-04-25 14:42:02,680] WARNING: No records found for station Fuentes de Ropel on date 2023-02-22[0m
[33m[2025-04-25 14:42:02,680] WARNING: No records found for station Batán del Puerto on date 2023-02-22[0m
[33m[2025-04-25 14:42:02,681] WARNING: No records found for station Mollet del Vallès Besós on date 2023-02-22[0m
[33m[2025-04-25 14:42:02,681] WARNING: No records found for station Fuente la Sabina on date 2023-02-22[0m
[33m[2025-04-25 14:42:02,682] WARNING: No records found for station Córdoba on date 2023-02-22[0m
[33m[2025-04-25 14:42:02,682] WARNING: No records found for station Vega de Orce on date 2023-02-22[0m
[33m[2025-04-25 14:42:02,683] WARNING: No records found for station Orce on date 2023-02-22[0m
[33m[2025-04-25 14:42:02,684] WARNING: No records found for station Puebla D Fadrique on date 2023-02-22[0m
[33m[2025-04-25 14:42:02,685] WARNING: No records found for station Villazala on date 2023-02-22[0m
[33m[2025-04-25 14:42:02,686] WARNING: No records found for station Arenillas S Pelayo on date 2023-02-22[0m
[33m[2025-04-25 14:42:02,687] WARNING: No records found for station Córdoba Poniente on date 2023-02-22[0m
[33m[2025-04-25 14:42:02,688] WARNING: No records found for station Ferreras de Arriba on date 2023-02-22[0m
[33m[2025-04-25 14:42:02,689] WARNING: No records found for station El Sahúco on date 2023-02-22[0m
[33m[2025-04-25 14:42:02,689] WARNING: No records found for station Marratxí on date 2023-02-22[0m
[33m[2025-04-25 14:42:02,690] WARNING: No records found for station Oviedo La Florida on date 2023-02-22[0m
[33m[2025-04-25 14:42:02,691] WARNING: No records found for station Molleda,Corvera de Asturias on date 2023-02-22[0m
[33m[2025-04-25 14:42:02,692] WARNING: No records found for station Cofiñal on date 2023-02-22[0m
[33m[2025-04-25 14:42:02,693] WARNING: No records found for station Gillón, Cangas del Narcea on date 2023-02-22[0m
[33m[2025-04-25 14:42:02,694] WARNING: No records found for station Pico La Llambria on date 2023-02-22[0m
[33m[2025-04-25 14:42:02,695] WARNING: No records found for station Villaestrigo Páramo on date 2023-02-22[0m
[33m[2025-04-25 14:42:02,696] WARNING: No records found for station San Andrés del R. on date 2023-02-22[0m
[33m[2025-04-25 14:42:02,697] WARNING: No records found for station Degaña on date 2023-02-22[0m
[33m[2025-04-25 14:42:02,698] WARNING: No records found for station Robledo de Babia on date 2023-02-22[0m
[33m[2025-04-25 14:42:02,699] WARNING: No records found for station Vega de Baxo-Gijón on date 2023-02-22[0m
[33m[2025-04-25 14:42:02,701] WARNING: No records found for station Istán on date 2023-02-22[0m
[33m[2025-04-25 14:42:02,702] WARNING: No records found for station Lorenzana on date 2023-02-22[0m
[33m[2025-04-25 14:42:02,704] WARNING: No records found for station Sª Oreganal (UGR) on date 2023-02-22[0m
[33m[2025-04-25 14:42:02,705] WARNING: No records found for station Riofrío-La Devesa on date 2023-02-22[0m
[33m[2025-04-25 14:42:02,706] WARNING: No records found for station Abelleira on date 2023-02-22[0m
[33m[2025-04-25 14:42:02,707] WARNING: No records found for station Alozaina on date 2023-02-22[0m
[33m[2025-04-25 14:42:02,708] WARNING: No records found for station Casa Campillero on date 2023-02-22[0m
[33m[2025-04-25 14:42:02,709] WARNING: No records found for station Requejo de la Vega on date 2023-02-22[0m
[33m[2025-04-25 14:42:02,710] WARNING: No records found for station Villanófar on date 2023-02-22[0m
[33m[2025-04-25 14:42:02,711] WARNING: No records found for station Montaos on date 2023-02-22[0m
[33m[2025-04-25 14:42:02,712] WARNING: No records found for station Tolox - Cta. Gallo on date 2023-02-22[0m
[33m[2025-04-25 14:42:02,712] WARNING: No records found for station Rágama on date 2023-02-22[0m
[33m[2025-04-25 14:42:02,713] WARNING: No records found for station Serranillos on date 2023-02-22[0m
[33m[2025-04-25 14:42:02,714] WARNING: No records found for station Sª Palmitera (UGR) on date 2023-02-22[0m
[33m[2025-04-25 14:42:02,715] WARNING: No records found for station La Nava (SªNieves) on date 2023-02-22[0m
[33m[2025-04-25 14:42:02,715] WARNING: No records found for station Coin-San Roman on date 2023-02-22[0m
[33m[2025-04-25 14:42:02,716] WARNING: No records found for station Chert/Xert on date 2023-02-22[0m
[33m[2025-04-25 14:42:02,717] WARNING: No records found for station Navacillo (UGR) on date 2023-02-22[0m
[33m[2025-04-25 14:42:02,718] WARNING: No records found for station Quiruelas Vidriales on date 2023-02-22[0m
[33m[2025-04-25 14:42:02,718] WARNING: No records found for station Coin on date 2023-02-22[0m
[33m[2025-04-25 14:42:02,719] WARNING: No records found for station Ronda on date 2023-02-22[0m
[33m[2025-04-25 14:42:02,720] WARNING: No records found for station Astorga on date 2023-02-22[0m
[33m[2025-04-25 14:42:02,721] WARNING: No records found for station Laguna Marquesado on date 2023-02-22[0m
[33m[2025-04-25 14:42:02,722] WARNING: No records found for station Las Lagunas-Mijas Costa on date 2023-02-22[0m
[33m[2025-04-25 14:42:02,723] WARNING: No records found for station Trobajo del Camino on date 2023-02-22[0m
[33m[2025-04-25 14:42:02,724] WARNING: No records found for station Fuente Sta Cruz on date 2023-02-22[0m
[33m[2025-04-25 14:42:02,725] WARNING: No records found for station Vega de Liordes on date 2023-02-22[0m
[33m[2025-04-25 14:42:02,726] WARNING: No records found for station Logroño Centro on date 2023-02-22[0m
[33m[2025-04-25 14:42:02,727] WARNING: No records found for station Donostia - Ibaeta on date 2023-02-22[0m
[33m[2025-04-25 14:42:02,728] WARNING: No records found for station Isoba on date 2023-02-22[0m
[33m[2025-04-25 14:42:02,729] WARNING: No records found for station Arboreto Valonsadero-Soria on date 2023-02-22[0m
[33m[2025-04-25 14:42:02,730] WARNING: No records found for station Logroño Sur on date 2023-02-22[0m
[33m[2025-04-25 14:42:02,731] WARNING: No records found for station La Peral-Somiedo on date 2023-02-22[0m
[33m[2025-04-25 14:42:02,732] WARNING: No records found for station Sopeña de Curueño on date 2023-02-22[0m
[33m[2025-04-25 14:42:02,733] WARNING: No records found for station Llanes on date 2023-02-22[0m
[33m[2025-04-25 14:42:02,734] WARNING: No records found for station Justel on date 2023-02-22[0m
[33m[2025-04-25 14:42:02,735] WARNING: No records found for station Camarzana de Tera on date 2023-02-22[0m
[33m[2025-04-25 14:42:02,736] WARNING: No records found for station Campamento S Juan on date 2023-02-22[0m
[33m[2025-04-25 14:42:02,737] WARNING: No records found for station Zafrilla on date 2023-02-22[0m
[33m[2025-04-25 14:42:02,738] WARNING: No records found for station Lugueros on date 2023-02-22[0m
[33m[2025-04-25 14:42:02,739] WARNING: No records found for station Burón on date 2023-02-22[0m
[33m[2025-04-25 14:42:02,740] WARNING: No records found for station Veguellina on date 2023-02-22[0m
[33m[2025-04-25 14:42:02,740] WARNING: No records found for station Villaquilambre on date 2023-02-22[0m
[33m[2025-04-25 14:42:02,741] WARNING: No records found for station Islantilla Playa on date 2023-02-22[0m
[33m[2025-04-25 14:42:02,742] WARNING: No records found for station Hoya Mollidar on date 2023-02-22[0m
[33m[2025-04-25 14:42:02,743] WARNING: No records found for station La Veredilla-Aldea on date 2023-02-22[0m
[33m[2025-04-25 14:42:02,744] WARNING: No records found for station Otero las Dueñas on date 2023-02-22[0m
[33m[2025-04-25 14:42:02,744] WARNING: No records found for station Cañá Hermosa on date 2023-02-22[0m
[33m[2025-04-25 14:42:02,745] WARNING: No records found for station Callejo de Ordás on date 2023-02-22[0m
[33m[2025-04-25 14:42:02,746] WARNING: No records found for station La Foz - Casu on date 2023-02-22[0m
[33m[2025-04-25 14:42:02,747] WARNING: No records found for station Pozo Romero on date 2023-02-22[0m
[33m[2025-04-25 14:42:02,748] WARNING: No records found for station Sevilla-S Bernardo on date 2023-02-22[0m
[33m[2025-04-25 14:42:02,748] WARNING: No records found for station Oteros de Boedo on date 2023-02-22[0m
[33m[2025-04-25 14:42:02,749] WARNING: No records found for station Villarrodrigo  Regueras on date 2023-02-22[0m
[33m[2025-04-25 14:42:02,750] WARNING: No records found for station Foncebadón on date 2023-02-22[0m
[33m[2025-04-25 14:42:02,751] WARNING: No records found for station Caldevilla Valdeón on date 2023-02-22[0m
[33m[2025-04-25 14:42:02,752] WARNING: No records found for station San Juan de Torres on date 2023-02-22[0m
[33m[2025-04-25 14:42:02,752] WARNING: No records found for station Sojuela on date 2023-02-22[0m
[33m[2025-04-25 14:42:02,753] WARNING: No records found for station Uztárroz/Uztarroze on date 2023-02-22[0m
[33m[2025-04-25 14:42:02,754] WARNING: No records found for station La Copa-Campo Fútbol on date 2023-02-22[0m
[33m[2025-04-25 14:42:02,755] WARNING: No records found for station Hospitalet-Bellvitge on date 2023-02-22[0m
[33m[2025-04-25 14:42:02,756] WARNING: No records found for station Carbajal de la Legua on date 2023-02-22[0m
[33m[2025-04-25 14:42:02,756] WARNING: No records found for station Casas de Alfaro-Rogativa on date 2023-02-22[0m
[33m[2025-04-25 14:42:02,757] WARNING: No records found for station Begíjar on date 2023-02-22[0m
[33m[2025-04-25 14:42:02,758] WARNING: No records found for station Casas de Don Juan on date 2023-02-22[0m
[33m[2025-04-25 14:42:02,759] WARNING: No records found for station Villayuste on date 2023-02-22[0m
[33m[2025-04-25 14:42:02,760] WARNING: No records found for station Pumalverde on date 2023-02-22[0m
[33m[2025-04-25 14:42:02,760] WARNING: No records found for station San Martín de Grazanes on date 2023-02-22[0m
[33m[2025-04-25 14:42:02,761] WARNING: No records found for station Fozara - Outeiro Fernando  on date 2023-02-22[0m
[33m[2025-04-25 14:42:02,762] WARNING: No records found for station La Bañeza2 on date 2023-02-22[0m
[33m[2025-04-25 14:42:02,762] WARNING: No records found for station El Oso on date 2023-02-22[0m
[33m[2025-04-25 14:42:02,763] WARNING: No records found for station Barrio O Sisto - Dozón on date 2023-02-22[0m
[33m[2025-04-25 14:42:02,763] WARNING: No records found for station Oviedo - Fozaneldi on date 2023-02-22[0m
[33m[2025-04-25 14:42:02,764] WARNING: No records found for station Cascajeras (UGR) on date 2023-02-22[0m
[33m[2025-04-25 14:42:02,764] WARNING: No records found for station AA_WeatherlinkV1 (Gusendos Oteros) on date 2023-02-22[0m
[33m[2025-04-25 14:42:02,764] WARNING: No records found for station Filiel on date 2023-02-22[0m
[33m[2025-04-25 14:42:02,765] WARNING: No records found for station Rute Pampanas on date 2023-02-22[0m
[2025-04-25 14:42:02,765] INFO: Starting processing. Run ID: 8f18ae39-897b-45fd-863d-9b137a01c94d[0m
[2025-04-25 14:42:02,765] INFO: Processor done.[0m
[2025-04-25 14:42:02,765] INFO: Database connections closed.[0m
