[2025-04-25 14:41:30,600] INFO: Connecting to database...[0m
[2025-04-25 14:41:30,615] INFO: Connected to database.[0m
[2025-04-25 14:41:30,615] INFO: Dry run enabled.[0m
[2025-04-25 14:41:30,619] INFO: Scheduler initialized.[0m
[2025-04-25 14:41:30,619] INFO: Processing date: 2023-01-24[0m
[2025-04-25 14:41:30,619] INFO: Available timezones: ['Etc/UTC', 'Europe/Madrid', 'Europe/Lisbon'][0m
[33m[2025-04-25 14:41:30,623] WARNING: No records found for station no_data on date 2023-01-24[0m
[33m[2025-04-25 14:41:30,625] WARNING: No records found for station has_data on date 2023-01-24[0m
[33m[2025-04-25 14:41:30,626] WARNING: No records found for station AA_Ecowitt on date 2023-01-24[0m
[33m[2025-04-25 14:41:30,628] WARNING: No records found for station Coín Coto la Corcha on date 2023-01-24[0m
[33m[2025-04-25 14:41:30,630] WARNING: No records found for station Espinosa de la Ribera on date 2023-01-24[0m
[33m[2025-04-25 14:41:30,631] WARNING: No records found for station Collada de Aralla on date 2023-01-24[0m
[33m[2025-04-25 14:41:30,633] WARNING: No records found for station Sotobañado y Priorato on date 2023-01-24[0m
[33m[2025-04-25 14:41:30,634] WARNING: No records found for station Tavernes Valldigna - Sequers on date 2023-01-24[0m
[33m[2025-04-25 14:41:30,635] WARNING: No records found for station Cerezales del Condado on date 2023-01-24[0m
[33m[2025-04-25 14:41:30,636] WARNING: No records found for station Calzadilla de los Barros on date 2023-01-24[0m
[33m[2025-04-25 14:41:30,637] WARNING: No records found for station Villena-La Encina on date 2023-01-24[0m
[33m[2025-04-25 14:41:30,638] WARNING: No records found for station Villena- Cº S Juan on date 2023-01-24[0m
[33m[2025-04-25 14:41:30,639] WARNING: No records found for station Santa Eulalia del Río Negro on date 2023-01-24[0m
[33m[2025-04-25 14:41:30,640] WARNING: No records found for station Villanueva Valrojo on date 2023-01-24[0m
[33m[2025-04-25 14:41:30,640] WARNING: No records found for station Culla D'Arcu on date 2023-01-24[0m
[33m[2025-04-25 14:41:30,641] WARNING: No records found for station Pénjamo - Langreo on date 2023-01-24[0m
[33m[2025-04-25 14:41:30,642] WARNING: No records found for station Piscifactoría Mundova on date 2023-01-24[0m
[33m[2025-04-25 14:41:30,643] WARNING: No records found for station Marabio-Teverga on date 2023-01-24[0m
[33m[2025-04-25 14:41:30,644] WARNING: No records found for station La Copa-Paraje la Monja on date 2023-01-24[0m
[33m[2025-04-25 14:41:30,644] WARNING: No records found for station Macizo de Líbar on date 2023-01-24[0m
[33m[2025-04-25 14:41:30,645] WARNING: No records found for station Caldevilla (Piloña) on date 2023-01-24[0m
[33m[2025-04-25 14:41:30,646] WARNING: No records found for station Cobijón on date 2023-01-24[0m
[33m[2025-04-25 14:41:30,647] WARNING: No records found for station Donostia Amara B. on date 2023-01-24[0m
[33m[2025-04-25 14:41:30,648] WARNING: No records found for station Villaceid on date 2023-01-24[0m
[33m[2025-04-25 14:41:30,649] WARNING: No records found for station Otero de Bodas on date 2023-01-24[0m
[33m[2025-04-25 14:41:30,649] WARNING: No records found for station Senra on date 2023-01-24[0m
[33m[2025-04-25 14:41:30,650] WARNING: No records found for station Villardeciervos  on date 2023-01-24[0m
[33m[2025-04-25 14:41:30,651] WARNING: No records found for station AA_Meteoclimatic (El Entrego) on date 2023-01-24[0m
[33m[2025-04-25 14:41:30,652] WARNING: No records found for station Molinaferrera on date 2023-01-24[0m
[33m[2025-04-25 14:41:30,653] WARNING: No records found for station M. de las Ánimas on date 2023-01-24[0m
[33m[2025-04-25 14:41:30,654] WARNING: No records found for station R. de Beniscornia on date 2023-01-24[0m
[33m[2025-04-25 14:41:30,655] WARNING: No records found for station Villamanín on date 2023-01-24[0m
[33m[2025-04-25 14:41:30,656] WARNING: No records found for station Sta. Mª Trassierra on date 2023-01-24[0m
[33m[2025-04-25 14:41:30,657] WARNING: No records found for station La Matea on date 2023-01-24[0m
[33m[2025-04-25 14:41:30,657] WARNING: No records found for station Cumbre de Pontones on date 2023-01-24[0m
[33m[2025-04-25 14:41:30,658] WARNING: No records found for station Cubillas de Arbas on date 2023-01-24[0m
[33m[2025-04-25 14:41:30,659] WARNING: No records found for station Prado Veneiro-Babia on date 2023-01-24[0m
[33m[2025-04-25 14:41:30,660] WARNING: No records found for station Riopar on date 2023-01-24[0m
[33m[2025-04-25 14:41:30,661] WARNING: No records found for station Cabreros del Río on date 2023-01-24[0m
[33m[2025-04-25 14:41:30,662] WARNING: No records found for station Olea de Boedo on date 2023-01-24[0m
[33m[2025-04-25 14:41:30,663] WARNING: No records found for station Garòs-Naut Aran on date 2023-01-24[0m
[33m[2025-04-25 14:41:30,664] WARNING: No records found for station Nava de Arriba on date 2023-01-24[0m
[33m[2025-04-25 14:41:30,664] WARNING: No records found for station Puerto Alto on date 2023-01-24[0m
[33m[2025-04-25 14:41:30,665] WARNING: No records found for station IES Juan Enzina on date 2023-01-24[0m
[33m[2025-04-25 14:41:30,666] WARNING: No records found for station Caborana on date 2023-01-24[0m
[33m[2025-04-25 14:41:30,667] WARNING: No records found for station Estación de Cabra on date 2023-01-24[0m
[33m[2025-04-25 14:41:30,668] WARNING: No records found for station Radio León on date 2023-01-24[0m
[33m[2025-04-25 14:41:30,669] WARNING: No records found for station Blimea - La Venta on date 2023-01-24[0m
[33m[2025-04-25 14:41:30,670] WARNING: No records found for station Cortijo de Tortas on date 2023-01-24[0m
[33m[2025-04-25 14:41:30,670] WARNING: No records found for station La Balsa Alta on date 2023-01-24[0m
[33m[2025-04-25 14:41:30,671] WARNING: No records found for station Xinzo de Limia on date 2023-01-24[0m
[33m[2025-04-25 14:41:30,672] WARNING: No records found for station AA_Wunderground (San Emiliano (Allande)) on date 2023-01-24[0m
[33m[2025-04-25 14:41:30,673] WARNING: No records found for station Fuentes de Ropel on date 2023-01-24[0m
[33m[2025-04-25 14:41:30,673] WARNING: No records found for station Batán del Puerto on date 2023-01-24[0m
[33m[2025-04-25 14:41:30,674] WARNING: No records found for station Mollet del Vallès Besós on date 2023-01-24[0m
[33m[2025-04-25 14:41:30,675] WARNING: No records found for station Fuente la Sabina on date 2023-01-24[0m
[33m[2025-04-25 14:41:30,675] WARNING: No records found for station Córdoba on date 2023-01-24[0m
[33m[2025-04-25 14:41:30,676] WARNING: No records found for station Vega de Orce on date 2023-01-24[0m
[33m[2025-04-25 14:41:30,677] WARNING: No records found for station Orce on date 2023-01-24[0m
[33m[2025-04-25 14:41:30,679] WARNING: No records found for station Puebla D Fadrique on date 2023-01-24[0m
[33m[2025-04-25 14:41:30,680] WARNING: No records found for station Villazala on date 2023-01-24[0m
[33m[2025-04-25 14:41:30,681] WARNING: No records found for station Arenillas S Pelayo on date 2023-01-24[0m
[33m[2025-04-25 14:41:30,682] WARNING: No records found for station Córdoba Poniente on date 2023-01-24[0m
[33m[2025-04-25 14:41:30,683] WARNING: No records found for station Ferreras de Arriba on date 2023-01-24[0m
[33m[2025-04-25 14:41:30,684] WARNING: No records found for station El Sahúco on date 2023-01-24[0m
[33m[2025-04-25 14:41:30,685] WARNING: No records found for station Marratxí on date 2023-01-24[0m
[33m[2025-04-25 14:41:30,685] WARNING: No records found for station Oviedo La Florida on date 2023-01-24[0m
[33m[2025-04-25 14:41:30,687] WARNING: No records found for station Molleda,Corvera de Asturias on date 2023-01-24[0m
[33m[2025-04-25 14:41:30,688] WARNING: No records found for station Cofiñal on date 2023-01-24[0m
[33m[2025-04-25 14:41:30,689] WARNING: No records found for station Gillón, Cangas del Narcea on date 2023-01-24[0m
[33m[2025-04-25 14:41:30,691] WARNING: No records found for station Pico La Llambria on date 2023-01-24[0m
[33m[2025-04-25 14:41:30,692] WARNING: No records found for station Villaestrigo Páramo on date 2023-01-24[0m
[33m[2025-04-25 14:41:30,694] WARNING: No records found for station San Andrés del R. on date 2023-01-24[0m
[33m[2025-04-25 14:41:30,696] WARNING: No records found for station Degaña on date 2023-01-24[0m
[33m[2025-04-25 14:41:30,697] WARNING: No records found for station Robledo de Babia on date 2023-01-24[0m
[33m[2025-04-25 14:41:30,698] WARNING: No records found for station Vega de Baxo-Gijón on date 2023-01-24[0m
[33m[2025-04-25 14:41:30,700] WARNING: No records found for station Istán on date 2023-01-24[0m
[33m[2025-04-25 14:41:30,701] WARNING: No records found for station Lorenzana on date 2023-01-24[0m
[33m[2025-04-25 14:41:30,703] WARNING: No records found for station Sª Oreganal (UGR) on date 2023-01-24[0m
[33m[2025-04-25 14:41:30,704] WARNING: No records found for station Riofrío-La Devesa on date 2023-01-24[0m
[33m[2025-04-25 14:41:30,706] WARNING: No records found for station Abelleira on date 2023-01-24[0m
[33m[2025-04-25 14:41:30,708] WARNING: No records found for station Alozaina on date 2023-01-24[0m
[33m[2025-04-25 14:41:30,709] WARNING: No records found for station Casa Campillero on date 2023-01-24[0m
[33m[2025-04-25 14:41:30,711] WARNING: No records found for station Requejo de la Vega on date 2023-01-24[0m
[33m[2025-04-25 14:41:30,713] WARNING: No records found for station Villanófar on date 2023-01-24[0m
[33m[2025-04-25 14:41:30,714] WARNING: No records found for station Montaos on date 2023-01-24[0m
[33m[2025-04-25 14:41:30,716] WARNING: No records found for station Tolox - Cta. Gallo on date 2023-01-24[0m
[33m[2025-04-25 14:41:30,718] WARNING: No records found for station Rágama on date 2023-01-24[0m
[33m[2025-04-25 14:41:30,721] WARNING: No records found for station Serranillos on date 2023-01-24[0m
[33m[2025-04-25 14:41:30,723] WARNING: No records found for station Sª Palmitera (UGR) on date 2023-01-24[0m
[33m[2025-04-25 14:41:30,724] WARNING: No records found for station La Nava (SªNieves) on date 2023-01-24[0m
[33m[2025-04-25 14:41:30,725] WARNING: No records found for station Coin-San Roman on date 2023-01-24[0m
[33m[2025-04-25 14:41:30,726] WARNING: No records found for station Chert/Xert on date 2023-01-24[0m
[33m[2025-04-25 14:41:30,727] WARNING: No records found for station Navacillo (UGR) on date 2023-01-24[0m
[33m[2025-04-25 14:41:30,727] WARNING: No records found for station Quiruelas Vidriales on date 2023-01-24[0m
[33m[2025-04-25 14:41:30,728] WARNING: No records found for station Coin on date 2023-01-24[0m
[33m[2025-04-25 14:41:30,729] WARNING: No records found for station Ronda on date 2023-01-24[0m
[33m[2025-04-25 14:41:30,730] WARNING: No records found for station Astorga on date 2023-01-24[0m
[33m[2025-04-25 14:41:30,731] WARNING: No records found for station Laguna Marquesado on date 2023-01-24[0m
[33m[2025-04-25 14:41:30,732] WARNING: No records found for station Las Lagunas-Mijas Costa on date 2023-01-24[0m
[33m[2025-04-25 14:41:30,732] WARNING: No records found for station Trobajo del Camino on date 2023-01-24[0m
[33m[2025-04-25 14:41:30,733] WARNING: No records found for station Fuente Sta Cruz on date 2023-01-24[0m
[33m[2025-04-25 14:41:30,734] WARNING: No records found for station Vega de Liordes on date 2023-01-24[0m
[33m[2025-04-25 14:41:30,735] WARNING: No records found for station Logroño Centro on date 2023-01-24[0m
[33m[2025-04-25 14:41:30,736] WARNING: No records found for station Donostia - Ibaeta on date 2023-01-24[0m
[33m[2025-04-25 14:41:30,737] WARNING: No records found for station Isoba on date 2023-01-24[0m
[33m[2025-04-25 14:41:30,737] WARNING: No records found for station Arboreto Valonsadero-Soria on date 2023-01-24[0m
[33m[2025-04-25 14:41:30,738] WARNING: No records found for station Logroño Sur on date 2023-01-24[0m
[33m[2025-04-25 14:41:30,739] WARNING: No records found for station La Peral-Somiedo on date 2023-01-24[0m
[33m[2025-04-25 14:41:30,740] WARNING: No records found for station Sopeña de Curueño on date 2023-01-24[0m
[33m[2025-04-25 14:41:30,741] WARNING: No records found for station Llanes on date 2023-01-24[0m
[33m[2025-04-25 14:41:30,743] WARNING: No records found for station Justel on date 2023-01-24[0m
[33m[2025-04-25 14:41:30,743] WARNING: No records found for station Camarzana de Tera on date 2023-01-24[0m
[33m[2025-04-25 14:41:30,744] WARNING: No records found for station Campamento S Juan on date 2023-01-24[0m
[33m[2025-04-25 14:41:30,745] WARNING: No records found for station Zafrilla on date 2023-01-24[0m
[33m[2025-04-25 14:41:30,746] WARNING: No records found for station Lugueros on date 2023-01-24[0m
[33m[2025-04-25 14:41:30,747] WARNING: No records found for station Burón on date 2023-01-24[0m
[33m[2025-04-25 14:41:30,747] WARNING: No records found for station Veguellina on date 2023-01-24[0m
[33m[2025-04-25 14:41:30,748] WARNING: No records found for station Villaquilambre on date 2023-01-24[0m
[33m[2025-04-25 14:41:30,749] WARNING: No records found for station Islantilla Playa on date 2023-01-24[0m
[33m[2025-04-25 14:41:30,750] WARNING: No records found for station Hoya Mollidar on date 2023-01-24[0m
[33m[2025-04-25 14:41:30,751] WARNING: No records found for station La Veredilla-Aldea on date 2023-01-24[0m
[33m[2025-04-25 14:41:30,751] WARNING: No records found for station Otero las Dueñas on date 2023-01-24[0m
[33m[2025-04-25 14:41:30,752] WARNING: No records found for station Cañá Hermosa on date 2023-01-24[0m
[33m[2025-04-25 14:41:30,753] WARNING: No records found for station Callejo de Ordás on date 2023-01-24[0m
[33m[2025-04-25 14:41:30,754] WARNING: No records found for station La Foz - Casu on date 2023-01-24[0m
[33m[2025-04-25 14:41:30,755] WARNING: No records found for station Pozo Romero on date 2023-01-24[0m
[33m[2025-04-25 14:41:30,755] WARNING: No records found for station Sevilla-S Bernardo on date 2023-01-24[0m
[33m[2025-04-25 14:41:30,756] WARNING: No records found for station Oteros de Boedo on date 2023-01-24[0m
[33m[2025-04-25 14:41:30,757] WARNING: No records found for station Villarrodrigo  Regueras on date 2023-01-24[0m
[33m[2025-04-25 14:41:30,758] WARNING: No records found for station Foncebadón on date 2023-01-24[0m
[33m[2025-04-25 14:41:30,759] WARNING: No records found for station Caldevilla Valdeón on date 2023-01-24[0m
[33m[2025-04-25 14:41:30,759] WARNING: No records found for station San Juan de Torres on date 2023-01-24[0m
[33m[2025-04-25 14:41:30,760] WARNING: No records found for station Sojuela on date 2023-01-24[0m
[33m[2025-04-25 14:41:30,761] WARNING: No records found for station Uztárroz/Uztarroze on date 2023-01-24[0m
[33m[2025-04-25 14:41:30,762] WARNING: No records found for station La Copa-Campo Fútbol on date 2023-01-24[0m
[33m[2025-04-25 14:41:30,763] WARNING: No records found for station Hospitalet-Bellvitge on date 2023-01-24[0m
[33m[2025-04-25 14:41:30,763] WARNING: No records found for station Carbajal de la Legua on date 2023-01-24[0m
[33m[2025-04-25 14:41:30,764] WARNING: No records found for station Casas de Alfaro-Rogativa on date 2023-01-24[0m
[33m[2025-04-25 14:41:30,765] WARNING: No records found for station Begíjar on date 2023-01-24[0m
[33m[2025-04-25 14:41:30,766] WARNING: No records found for station Casas de Don Juan on date 2023-01-24[0m
[33m[2025-04-25 14:41:30,767] WARNING: No records found for station Villayuste on date 2023-01-24[0m
[33m[2025-04-25 14:41:30,767] WARNING: No records found for station Pumalverde on date 2023-01-24[0m
[33m[2025-04-25 14:41:30,768] WARNING: No records found for station San Martín de Grazanes on date 2023-01-24[0m
[33m[2025-04-25 14:41:30,769] WARNING: No records found for station Fozara - Outeiro Fernando  on date 2023-01-24[0m
[33m[2025-04-25 14:41:30,770] WARNING: No records found for station La Bañeza2 on date 2023-01-24[0m
[33m[2025-04-25 14:41:30,771] WARNING: No records found for station El Oso on date 2023-01-24[0m
[33m[2025-04-25 14:41:30,772] WARNING: No records found for station Barrio O Sisto - Dozón on date 2023-01-24[0m
[33m[2025-04-25 14:41:30,773] WARNING: No records found for station Oviedo - Fozaneldi on date 2023-01-24[0m
[33m[2025-04-25 14:41:30,773] WARNING: No records found for station Cascajeras (UGR) on date 2023-01-24[0m
[33m[2025-04-25 14:41:30,774] WARNING: No records found for station AA_WeatherlinkV1 (Gusendos Oteros) on date 2023-01-24[0m
[33m[2025-04-25 14:41:30,774] WARNING: No records found for station Filiel on date 2023-01-24[0m
[33m[2025-04-25 14:41:30,775] WARNING: No records found for station Rute Pampanas on date 2023-01-24[0m
[2025-04-25 14:41:30,775] INFO: Starting processing. Run ID: 4e49f141-fddf-4590-8aba-47a430d45434[0m
[2025-04-25 14:41:30,776] INFO: Processor done.[0m
[2025-04-25 14:41:30,776] INFO: Database connections closed.[0m
