[2025-04-25 14:41:56,855] INFO: Connecting to database...[0m
[2025-04-25 14:41:56,871] INFO: Connected to database.[0m
[2025-04-25 14:41:56,871] INFO: Dry run enabled.[0m
[2025-04-25 14:41:56,875] INFO: Scheduler initialized.[0m
[2025-04-25 14:41:56,875] INFO: Processing date: 2023-02-17[0m
[2025-04-25 14:41:56,875] INFO: Available timezones: ['Etc/UTC', 'Europe/Madrid', 'Europe/Lisbon'][0m
[33m[2025-04-25 14:41:56,881] WARNING: No records found for station no_data on date 2023-02-17[0m
[33m[2025-04-25 14:41:56,883] WARNING: No records found for station has_data on date 2023-02-17[0m
[33m[2025-04-25 14:41:56,884] WARNING: No records found for station AA_Ecowitt on date 2023-02-17[0m
[33m[2025-04-25 14:41:56,885] WARNING: No records found for station Coín Coto la Corcha on date 2023-02-17[0m
[33m[2025-04-25 14:41:56,886] WARNING: No records found for station Espinosa de la Ribera on date 2023-02-17[0m
[33m[2025-04-25 14:41:56,887] WARNING: No records found for station Collada de Aralla on date 2023-02-17[0m
[33m[2025-04-25 14:41:56,887] WARNING: No records found for station Sotobañado y Priorato on date 2023-02-17[0m
[33m[2025-04-25 14:41:56,888] WARNING: No records found for station Tavernes Valldigna - Sequers on date 2023-02-17[0m
[33m[2025-04-25 14:41:56,889] WARNING: No records found for station Cerezales del Condado on date 2023-02-17[0m
[33m[2025-04-25 14:41:56,890] WARNING: No records found for station Calzadilla de los Barros on date 2023-02-17[0m
[33m[2025-04-25 14:41:56,891] WARNING: No records found for station Villena-La Encina on date 2023-02-17[0m
[33m[2025-04-25 14:41:56,891] WARNING: No records found for station Villena- Cº S Juan on date 2023-02-17[0m
[33m[2025-04-25 14:41:56,892] WARNING: No records found for station Santa Eulalia del Río Negro on date 2023-02-17[0m
[33m[2025-04-25 14:41:56,893] WARNING: No records found for station Villanueva Valrojo on date 2023-02-17[0m
[33m[2025-04-25 14:41:56,894] WARNING: No records found for station Culla D'Arcu on date 2023-02-17[0m
[33m[2025-04-25 14:41:56,895] WARNING: No records found for station Pénjamo - Langreo on date 2023-02-17[0m
[33m[2025-04-25 14:41:56,895] WARNING: No records found for station Piscifactoría Mundova on date 2023-02-17[0m
[33m[2025-04-25 14:41:56,896] WARNING: No records found for station Marabio-Teverga on date 2023-02-17[0m
[33m[2025-04-25 14:41:56,897] WARNING: No records found for station La Copa-Paraje la Monja on date 2023-02-17[0m
[33m[2025-04-25 14:41:56,898] WARNING: No records found for station Macizo de Líbar on date 2023-02-17[0m
[33m[2025-04-25 14:41:56,899] WARNING: No records found for station Caldevilla (Piloña) on date 2023-02-17[0m
[33m[2025-04-25 14:41:56,899] WARNING: No records found for station Cobijón on date 2023-02-17[0m
[33m[2025-04-25 14:41:56,900] WARNING: No records found for station Donostia Amara B. on date 2023-02-17[0m
[33m[2025-04-25 14:41:56,901] WARNING: No records found for station Villaceid on date 2023-02-17[0m
[33m[2025-04-25 14:41:56,902] WARNING: No records found for station Otero de Bodas on date 2023-02-17[0m
[33m[2025-04-25 14:41:56,903] WARNING: No records found for station Senra on date 2023-02-17[0m
[33m[2025-04-25 14:41:56,903] WARNING: No records found for station Villardeciervos  on date 2023-02-17[0m
[33m[2025-04-25 14:41:56,904] WARNING: No records found for station AA_Meteoclimatic (El Entrego) on date 2023-02-17[0m
[33m[2025-04-25 14:41:56,905] WARNING: No records found for station Molinaferrera on date 2023-02-17[0m
[33m[2025-04-25 14:41:56,906] WARNING: No records found for station M. de las Ánimas on date 2023-02-17[0m
[33m[2025-04-25 14:41:56,906] WARNING: No records found for station R. de Beniscornia on date 2023-02-17[0m
[33m[2025-04-25 14:41:56,907] WARNING: No records found for station Villamanín on date 2023-02-17[0m
[33m[2025-04-25 14:41:56,908] WARNING: No records found for station Sta. Mª Trassierra on date 2023-02-17[0m
[33m[2025-04-25 14:41:56,909] WARNING: No records found for station La Matea on date 2023-02-17[0m
[33m[2025-04-25 14:41:56,910] WARNING: No records found for station Cumbre de Pontones on date 2023-02-17[0m
[33m[2025-04-25 14:41:56,910] WARNING: No records found for station Cubillas de Arbas on date 2023-02-17[0m
[33m[2025-04-25 14:41:56,911] WARNING: No records found for station Prado Veneiro-Babia on date 2023-02-17[0m
[33m[2025-04-25 14:41:56,912] WARNING: No records found for station Riopar on date 2023-02-17[0m
[33m[2025-04-25 14:41:56,913] WARNING: No records found for station Cabreros del Río on date 2023-02-17[0m
[33m[2025-04-25 14:41:56,914] WARNING: No records found for station Olea de Boedo on date 2023-02-17[0m
[33m[2025-04-25 14:41:56,914] WARNING: No records found for station Garòs-Naut Aran on date 2023-02-17[0m
[33m[2025-04-25 14:41:56,915] WARNING: No records found for station Nava de Arriba on date 2023-02-17[0m
[33m[2025-04-25 14:41:56,916] WARNING: No records found for station Puerto Alto on date 2023-02-17[0m
[33m[2025-04-25 14:41:56,917] WARNING: No records found for station IES Juan Enzina on date 2023-02-17[0m
[33m[2025-04-25 14:41:56,918] WARNING: No records found for station Caborana on date 2023-02-17[0m
[33m[2025-04-25 14:41:56,918] WARNING: No records found for station Estación de Cabra on date 2023-02-17[0m
[33m[2025-04-25 14:41:56,919] WARNING: No records found for station Radio León on date 2023-02-17[0m
[33m[2025-04-25 14:41:56,920] WARNING: No records found for station Blimea - La Venta on date 2023-02-17[0m
[33m[2025-04-25 14:41:56,921] WARNING: No records found for station Cortijo de Tortas on date 2023-02-17[0m
[33m[2025-04-25 14:41:56,921] WARNING: No records found for station La Balsa Alta on date 2023-02-17[0m
[33m[2025-04-25 14:41:56,922] WARNING: No records found for station Xinzo de Limia on date 2023-02-17[0m
[33m[2025-04-25 14:41:56,923] WARNING: No records found for station AA_Wunderground (San Emiliano (Allande)) on date 2023-02-17[0m
[33m[2025-04-25 14:41:56,924] WARNING: No records found for station Fuentes de Ropel on date 2023-02-17[0m
[33m[2025-04-25 14:41:56,925] WARNING: No records found for station Batán del Puerto on date 2023-02-17[0m
[33m[2025-04-25 14:41:56,925] WARNING: No records found for station Mollet del Vallès Besós on date 2023-02-17[0m
[33m[2025-04-25 14:41:56,926] WARNING: No records found for station Fuente la Sabina on date 2023-02-17[0m
[33m[2025-04-25 14:41:56,927] WARNING: No records found for station Córdoba on date 2023-02-17[0m
[33m[2025-04-25 14:41:56,928] WARNING: No records found for station Vega de Orce on date 2023-02-17[0m
[33m[2025-04-25 14:41:56,929] WARNING: No records found for station Orce on date 2023-02-17[0m
[33m[2025-04-25 14:41:56,929] WARNING: No records found for station Puebla D Fadrique on date 2023-02-17[0m
[33m[2025-04-25 14:41:56,930] WARNING: No records found for station Villazala on date 2023-02-17[0m
[33m[2025-04-25 14:41:56,931] WARNING: No records found for station Arenillas S Pelayo on date 2023-02-17[0m
[33m[2025-04-25 14:41:56,932] WARNING: No records found for station Córdoba Poniente on date 2023-02-17[0m
[33m[2025-04-25 14:41:56,933] WARNING: No records found for station Ferreras de Arriba on date 2023-02-17[0m
[33m[2025-04-25 14:41:56,933] WARNING: No records found for station El Sahúco on date 2023-02-17[0m
[33m[2025-04-25 14:41:56,934] WARNING: No records found for station Marratxí on date 2023-02-17[0m
[33m[2025-04-25 14:41:56,935] WARNING: No records found for station Oviedo La Florida on date 2023-02-17[0m
[33m[2025-04-25 14:41:56,936] WARNING: No records found for station Molleda,Corvera de Asturias on date 2023-02-17[0m
[33m[2025-04-25 14:41:56,936] WARNING: No records found for station Cofiñal on date 2023-02-17[0m
[33m[2025-04-25 14:41:56,937] WARNING: No records found for station Gillón, Cangas del Narcea on date 2023-02-17[0m
[33m[2025-04-25 14:41:56,938] WARNING: No records found for station Pico La Llambria on date 2023-02-17[0m
[33m[2025-04-25 14:41:56,939] WARNING: No records found for station Villaestrigo Páramo on date 2023-02-17[0m
[33m[2025-04-25 14:41:56,940] WARNING: No records found for station San Andrés del R. on date 2023-02-17[0m
[33m[2025-04-25 14:41:56,940] WARNING: No records found for station Degaña on date 2023-02-17[0m
[33m[2025-04-25 14:41:56,941] WARNING: No records found for station Robledo de Babia on date 2023-02-17[0m
[33m[2025-04-25 14:41:56,942] WARNING: No records found for station Vega de Baxo-Gijón on date 2023-02-17[0m
[33m[2025-04-25 14:41:56,943] WARNING: No records found for station Istán on date 2023-02-17[0m
[33m[2025-04-25 14:41:56,944] WARNING: No records found for station Lorenzana on date 2023-02-17[0m
[33m[2025-04-25 14:41:56,944] WARNING: No records found for station Sª Oreganal (UGR) on date 2023-02-17[0m
[33m[2025-04-25 14:41:56,945] WARNING: No records found for station Riofrío-La Devesa on date 2023-02-17[0m
[33m[2025-04-25 14:41:56,946] WARNING: No records found for station Abelleira on date 2023-02-17[0m
[33m[2025-04-25 14:41:56,947] WARNING: No records found for station Alozaina on date 2023-02-17[0m
[33m[2025-04-25 14:41:56,948] WARNING: No records found for station Casa Campillero on date 2023-02-17[0m
[33m[2025-04-25 14:41:56,948] WARNING: No records found for station Requejo de la Vega on date 2023-02-17[0m
[33m[2025-04-25 14:41:56,949] WARNING: No records found for station Villanófar on date 2023-02-17[0m
[33m[2025-04-25 14:41:56,950] WARNING: No records found for station Montaos on date 2023-02-17[0m
[33m[2025-04-25 14:41:56,951] WARNING: No records found for station Tolox - Cta. Gallo on date 2023-02-17[0m
[33m[2025-04-25 14:41:56,951] WARNING: No records found for station Rágama on date 2023-02-17[0m
[33m[2025-04-25 14:41:56,952] WARNING: No records found for station Serranillos on date 2023-02-17[0m
[33m[2025-04-25 14:41:56,953] WARNING: No records found for station Sª Palmitera (UGR) on date 2023-02-17[0m
[33m[2025-04-25 14:41:56,954] WARNING: No records found for station La Nava (SªNieves) on date 2023-02-17[0m
[33m[2025-04-25 14:41:56,955] WARNING: No records found for station Coin-San Roman on date 2023-02-17[0m
[33m[2025-04-25 14:41:56,955] WARNING: No records found for station Chert/Xert on date 2023-02-17[0m
[33m[2025-04-25 14:41:56,956] WARNING: No records found for station Navacillo (UGR) on date 2023-02-17[0m
[33m[2025-04-25 14:41:56,957] WARNING: No records found for station Quiruelas Vidriales on date 2023-02-17[0m
[33m[2025-04-25 14:41:56,958] WARNING: No records found for station Coin on date 2023-02-17[0m
[33m[2025-04-25 14:41:56,958] WARNING: No records found for station Ronda on date 2023-02-17[0m
[33m[2025-04-25 14:41:56,959] WARNING: No records found for station Astorga on date 2023-02-17[0m
[33m[2025-04-25 14:41:56,960] WARNING: No records found for station Laguna Marquesado on date 2023-02-17[0m
[33m[2025-04-25 14:41:56,961] WARNING: No records found for station Las Lagunas-Mijas Costa on date 2023-02-17[0m
[33m[2025-04-25 14:41:56,962] WARNING: No records found for station Trobajo del Camino on date 2023-02-17[0m
[33m[2025-04-25 14:41:56,962] WARNING: No records found for station Fuente Sta Cruz on date 2023-02-17[0m
[33m[2025-04-25 14:41:56,963] WARNING: No records found for station Vega de Liordes on date 2023-02-17[0m
[33m[2025-04-25 14:41:56,964] WARNING: No records found for station Logroño Centro on date 2023-02-17[0m
[33m[2025-04-25 14:41:56,965] WARNING: No records found for station Donostia - Ibaeta on date 2023-02-17[0m
[33m[2025-04-25 14:41:56,966] WARNING: No records found for station Isoba on date 2023-02-17[0m
[33m[2025-04-25 14:41:56,967] WARNING: No records found for station Arboreto Valonsadero-Soria on date 2023-02-17[0m
[33m[2025-04-25 14:41:56,969] WARNING: No records found for station Logroño Sur on date 2023-02-17[0m
[33m[2025-04-25 14:41:56,971] WARNING: No records found for station La Peral-Somiedo on date 2023-02-17[0m
[33m[2025-04-25 14:41:56,972] WARNING: No records found for station Sopeña de Curueño on date 2023-02-17[0m
[33m[2025-04-25 14:41:56,972] WARNING: No records found for station Llanes on date 2023-02-17[0m
[33m[2025-04-25 14:41:56,973] WARNING: No records found for station Justel on date 2023-02-17[0m
[33m[2025-04-25 14:41:56,974] WARNING: No records found for station Camarzana de Tera on date 2023-02-17[0m
[33m[2025-04-25 14:41:56,974] WARNING: No records found for station Campamento S Juan on date 2023-02-17[0m
[33m[2025-04-25 14:41:56,975] WARNING: No records found for station Zafrilla on date 2023-02-17[0m
[33m[2025-04-25 14:41:56,975] WARNING: No records found for station Lugueros on date 2023-02-17[0m
[33m[2025-04-25 14:41:56,976] WARNING: No records found for station Burón on date 2023-02-17[0m
[33m[2025-04-25 14:41:56,976] WARNING: No records found for station Veguellina on date 2023-02-17[0m
[33m[2025-04-25 14:41:56,977] WARNING: No records found for station Villaquilambre on date 2023-02-17[0m
[33m[2025-04-25 14:41:56,977] WARNING: No records found for station Islantilla Playa on date 2023-02-17[0m
[33m[2025-04-25 14:41:56,978] WARNING: No records found for station Hoya Mollidar on date 2023-02-17[0m
[33m[2025-04-25 14:41:56,979] WARNING: No records found for station La Veredilla-Aldea on date 2023-02-17[0m
[33m[2025-04-25 14:41:56,979] WARNING: No records found for station Otero las Dueñas on date 2023-02-17[0m
[33m[2025-04-25 14:41:56,980] WARNING: No records found for station Cañá Hermosa on date 2023-02-17[0m
[33m[2025-04-25 14:41:56,982] WARNING: No records found for station Callejo de Ordás on date 2023-02-17[0m
[33m[2025-04-25 14:41:56,983] WARNING: No records found for station La Foz - Casu on date 2023-02-17[0m
[33m[2025-04-25 14:41:56,984] WARNING: No records found for station Pozo Romero on date 2023-02-17[0m
[33m[2025-04-25 14:41:56,985] WARNING: No records found for station Sevilla-S Bernardo on date 2023-02-17[0m
[33m[2025-04-25 14:41:56,986] WARNING: No records found for station Oteros de Boedo on date 2023-02-17[0m
[33m[2025-04-25 14:41:56,987] WARNING: No records found for station Villarrodrigo  Regueras on date 2023-02-17[0m
[33m[2025-04-25 14:41:56,988] WARNING: No records found for station Foncebadón on date 2023-02-17[0m
[33m[2025-04-25 14:41:56,988] WARNING: No records found for station Caldevilla Valdeón on date 2023-02-17[0m
[33m[2025-04-25 14:41:56,989] WARNING: No records found for station San Juan de Torres on date 2023-02-17[0m
[33m[2025-04-25 14:41:56,990] WARNING: No records found for station Sojuela on date 2023-02-17[0m
[33m[2025-04-25 14:41:56,991] WARNING: No records found for station Uztárroz/Uztarroze on date 2023-02-17[0m
[33m[2025-04-25 14:41:56,992] WARNING: No records found for station La Copa-Campo Fútbol on date 2023-02-17[0m
[33m[2025-04-25 14:41:56,992] WARNING: No records found for station Hospitalet-Bellvitge on date 2023-02-17[0m
[33m[2025-04-25 14:41:56,992] WARNING: No records found for station Carbajal de la Legua on date 2023-02-17[0m
[33m[2025-04-25 14:41:56,993] WARNING: No records found for station Casas de Alfaro-Rogativa on date 2023-02-17[0m
[33m[2025-04-25 14:41:56,993] WARNING: No records found for station Begíjar on date 2023-02-17[0m
[33m[2025-04-25 14:41:56,993] WARNING: No records found for station Casas de Don Juan on date 2023-02-17[0m
[33m[2025-04-25 14:41:56,994] WARNING: No records found for station Villayuste on date 2023-02-17[0m
[33m[2025-04-25 14:41:56,994] WARNING: No records found for station Pumalverde on date 2023-02-17[0m
[33m[2025-04-25 14:41:56,994] WARNING: No records found for station San Martín de Grazanes on date 2023-02-17[0m
[33m[2025-04-25 14:41:56,994] WARNING: No records found for station Fozara - Outeiro Fernando  on date 2023-02-17[0m
[33m[2025-04-25 14:41:56,995] WARNING: No records found for station La Bañeza2 on date 2023-02-17[0m
[33m[2025-04-25 14:41:56,995] WARNING: No records found for station El Oso on date 2023-02-17[0m
[33m[2025-04-25 14:41:56,995] WARNING: No records found for station Barrio O Sisto - Dozón on date 2023-02-17[0m
[33m[2025-04-25 14:41:56,996] WARNING: No records found for station Oviedo - Fozaneldi on date 2023-02-17[0m
[33m[2025-04-25 14:41:56,996] WARNING: No records found for station Cascajeras (UGR) on date 2023-02-17[0m
[33m[2025-04-25 14:41:56,996] WARNING: No records found for station AA_WeatherlinkV1 (Gusendos Oteros) on date 2023-02-17[0m
[33m[2025-04-25 14:41:56,997] WARNING: No records found for station Filiel on date 2023-02-17[0m
[33m[2025-04-25 14:41:56,997] WARNING: No records found for station Rute Pampanas on date 2023-02-17[0m
[2025-04-25 14:41:56,997] INFO: Starting processing. Run ID: eadb49e4-9b2a-4c4d-aec9-07fb85bbb6cd[0m
[2025-04-25 14:41:56,997] INFO: Processor done.[0m
[2025-04-25 14:41:56,997] INFO: Database connections closed.[0m
