[2025-04-25 14:41:16,409] INFO: Connecting to database...[0m
[2025-04-25 14:41:16,425] INFO: Connected to database.[0m
[2025-04-25 14:41:16,425] INFO: Dry run enabled.[0m
[2025-04-25 14:41:16,428] INFO: Scheduler initialized.[0m
[2025-04-25 14:41:16,429] INFO: Processing date: 2023-01-11[0m
[2025-04-25 14:41:16,429] INFO: Available timezones: ['Etc/UTC', 'Europe/Madrid', 'Europe/Lisbon'][0m
[33m[2025-04-25 14:41:16,433] WARNING: No records found for station no_data on date 2023-01-11[0m
[33m[2025-04-25 14:41:16,434] WARNING: No records found for station has_data on date 2023-01-11[0m
[33m[2025-04-25 14:41:16,435] WARNING: No records found for station AA_Ecowitt on date 2023-01-11[0m
[33m[2025-04-25 14:41:16,436] WARNING: No records found for station Coín Coto la Corcha on date 2023-01-11[0m
[33m[2025-04-25 14:41:16,437] WARNING: No records found for station Espinosa de la Ribera on date 2023-01-11[0m
[33m[2025-04-25 14:41:16,438] WARNING: No records found for station Collada de Aralla on date 2023-01-11[0m
[33m[2025-04-25 14:41:16,439] WARNING: No records found for station Sotobañado y Priorato on date 2023-01-11[0m
[33m[2025-04-25 14:41:16,440] WARNING: No records found for station Tavernes Valldigna - Sequers on date 2023-01-11[0m
[33m[2025-04-25 14:41:16,440] WARNING: No records found for station Cerezales del Condado on date 2023-01-11[0m
[33m[2025-04-25 14:41:16,441] WARNING: No records found for station Calzadilla de los Barros on date 2023-01-11[0m
[33m[2025-04-25 14:41:16,442] WARNING: No records found for station Villena-La Encina on date 2023-01-11[0m
[33m[2025-04-25 14:41:16,443] WARNING: No records found for station Villena- Cº S Juan on date 2023-01-11[0m
[33m[2025-04-25 14:41:16,444] WARNING: No records found for station Santa Eulalia del Río Negro on date 2023-01-11[0m
[33m[2025-04-25 14:41:16,445] WARNING: No records found for station Villanueva Valrojo on date 2023-01-11[0m
[33m[2025-04-25 14:41:16,446] WARNING: No records found for station Culla D'Arcu on date 2023-01-11[0m
[33m[2025-04-25 14:41:16,448] WARNING: No records found for station Pénjamo - Langreo on date 2023-01-11[0m
[33m[2025-04-25 14:41:16,449] WARNING: No records found for station Piscifactoría Mundova on date 2023-01-11[0m
[33m[2025-04-25 14:41:16,451] WARNING: No records found for station Marabio-Teverga on date 2023-01-11[0m
[33m[2025-04-25 14:41:16,452] WARNING: No records found for station La Copa-Paraje la Monja on date 2023-01-11[0m
[33m[2025-04-25 14:41:16,453] WARNING: No records found for station Macizo de Líbar on date 2023-01-11[0m
[33m[2025-04-25 14:41:16,454] WARNING: No records found for station Caldevilla (Piloña) on date 2023-01-11[0m
[33m[2025-04-25 14:41:16,455] WARNING: No records found for station Cobijón on date 2023-01-11[0m
[33m[2025-04-25 14:41:16,457] WARNING: No records found for station Donostia Amara B. on date 2023-01-11[0m
[33m[2025-04-25 14:41:16,459] WARNING: No records found for station Villaceid on date 2023-01-11[0m
[33m[2025-04-25 14:41:16,460] WARNING: No records found for station Otero de Bodas on date 2023-01-11[0m
[33m[2025-04-25 14:41:16,461] WARNING: No records found for station Senra on date 2023-01-11[0m
[33m[2025-04-25 14:41:16,462] WARNING: No records found for station Villardeciervos  on date 2023-01-11[0m
[33m[2025-04-25 14:41:16,464] WARNING: No records found for station AA_Meteoclimatic (El Entrego) on date 2023-01-11[0m
[33m[2025-04-25 14:41:16,465] WARNING: No records found for station Molinaferrera on date 2023-01-11[0m
[33m[2025-04-25 14:41:16,466] WARNING: No records found for station M. de las Ánimas on date 2023-01-11[0m
[33m[2025-04-25 14:41:16,466] WARNING: No records found for station R. de Beniscornia on date 2023-01-11[0m
[33m[2025-04-25 14:41:16,467] WARNING: No records found for station Villamanín on date 2023-01-11[0m
[33m[2025-04-25 14:41:16,468] WARNING: No records found for station Sta. Mª Trassierra on date 2023-01-11[0m
[33m[2025-04-25 14:41:16,470] WARNING: No records found for station La Matea on date 2023-01-11[0m
[33m[2025-04-25 14:41:16,471] WARNING: No records found for station Cumbre de Pontones on date 2023-01-11[0m
[33m[2025-04-25 14:41:16,471] WARNING: No records found for station Cubillas de Arbas on date 2023-01-11[0m
[33m[2025-04-25 14:41:16,472] WARNING: No records found for station Prado Veneiro-Babia on date 2023-01-11[0m
[33m[2025-04-25 14:41:16,472] WARNING: No records found for station Riopar on date 2023-01-11[0m
[33m[2025-04-25 14:41:16,472] WARNING: No records found for station Cabreros del Río on date 2023-01-11[0m
[33m[2025-04-25 14:41:16,473] WARNING: No records found for station Olea de Boedo on date 2023-01-11[0m
[33m[2025-04-25 14:41:16,473] WARNING: No records found for station Garòs-Naut Aran on date 2023-01-11[0m
[33m[2025-04-25 14:41:16,473] WARNING: No records found for station Nava de Arriba on date 2023-01-11[0m
[33m[2025-04-25 14:41:16,474] WARNING: No records found for station Puerto Alto on date 2023-01-11[0m
[33m[2025-04-25 14:41:16,474] WARNING: No records found for station IES Juan Enzina on date 2023-01-11[0m
[33m[2025-04-25 14:41:16,475] WARNING: No records found for station Caborana on date 2023-01-11[0m
[33m[2025-04-25 14:41:16,475] WARNING: No records found for station Estación de Cabra on date 2023-01-11[0m
[33m[2025-04-25 14:41:16,475] WARNING: No records found for station Radio León on date 2023-01-11[0m
[33m[2025-04-25 14:41:16,476] WARNING: No records found for station Blimea - La Venta on date 2023-01-11[0m
[33m[2025-04-25 14:41:16,476] WARNING: No records found for station Cortijo de Tortas on date 2023-01-11[0m
[33m[2025-04-25 14:41:16,477] WARNING: No records found for station La Balsa Alta on date 2023-01-11[0m
[33m[2025-04-25 14:41:16,478] WARNING: No records found for station Xinzo de Limia on date 2023-01-11[0m
[33m[2025-04-25 14:41:16,480] WARNING: No records found for station AA_Wunderground (San Emiliano (Allande)) on date 2023-01-11[0m
[33m[2025-04-25 14:41:16,481] WARNING: No records found for station Fuentes de Ropel on date 2023-01-11[0m
[33m[2025-04-25 14:41:16,482] WARNING: No records found for station Batán del Puerto on date 2023-01-11[0m
[33m[2025-04-25 14:41:16,483] WARNING: No records found for station Mollet del Vallès Besós on date 2023-01-11[0m
[33m[2025-04-25 14:41:16,485] WARNING: No records found for station Fuente la Sabina on date 2023-01-11[0m
[33m[2025-04-25 14:41:16,486] WARNING: No records found for station Córdoba on date 2023-01-11[0m
[33m[2025-04-25 14:41:16,487] WARNING: No records found for station Vega de Orce on date 2023-01-11[0m
[33m[2025-04-25 14:41:16,488] WARNING: No records found for station Orce on date 2023-01-11[0m
[33m[2025-04-25 14:41:16,489] WARNING: No records found for station Puebla D Fadrique on date 2023-01-11[0m
[33m[2025-04-25 14:41:16,490] WARNING: No records found for station Villazala on date 2023-01-11[0m
[33m[2025-04-25 14:41:16,490] WARNING: No records found for station Arenillas S Pelayo on date 2023-01-11[0m
[33m[2025-04-25 14:41:16,491] WARNING: No records found for station Córdoba Poniente on date 2023-01-11[0m
[33m[2025-04-25 14:41:16,492] WARNING: No records found for station Ferreras de Arriba on date 2023-01-11[0m
[33m[2025-04-25 14:41:16,493] WARNING: No records found for station El Sahúco on date 2023-01-11[0m
[33m[2025-04-25 14:41:16,494] WARNING: No records found for station Marratxí on date 2023-01-11[0m
[33m[2025-04-25 14:41:16,495] WARNING: No records found for station Oviedo La Florida on date 2023-01-11[0m
[33m[2025-04-25 14:41:16,496] WARNING: No records found for station Molleda,Corvera de Asturias on date 2023-01-11[0m
[33m[2025-04-25 14:41:16,497] WARNING: No records found for station Cofiñal on date 2023-01-11[0m
[33m[2025-04-25 14:41:16,497] WARNING: No records found for station Gillón, Cangas del Narcea on date 2023-01-11[0m
[33m[2025-04-25 14:41:16,498] WARNING: No records found for station Pico La Llambria on date 2023-01-11[0m
[33m[2025-04-25 14:41:16,499] WARNING: No records found for station Villaestrigo Páramo on date 2023-01-11[0m
[33m[2025-04-25 14:41:16,500] WARNING: No records found for station San Andrés del R. on date 2023-01-11[0m
[33m[2025-04-25 14:41:16,501] WARNING: No records found for station Degaña on date 2023-01-11[0m
[33m[2025-04-25 14:41:16,502] WARNING: No records found for station Robledo de Babia on date 2023-01-11[0m
[33m[2025-04-25 14:41:16,503] WARNING: No records found for station Vega de Baxo-Gijón on date 2023-01-11[0m
[33m[2025-04-25 14:41:16,504] WARNING: No records found for station Istán on date 2023-01-11[0m
[33m[2025-04-25 14:41:16,505] WARNING: No records found for station Lorenzana on date 2023-01-11[0m
[33m[2025-04-25 14:41:16,506] WARNING: No records found for station Sª Oreganal (UGR) on date 2023-01-11[0m
[33m[2025-04-25 14:41:16,508] WARNING: No records found for station Riofrío-La Devesa on date 2023-01-11[0m
[33m[2025-04-25 14:41:16,509] WARNING: No records found for station Abelleira on date 2023-01-11[0m
[33m[2025-04-25 14:41:16,511] WARNING: No records found for station Alozaina on date 2023-01-11[0m
[33m[2025-04-25 14:41:16,513] WARNING: No records found for station Casa Campillero on date 2023-01-11[0m
[33m[2025-04-25 14:41:16,514] WARNING: No records found for station Requejo de la Vega on date 2023-01-11[0m
[33m[2025-04-25 14:41:16,515] WARNING: No records found for station Villanófar on date 2023-01-11[0m
[33m[2025-04-25 14:41:16,516] WARNING: No records found for station Montaos on date 2023-01-11[0m
[33m[2025-04-25 14:41:16,518] WARNING: No records found for station Tolox - Cta. Gallo on date 2023-01-11[0m
[33m[2025-04-25 14:41:16,518] WARNING: No records found for station Rágama on date 2023-01-11[0m
[33m[2025-04-25 14:41:16,519] WARNING: No records found for station Serranillos on date 2023-01-11[0m
[33m[2025-04-25 14:41:16,520] WARNING: No records found for station Sª Palmitera (UGR) on date 2023-01-11[0m
[33m[2025-04-25 14:41:16,521] WARNING: No records found for station La Nava (SªNieves) on date 2023-01-11[0m
[33m[2025-04-25 14:41:16,522] WARNING: No records found for station Coin-San Roman on date 2023-01-11[0m
[33m[2025-04-25 14:41:16,523] WARNING: No records found for station Chert/Xert on date 2023-01-11[0m
[33m[2025-04-25 14:41:16,523] WARNING: No records found for station Navacillo (UGR) on date 2023-01-11[0m
[33m[2025-04-25 14:41:16,524] WARNING: No records found for station Quiruelas Vidriales on date 2023-01-11[0m
[33m[2025-04-25 14:41:16,525] WARNING: No records found for station Coin on date 2023-01-11[0m
[33m[2025-04-25 14:41:16,526] WARNING: No records found for station Ronda on date 2023-01-11[0m
[33m[2025-04-25 14:41:16,527] WARNING: No records found for station Astorga on date 2023-01-11[0m
[33m[2025-04-25 14:41:16,528] WARNING: No records found for station Laguna Marquesado on date 2023-01-11[0m
[33m[2025-04-25 14:41:16,528] WARNING: No records found for station Las Lagunas-Mijas Costa on date 2023-01-11[0m
[33m[2025-04-25 14:41:16,529] WARNING: No records found for station Trobajo del Camino on date 2023-01-11[0m
[33m[2025-04-25 14:41:16,530] WARNING: No records found for station Fuente Sta Cruz on date 2023-01-11[0m
[33m[2025-04-25 14:41:16,531] WARNING: No records found for station Vega de Liordes on date 2023-01-11[0m
[33m[2025-04-25 14:41:16,532] WARNING: No records found for station Logroño Centro on date 2023-01-11[0m
[33m[2025-04-25 14:41:16,533] WARNING: No records found for station Donostia - Ibaeta on date 2023-01-11[0m
[33m[2025-04-25 14:41:16,534] WARNING: No records found for station Isoba on date 2023-01-11[0m
[33m[2025-04-25 14:41:16,534] WARNING: No records found for station Arboreto Valonsadero-Soria on date 2023-01-11[0m
[33m[2025-04-25 14:41:16,535] WARNING: No records found for station Logroño Sur on date 2023-01-11[0m
[33m[2025-04-25 14:41:16,535] WARNING: No records found for station La Peral-Somiedo on date 2023-01-11[0m
[33m[2025-04-25 14:41:16,535] WARNING: No records found for station Sopeña de Curueño on date 2023-01-11[0m
[33m[2025-04-25 14:41:16,536] WARNING: No records found for station Llanes on date 2023-01-11[0m
[33m[2025-04-25 14:41:16,536] WARNING: No records found for station Justel on date 2023-01-11[0m
[33m[2025-04-25 14:41:16,536] WARNING: No records found for station Camarzana de Tera on date 2023-01-11[0m
[33m[2025-04-25 14:41:16,537] WARNING: No records found for station Campamento S Juan on date 2023-01-11[0m
[33m[2025-04-25 14:41:16,537] WARNING: No records found for station Zafrilla on date 2023-01-11[0m
[33m[2025-04-25 14:41:16,537] WARNING: No records found for station Lugueros on date 2023-01-11[0m
[33m[2025-04-25 14:41:16,538] WARNING: No records found for station Burón on date 2023-01-11[0m
[33m[2025-04-25 14:41:16,538] WARNING: No records found for station Veguellina on date 2023-01-11[0m
[33m[2025-04-25 14:41:16,538] WARNING: No records found for station Villaquilambre on date 2023-01-11[0m
[33m[2025-04-25 14:41:16,538] WARNING: No records found for station Islantilla Playa on date 2023-01-11[0m
[33m[2025-04-25 14:41:16,539] WARNING: No records found for station Hoya Mollidar on date 2023-01-11[0m
[33m[2025-04-25 14:41:16,539] WARNING: No records found for station La Veredilla-Aldea on date 2023-01-11[0m
[33m[2025-04-25 14:41:16,540] WARNING: No records found for station Otero las Dueñas on date 2023-01-11[0m
[33m[2025-04-25 14:41:16,541] WARNING: No records found for station Cañá Hermosa on date 2023-01-11[0m
[33m[2025-04-25 14:41:16,541] WARNING: No records found for station Callejo de Ordás on date 2023-01-11[0m
[33m[2025-04-25 14:41:16,541] WARNING: No records found for station La Foz - Casu on date 2023-01-11[0m
[33m[2025-04-25 14:41:16,542] WARNING: No records found for station Pozo Romero on date 2023-01-11[0m
[33m[2025-04-25 14:41:16,542] WARNING: No records found for station Sevilla-S Bernardo on date 2023-01-11[0m
[33m[2025-04-25 14:41:16,542] WARNING: No records found for station Oteros de Boedo on date 2023-01-11[0m
[33m[2025-04-25 14:41:16,543] WARNING: No records found for station Villarrodrigo  Regueras on date 2023-01-11[0m
[33m[2025-04-25 14:41:16,543] WARNING: No records found for station Foncebadón on date 2023-01-11[0m
[33m[2025-04-25 14:41:16,543] WARNING: No records found for station Caldevilla Valdeón on date 2023-01-11[0m
[33m[2025-04-25 14:41:16,544] WARNING: No records found for station San Juan de Torres on date 2023-01-11[0m
[33m[2025-04-25 14:41:16,544] WARNING: No records found for station Sojuela on date 2023-01-11[0m
[33m[2025-04-25 14:41:16,544] WARNING: No records found for station Uztárroz/Uztarroze on date 2023-01-11[0m
[33m[2025-04-25 14:41:16,545] WARNING: No records found for station La Copa-Campo Fútbol on date 2023-01-11[0m
[33m[2025-04-25 14:41:16,545] WARNING: No records found for station Hospitalet-Bellvitge on date 2023-01-11[0m
[33m[2025-04-25 14:41:16,545] WARNING: No records found for station Carbajal de la Legua on date 2023-01-11[0m
[33m[2025-04-25 14:41:16,546] WARNING: No records found for station Casas de Alfaro-Rogativa on date 2023-01-11[0m
[33m[2025-04-25 14:41:16,546] WARNING: No records found for station Begíjar on date 2023-01-11[0m
[33m[2025-04-25 14:41:16,547] WARNING: No records found for station Casas de Don Juan on date 2023-01-11[0m
[33m[2025-04-25 14:41:16,547] WARNING: No records found for station Villayuste on date 2023-01-11[0m
[33m[2025-04-25 14:41:16,548] WARNING: No records found for station Pumalverde on date 2023-01-11[0m
[33m[2025-04-25 14:41:16,548] WARNING: No records found for station San Martín de Grazanes on date 2023-01-11[0m
[33m[2025-04-25 14:41:16,549] WARNING: No records found for station Fozara - Outeiro Fernando  on date 2023-01-11[0m
[33m[2025-04-25 14:41:16,549] WARNING: No records found for station La Bañeza2 on date 2023-01-11[0m
[33m[2025-04-25 14:41:16,549] WARNING: No records found for station El Oso on date 2023-01-11[0m
[33m[2025-04-25 14:41:16,550] WARNING: No records found for station Barrio O Sisto - Dozón on date 2023-01-11[0m
[33m[2025-04-25 14:41:16,550] WARNING: No records found for station Oviedo - Fozaneldi on date 2023-01-11[0m
[33m[2025-04-25 14:41:16,551] WARNING: No records found for station Cascajeras (UGR) on date 2023-01-11[0m
[33m[2025-04-25 14:41:16,551] WARNING: No records found for station AA_WeatherlinkV1 (Gusendos Oteros) on date 2023-01-11[0m
[33m[2025-04-25 14:41:16,552] WARNING: No records found for station Filiel on date 2023-01-11[0m
[33m[2025-04-25 14:41:16,552] WARNING: No records found for station Rute Pampanas on date 2023-01-11[0m
[2025-04-25 14:41:16,552] INFO: Starting processing. Run ID: 6daa81ca-1a77-4e03-b2fa-280f637b6088[0m
[2025-04-25 14:41:16,552] INFO: Processor done.[0m
[2025-04-25 14:41:16,552] INFO: Database connections closed.[0m
