[2025-04-25 14:41:06,768] INFO: Connecting to database...[0m
[2025-04-25 14:41:06,784] INFO: Connected to database.[0m
[2025-04-25 14:41:06,784] INFO: Dry run enabled.[0m
[2025-04-25 14:41:06,787] INFO: Scheduler initialized.[0m
[2025-04-25 14:41:06,787] INFO: Processing date: 2023-01-02[0m
[2025-04-25 14:41:06,788] INFO: Available timezones: ['Etc/UTC', 'Europe/Madrid', 'Europe/Lisbon'][0m
[33m[2025-04-25 14:41:06,792] WARNING: No records found for station no_data on date 2023-01-02[0m
[33m[2025-04-25 14:41:06,793] WARNING: No records found for station has_data on date 2023-01-02[0m
[33m[2025-04-25 14:41:06,794] WARNING: No records found for station AA_Ecowitt on date 2023-01-02[0m
[33m[2025-04-25 14:41:06,795] WARNING: No records found for station Coín Coto la Corcha on date 2023-01-02[0m
[33m[2025-04-25 14:41:06,795] WARNING: No records found for station Espinosa de la Ribera on date 2023-01-02[0m
[33m[2025-04-25 14:41:06,796] WARNING: No records found for station Collada de Aralla on date 2023-01-02[0m
[33m[2025-04-25 14:41:06,797] WARNING: No records found for station Sotobañado y Priorato on date 2023-01-02[0m
[33m[2025-04-25 14:41:06,798] WARNING: No records found for station Tavernes Valldigna - Sequers on date 2023-01-02[0m
[33m[2025-04-25 14:41:06,799] WARNING: No records found for station Cerezales del Condado on date 2023-01-02[0m
[33m[2025-04-25 14:41:06,799] WARNING: No records found for station Calzadilla de los Barros on date 2023-01-02[0m
[33m[2025-04-25 14:41:06,800] WARNING: No records found for station Villena-La Encina on date 2023-01-02[0m
[33m[2025-04-25 14:41:06,801] WARNING: No records found for station Villena- Cº S Juan on date 2023-01-02[0m
[33m[2025-04-25 14:41:06,802] WARNING: No records found for station Santa Eulalia del Río Negro on date 2023-01-02[0m
[33m[2025-04-25 14:41:06,803] WARNING: No records found for station Villanueva Valrojo on date 2023-01-02[0m
[33m[2025-04-25 14:41:06,804] WARNING: No records found for station Culla D'Arcu on date 2023-01-02[0m
[33m[2025-04-25 14:41:06,804] WARNING: No records found for station Pénjamo - Langreo on date 2023-01-02[0m
[33m[2025-04-25 14:41:06,805] WARNING: No records found for station Piscifactoría Mundova on date 2023-01-02[0m
[33m[2025-04-25 14:41:06,806] WARNING: No records found for station Marabio-Teverga on date 2023-01-02[0m
[33m[2025-04-25 14:41:06,807] WARNING: No records found for station La Copa-Paraje la Monja on date 2023-01-02[0m
[33m[2025-04-25 14:41:06,808] WARNING: No records found for station Macizo de Líbar on date 2023-01-02[0m
[33m[2025-04-25 14:41:06,809] WARNING: No records found for station Caldevilla (Piloña) on date 2023-01-02[0m
[33m[2025-04-25 14:41:06,809] WARNING: No records found for station Cobijón on date 2023-01-02[0m
[33m[2025-04-25 14:41:06,810] WARNING: No records found for station Donostia Amara B. on date 2023-01-02[0m
[33m[2025-04-25 14:41:06,811] WARNING: No records found for station Villaceid on date 2023-01-02[0m
[33m[2025-04-25 14:41:06,812] WARNING: No records found for station Otero de Bodas on date 2023-01-02[0m
[33m[2025-04-25 14:41:06,813] WARNING: No records found for station Senra on date 2023-01-02[0m
[33m[2025-04-25 14:41:06,814] WARNING: No records found for station Villardeciervos  on date 2023-01-02[0m
[33m[2025-04-25 14:41:06,814] WARNING: No records found for station AA_Meteoclimatic (El Entrego) on date 2023-01-02[0m
[33m[2025-04-25 14:41:06,815] WARNING: No records found for station Molinaferrera on date 2023-01-02[0m
[33m[2025-04-25 14:41:06,816] WARNING: No records found for station M. de las Ánimas on date 2023-01-02[0m
[33m[2025-04-25 14:41:06,817] WARNING: No records found for station R. de Beniscornia on date 2023-01-02[0m
[33m[2025-04-25 14:41:06,817] WARNING: No records found for station Villamanín on date 2023-01-02[0m
[33m[2025-04-25 14:41:06,818] WARNING: No records found for station Sta. Mª Trassierra on date 2023-01-02[0m
[33m[2025-04-25 14:41:06,819] WARNING: No records found for station La Matea on date 2023-01-02[0m
[33m[2025-04-25 14:41:06,820] WARNING: No records found for station Cumbre de Pontones on date 2023-01-02[0m
[33m[2025-04-25 14:41:06,820] WARNING: No records found for station Cubillas de Arbas on date 2023-01-02[0m
[33m[2025-04-25 14:41:06,821] WARNING: No records found for station Prado Veneiro-Babia on date 2023-01-02[0m
[33m[2025-04-25 14:41:06,822] WARNING: No records found for station Riopar on date 2023-01-02[0m
[33m[2025-04-25 14:41:06,822] WARNING: No records found for station Cabreros del Río on date 2023-01-02[0m
[33m[2025-04-25 14:41:06,823] WARNING: No records found for station Olea de Boedo on date 2023-01-02[0m
[33m[2025-04-25 14:41:06,824] WARNING: No records found for station Garòs-Naut Aran on date 2023-01-02[0m
[33m[2025-04-25 14:41:06,825] WARNING: No records found for station Nava de Arriba on date 2023-01-02[0m
[33m[2025-04-25 14:41:06,825] WARNING: No records found for station Puerto Alto on date 2023-01-02[0m
[33m[2025-04-25 14:41:06,826] WARNING: No records found for station IES Juan Enzina on date 2023-01-02[0m
[33m[2025-04-25 14:41:06,827] WARNING: No records found for station Caborana on date 2023-01-02[0m
[33m[2025-04-25 14:41:06,827] WARNING: No records found for station Estación de Cabra on date 2023-01-02[0m
[33m[2025-04-25 14:41:06,828] WARNING: No records found for station Radio León on date 2023-01-02[0m
[33m[2025-04-25 14:41:06,829] WARNING: No records found for station Blimea - La Venta on date 2023-01-02[0m
[33m[2025-04-25 14:41:06,830] WARNING: No records found for station Cortijo de Tortas on date 2023-01-02[0m
[33m[2025-04-25 14:41:06,830] WARNING: No records found for station La Balsa Alta on date 2023-01-02[0m
[33m[2025-04-25 14:41:06,831] WARNING: No records found for station Xinzo de Limia on date 2023-01-02[0m
[33m[2025-04-25 14:41:06,832] WARNING: No records found for station AA_Wunderground (San Emiliano (Allande)) on date 2023-01-02[0m
[33m[2025-04-25 14:41:06,832] WARNING: No records found for station Fuentes de Ropel on date 2023-01-02[0m
[33m[2025-04-25 14:41:06,833] WARNING: No records found for station Batán del Puerto on date 2023-01-02[0m
[33m[2025-04-25 14:41:06,834] WARNING: No records found for station Mollet del Vallès Besós on date 2023-01-02[0m
[33m[2025-04-25 14:41:06,834] WARNING: No records found for station Fuente la Sabina on date 2023-01-02[0m
[33m[2025-04-25 14:41:06,835] WARNING: No records found for station Córdoba on date 2023-01-02[0m
[33m[2025-04-25 14:41:06,836] WARNING: No records found for station Vega de Orce on date 2023-01-02[0m
[33m[2025-04-25 14:41:06,837] WARNING: No records found for station Orce on date 2023-01-02[0m
[33m[2025-04-25 14:41:06,837] WARNING: No records found for station Puebla D Fadrique on date 2023-01-02[0m
[33m[2025-04-25 14:41:06,838] WARNING: No records found for station Villazala on date 2023-01-02[0m
[33m[2025-04-25 14:41:06,839] WARNING: No records found for station Arenillas S Pelayo on date 2023-01-02[0m
[33m[2025-04-25 14:41:06,839] WARNING: No records found for station Córdoba Poniente on date 2023-01-02[0m
[33m[2025-04-25 14:41:06,840] WARNING: No records found for station Ferreras de Arriba on date 2023-01-02[0m
[33m[2025-04-25 14:41:06,841] WARNING: No records found for station El Sahúco on date 2023-01-02[0m
[33m[2025-04-25 14:41:06,841] WARNING: No records found for station Marratxí on date 2023-01-02[0m
[33m[2025-04-25 14:41:06,842] WARNING: No records found for station Oviedo La Florida on date 2023-01-02[0m
[33m[2025-04-25 14:41:06,843] WARNING: No records found for station Molleda,Corvera de Asturias on date 2023-01-02[0m
[33m[2025-04-25 14:41:06,843] WARNING: No records found for station Cofiñal on date 2023-01-02[0m
[33m[2025-04-25 14:41:06,844] WARNING: No records found for station Gillón, Cangas del Narcea on date 2023-01-02[0m
[33m[2025-04-25 14:41:06,845] WARNING: No records found for station Pico La Llambria on date 2023-01-02[0m
[33m[2025-04-25 14:41:06,846] WARNING: No records found for station Villaestrigo Páramo on date 2023-01-02[0m
[33m[2025-04-25 14:41:06,846] WARNING: No records found for station San Andrés del R. on date 2023-01-02[0m
[33m[2025-04-25 14:41:06,847] WARNING: No records found for station Degaña on date 2023-01-02[0m
[33m[2025-04-25 14:41:06,848] WARNING: No records found for station Robledo de Babia on date 2023-01-02[0m
[33m[2025-04-25 14:41:06,849] WARNING: No records found for station Vega de Baxo-Gijón on date 2023-01-02[0m
[33m[2025-04-25 14:41:06,850] WARNING: No records found for station Istán on date 2023-01-02[0m
[33m[2025-04-25 14:41:06,850] WARNING: No records found for station Lorenzana on date 2023-01-02[0m
[33m[2025-04-25 14:41:06,851] WARNING: No records found for station Sª Oreganal (UGR) on date 2023-01-02[0m
[33m[2025-04-25 14:41:06,852] WARNING: No records found for station Riofrío-La Devesa on date 2023-01-02[0m
[33m[2025-04-25 14:41:06,853] WARNING: No records found for station Abelleira on date 2023-01-02[0m
[33m[2025-04-25 14:41:06,854] WARNING: No records found for station Alozaina on date 2023-01-02[0m
[33m[2025-04-25 14:41:06,854] WARNING: No records found for station Casa Campillero on date 2023-01-02[0m
[33m[2025-04-25 14:41:06,855] WARNING: No records found for station Requejo de la Vega on date 2023-01-02[0m
[33m[2025-04-25 14:41:06,856] WARNING: No records found for station Villanófar on date 2023-01-02[0m
[33m[2025-04-25 14:41:06,857] WARNING: No records found for station Montaos on date 2023-01-02[0m
[33m[2025-04-25 14:41:06,858] WARNING: No records found for station Tolox - Cta. Gallo on date 2023-01-02[0m
[33m[2025-04-25 14:41:06,858] WARNING: No records found for station Rágama on date 2023-01-02[0m
[33m[2025-04-25 14:41:06,859] WARNING: No records found for station Serranillos on date 2023-01-02[0m
[33m[2025-04-25 14:41:06,860] WARNING: No records found for station Sª Palmitera (UGR) on date 2023-01-02[0m
[33m[2025-04-25 14:41:06,861] WARNING: No records found for station La Nava (SªNieves) on date 2023-01-02[0m
[33m[2025-04-25 14:41:06,862] WARNING: No records found for station Coin-San Roman on date 2023-01-02[0m
[33m[2025-04-25 14:41:06,863] WARNING: No records found for station Chert/Xert on date 2023-01-02[0m
[33m[2025-04-25 14:41:06,863] WARNING: No records found for station Navacillo (UGR) on date 2023-01-02[0m
[33m[2025-04-25 14:41:06,863] WARNING: No records found for station Quiruelas Vidriales on date 2023-01-02[0m
[33m[2025-04-25 14:41:06,864] WARNING: No records found for station Coin on date 2023-01-02[0m
[33m[2025-04-25 14:41:06,864] WARNING: No records found for station Ronda on date 2023-01-02[0m
[33m[2025-04-25 14:41:06,865] WARNING: No records found for station Astorga on date 2023-01-02[0m
[33m[2025-04-25 14:41:06,865] WARNING: No records found for station Laguna Marquesado on date 2023-01-02[0m
[33m[2025-04-25 14:41:06,866] WARNING: No records found for station Las Lagunas-Mijas Costa on date 2023-01-02[0m
[33m[2025-04-25 14:41:06,866] WARNING: No records found for station Trobajo del Camino on date 2023-01-02[0m
[33m[2025-04-25 14:41:06,866] WARNING: No records found for station Fuente Sta Cruz on date 2023-01-02[0m
[33m[2025-04-25 14:41:06,867] WARNING: No records found for station Vega de Liordes on date 2023-01-02[0m
[33m[2025-04-25 14:41:06,867] WARNING: No records found for station Logroño Centro on date 2023-01-02[0m
[33m[2025-04-25 14:41:06,867] WARNING: No records found for station Donostia - Ibaeta on date 2023-01-02[0m
[33m[2025-04-25 14:41:06,868] WARNING: No records found for station Isoba on date 2023-01-02[0m
[33m[2025-04-25 14:41:06,868] WARNING: No records found for station Arboreto Valonsadero-Soria on date 2023-01-02[0m
[33m[2025-04-25 14:41:06,869] WARNING: No records found for station Logroño Sur on date 2023-01-02[0m
[33m[2025-04-25 14:41:06,869] WARNING: No records found for station La Peral-Somiedo on date 2023-01-02[0m
[33m[2025-04-25 14:41:06,869] WARNING: No records found for station Sopeña de Curueño on date 2023-01-02[0m
[33m[2025-04-25 14:41:06,870] WARNING: No records found for station Llanes on date 2023-01-02[0m
[33m[2025-04-25 14:41:06,870] WARNING: No records found for station Justel on date 2023-01-02[0m
[33m[2025-04-25 14:41:06,870] WARNING: No records found for station Camarzana de Tera on date 2023-01-02[0m
[33m[2025-04-25 14:41:06,871] WARNING: No records found for station Campamento S Juan on date 2023-01-02[0m
[33m[2025-04-25 14:41:06,871] WARNING: No records found for station Zafrilla on date 2023-01-02[0m
[33m[2025-04-25 14:41:06,872] WARNING: No records found for station Lugueros on date 2023-01-02[0m
[33m[2025-04-25 14:41:06,872] WARNING: No records found for station Burón on date 2023-01-02[0m
[33m[2025-04-25 14:41:06,872] WARNING: No records found for station Veguellina on date 2023-01-02[0m
[33m[2025-04-25 14:41:06,873] WARNING: No records found for station Villaquilambre on date 2023-01-02[0m
[33m[2025-04-25 14:41:06,873] WARNING: No records found for station Islantilla Playa on date 2023-01-02[0m
[33m[2025-04-25 14:41:06,873] WARNING: No records found for station Hoya Mollidar on date 2023-01-02[0m
[33m[2025-04-25 14:41:06,874] WARNING: No records found for station La Veredilla-Aldea on date 2023-01-02[0m
[33m[2025-04-25 14:41:06,874] WARNING: No records found for station Otero las Dueñas on date 2023-01-02[0m
[33m[2025-04-25 14:41:06,874] WARNING: No records found for station Cañá Hermosa on date 2023-01-02[0m
[33m[2025-04-25 14:41:06,875] WARNING: No records found for station Callejo de Ordás on date 2023-01-02[0m
[33m[2025-04-25 14:41:06,875] WARNING: No records found for station La Foz - Casu on date 2023-01-02[0m
[33m[2025-04-25 14:41:06,876] WARNING: No records found for station Pozo Romero on date 2023-01-02[0m
[33m[2025-04-25 14:41:06,876] WARNING: No records found for station Sevilla-S Bernardo on date 2023-01-02[0m
[33m[2025-04-25 14:41:06,876] WARNING: No records found for station Oteros de Boedo on date 2023-01-02[0m
[33m[2025-04-25 14:41:06,877] WARNING: No records found for station Villarrodrigo  Regueras on date 2023-01-02[0m
[33m[2025-04-25 14:41:06,877] WARNING: No records found for station Foncebadón on date 2023-01-02[0m
[33m[2025-04-25 14:41:06,878] WARNING: No records found for station Caldevilla Valdeón on date 2023-01-02[0m
[33m[2025-04-25 14:41:06,878] WARNING: No records found for station San Juan de Torres on date 2023-01-02[0m
[33m[2025-04-25 14:41:06,878] WARNING: No records found for station Sojuela on date 2023-01-02[0m
[33m[2025-04-25 14:41:06,879] WARNING: No records found for station Uztárroz/Uztarroze on date 2023-01-02[0m
[33m[2025-04-25 14:41:06,879] WARNING: No records found for station La Copa-Campo Fútbol on date 2023-01-02[0m
[33m[2025-04-25 14:41:06,879] WARNING: No records found for station Hospitalet-Bellvitge on date 2023-01-02[0m
[33m[2025-04-25 14:41:06,880] WARNING: No records found for station Carbajal de la Legua on date 2023-01-02[0m
[33m[2025-04-25 14:41:06,880] WARNING: No records found for station Casas de Alfaro-Rogativa on date 2023-01-02[0m
[33m[2025-04-25 14:41:06,880] WARNING: No records found for station Begíjar on date 2023-01-02[0m
[33m[2025-04-25 14:41:06,881] WARNING: No records found for station Casas de Don Juan on date 2023-01-02[0m
[33m[2025-04-25 14:41:06,881] WARNING: No records found for station Villayuste on date 2023-01-02[0m
[33m[2025-04-25 14:41:06,882] WARNING: No records found for station Pumalverde on date 2023-01-02[0m
[33m[2025-04-25 14:41:06,882] WARNING: No records found for station San Martín de Grazanes on date 2023-01-02[0m
[33m[2025-04-25 14:41:06,882] WARNING: No records found for station Fozara - Outeiro Fernando  on date 2023-01-02[0m
[33m[2025-04-25 14:41:06,883] WARNING: No records found for station La Bañeza2 on date 2023-01-02[0m
[33m[2025-04-25 14:41:06,883] WARNING: No records found for station El Oso on date 2023-01-02[0m
[33m[2025-04-25 14:41:06,883] WARNING: No records found for station Barrio O Sisto - Dozón on date 2023-01-02[0m
[33m[2025-04-25 14:41:06,884] WARNING: No records found for station Oviedo - Fozaneldi on date 2023-01-02[0m
[33m[2025-04-25 14:41:06,884] WARNING: No records found for station Cascajeras (UGR) on date 2023-01-02[0m
[33m[2025-04-25 14:41:06,885] WARNING: No records found for station AA_WeatherlinkV1 (Gusendos Oteros) on date 2023-01-02[0m
[33m[2025-04-25 14:41:06,885] WARNING: No records found for station Filiel on date 2023-01-02[0m
[33m[2025-04-25 14:41:06,885] WARNING: No records found for station Rute Pampanas on date 2023-01-02[0m
[2025-04-25 14:41:06,885] INFO: Starting processing. Run ID: a6f470bd-336a-4153-808f-e579977f04c8[0m
[2025-04-25 14:41:06,885] INFO: Processor done.[0m
[2025-04-25 14:41:06,885] INFO: Database connections closed.[0m
